#
# A fatal error has been detected by the Java Runtime Environment:
#
#  SIGSEGV (0xb) at pc=0x00007fb629b91fcd, pid=11246, tid=11246
#
# JRE version: OpenJDK Runtime Environment (11.0.11+9) (build 11.0.11+9-Ubuntu-0ubuntu2.20.04)
# Java VM: OpenJDK 64-Bit Server VM (11.0.11+9-Ubuntu-0ubuntu2.20.04, mixed mode, sharing, tiered, compressed oops, g1 gc, linux-amd64)
# Problematic frame:
# V  [libjvm.so+0xbd0fcd]
#
# Core dump will be written. Default location: Core dumps may be processed with "/usr/share/apport/apport %p %s %c %d %P %E" (or dumping to /home/nets212/git/G16/news/core.11246)
#
# If you would like to submit a bug report, please visit:
#   https://bugs.launchpad.net/ubuntu/+source/openjdk-lts
#

---------------  S U M M A R Y ------------

Command Line: -Dclassworlds.conf=/usr/share/maven/bin/m2.conf -Dmaven.home=/usr/share/maven -Dlibrary.jansi.path=/usr/share/maven/lib/jansi-native -Dmaven.multiModuleProjectDirectory=/home/nets212/git/G16/news org.codehaus.plexus.classworlds.launcher.Launcher exec:java@livy

Host: AMD Ryzen 9 3900X 12-Core Processor, 2 cores, 3G, Ubuntu 20.04.2 LTS
Time: Sat Dec 11 17:50:34 2021 EST elapsed time: 1364.822371 seconds (0d 0h 22m 44s)

---------------  T H R E A D  ---------------

Current thread is native thread

Stack: [0x00007ffc1c9ed000,0x00007ffc1d1ec000],  sp=0x00007ffc1d1e6fc0,  free space=8167k
Native frames: (J=compiled Java code, A=aot compiled Java code, j=interpreted, Vv=VM code, C=native code)
V  [libjvm.so+0xbd0fcd]
C  [libc.so.6+0x46210]


siginfo: si_signo: 11 (SIGSEGV), si_code: 1 (SEGV_MAPERR), si_addr: 0x00000000000000d0

Register to memory mapping:

RAX=0x0 is NULL
RBX=
[error occurred during error reporting (printing register info), id 0xb, SIGSEGV (0xb) at pc=0x00007fb629de9a2c]

Registers:
RAX=0x0000000000000000, RBX=0x00007fb62a26b3c0, RCX=0x00007fb62a276cd7, RDX=0x00007fb62a26b440
RSP=0x00007ffc1d1e6fc0, RBP=0x00007ffc1d1e7070, RSI=0x00007ffc1d1e71b0, RDI=0x0000000000000001
R8 =0x0000000000000000, R9 =0x00007fb628c74700, R10=0x0000000000000000, R11=0x0000000000000246
R12=0x00007ffc1d1e71b0, R13=0x00007ffc1d1e7080, R14=0x0000000000000000, R15=0x00007fb628c74700
RIP=0x00007fb629b91fcd, EFLAGS=0x0000000000010246, CSGSFS=0x002b000000000033, ERR=0x0000000000000004
  TRAPNO=0x000000000000000e

Top of Stack: (sp=0x00007ffc1d1e6fc0)
0x00007ffc1d1e6fc0:   00007fb62a2b79dc 00007fb62a4d388a
0x00007ffc1d1e6fd0:   0000000000000664 00007fb62a2c6330
0x00007ffc1d1e6fe0:   00007fb62a4c65d0 00007ffc1d1e7088
0x00007ffc1d1e6ff0:   00007ffc1d1e7084 00007fb62a26a778 

Instructions: (pc=0x00007fb629b91fcd)
0x00007fb629b91ecd:   ff 48 85 c0 74 03 c6 00 00 4c 89 f7 4c 89 fa 4c
0x00007fb629b91edd:   89 ee e8 3c 92 6a ff 4c 89 e7 e8 a4 95 6a ff 48
0x00007fb629b91eed:   81 c4 08 01 00 00 5b 41 5c 41 5d 41 5e 41 5f 5d
0x00007fb629b91efd:   c3 66 90 4c 89 e2 be 00 01 00 00 4c 89 ef e8 f0
0x00007fb629b91f0d:   97 6a ff 48 85 c0 74 ac 48 8d 35 cb 80 3a 00 4c
0x00007fb629b91f1d:   89 ef e8 dc 95 6a ff 48 85 c0 75 17 48 8d 35 cc
0x00007fb629b91f2d:   80 3a 00 4c 89 ef e8 c8 95 6a ff 48 85 c0 74 84
0x00007fb629b91f3d:   0f 1f 00 be 22 00 00 00 4c 89 ef e8 43 96 6a ff
0x00007fb629b91f4d:   48 85 c0 74 26 4c 8d 68 01 be 22 00 00 00 4c 89
0x00007fb629b91f5d:   ef e8 2d 96 6a ff 48 85 c0 0f 85 67 ff ff ff e9
0x00007fb629b91f6d:   65 ff ff ff 0f 1f 80 00 00 00 00 4c 89 ef be 3d
0x00007fb629b91f7d:   00 00 00 e8 0b 96 6a ff 4c 8d 68 01 e9 33 ff ff
0x00007fb629b91f8d:   ff 66 90 f3 0f 1e fa 55 48 89 e5 41 57 41 56 41
0x00007fb629b91f9d:   55 49 89 d5 41 54 49 89 f4 53 48 81 ec 88 00 00
0x00007fb629b91fad:   00 e8 0d 9d 6a ff 44 8b 30 48 89 c3 e8 22 63 25
0x00007fb629b91fbd:   00 41 89 c0 31 c0 45 84 c0 74 05 e8 23 63 25 00
0x00007fb629b91fcd:   48 83 b8 d0 00 00 00 00 74 16 4c 8b b8 70 02 00
0x00007fb629b91fdd:   00 41 8b 87 a8 00 00 00 83 f8 01 74 16 44 89 33
0x00007fb629b91fed:   48 81 c4 88 00 00 00 5b 41 5c 41 5d 41 5e 41 5f
0x00007fb629b91ffd:   5d c3 90 66 49 0f 6e c4 66 49 0f 6e cd ba 02 00
0x00007fb629b9200d:   00 00 be 01 00 00 00 66 0f 6c c1 4d 8d a7 a8 00
0x00007fb629b9201d:   00 00 41 0f 11 87 b0 00 00 00 4c 89 e7 e8 d1 bc
0x00007fb629b9202d:   ff ff 83 f8 02 74 3c 85 c0 75 18 66 0f ef c0 41
0x00007fb629b9203d:   0f 11 87 b0 00 00 00 eb a4 66 2e 0f 1f 84 00 00
0x00007fb629b9204d:   00 00 00 48 8d 05 51 aa 64 00 be d8 11 00 00 48
0x00007fb629b9205d:   8d 3d 75 8a 3a 00 48 8b 00 c6 00 58 e8 f2 af a9
0x00007fb629b9206d:   ff eb c8 4c 8d ad 50 ff ff ff 4c 89 ef e8 a1 98
0x00007fb629b9207d:   6a ff 4c 89 ea 31 f6 31 ff e8 b5 99 6a ff 8b 35
0x00007fb629b9208d:   9f 56 66 00 4c 89 ef e8 57 95 6a ff be 01 00 00
0x00007fb629b9209d:   00 48 8d 3d db a2 6a 00 e8 16 a1 0c 00 66 0f 1f
0x00007fb629b920ad:   44 00 00 4c 89 ef e8 68 9c 6a ff 31 d2 be 03 00
0x00007fb629b920bd:   00 00 4c 89 e7 e8 39 bc ff ff 85 c0 75 e5 be 01 


Stack slot to memory mapping:
stack at sp + 0 slots: 
[error occurred during error reporting (inspecting top of stack), id 0xb, SIGSEGV (0xb) at pc=0x00007fb629de9a2c]


---------------  P R O C E S S  ---------------

VM state:not at safepoint (normal execution)

VM Mutex/Monitor currently owned by a thread: None

Heap address: 0x00000000c3000000, size: 976 MB, Compressed Oops mode: 32-bit
Narrow klass base: 0x0000000800000000, Narrow klass shift: 3
Compressed class space size: 1073741824 Address: 0x0000000840000000

Heap:
 garbage-first heap   total 157696K, used 111770K [0x00000000c3000000, 0x0000000100000000)
  region size 1024K, 56 young (57344K), 3 survivors (3072K)
 Metaspace       used 46656K, capacity 47675K, committed 48000K, reserved 1091584K
  class space    used 6024K, capacity 6453K, committed 6528K, reserved 1048576K
Heap Regions: E=young(eden), S=young(survivor), O=old, HS=humongous(starts), HC=humongous(continues), CS=collection set, F=free, A=archive, TAMS=top-at-mark-start (previous, next)
|   0|0x00000000c3000000, 0x00000000c3100000, 0x00000000c3100000|100%| O|  |TAMS 0x00000000c3100000, 0x00000000c3000000| Untracked 
|   1|0x00000000c3100000, 0x00000000c3200000, 0x00000000c3200000|100%| O|  |TAMS 0x00000000c3200000, 0x00000000c3100000| Untracked 
|   2|0x00000000c3200000, 0x00000000c3300000, 0x00000000c3300000|100%| O|  |TAMS 0x00000000c3300000, 0x00000000c3200000| Untracked 
|   3|0x00000000c3300000, 0x00000000c3400000, 0x00000000c3400000|100%| O|  |TAMS 0x00000000c3400000, 0x00000000c3300000| Untracked 
|   4|0x00000000c3400000, 0x00000000c3500000, 0x00000000c3500000|100%| O|  |TAMS 0x00000000c3500000, 0x00000000c3400000| Untracked 
|   5|0x00000000c3500000, 0x00000000c3600000, 0x00000000c3600000|100%| O|  |TAMS 0x00000000c3600000, 0x00000000c3500000| Untracked 
|   6|0x00000000c3600000, 0x00000000c3700000, 0x00000000c3700000|100%| O|  |TAMS 0x00000000c3700000, 0x00000000c3600000| Untracked 
|   7|0x00000000c3700000, 0x00000000c3800000, 0x00000000c3800000|100%| O|  |TAMS 0x00000000c3800000, 0x00000000c3700000| Untracked 
|   8|0x00000000c3800000, 0x00000000c3900000, 0x00000000c3900000|100%| O|  |TAMS 0x00000000c3900000, 0x00000000c3800000| Untracked 
|   9|0x00000000c3900000, 0x00000000c3a00000, 0x00000000c3a00000|100%| O|  |TAMS 0x00000000c3a00000, 0x00000000c3900000| Untracked 
|  10|0x00000000c3a00000, 0x00000000c3b00000, 0x00000000c3b00000|100%| O|  |TAMS 0x00000000c3b00000, 0x00000000c3a00000| Untracked 
|  11|0x00000000c3b00000, 0x00000000c3c00000, 0x00000000c3c00000|100%| O|  |TAMS 0x00000000c3c00000, 0x00000000c3b00000| Untracked 
|  12|0x00000000c3c00000, 0x00000000c3d00000, 0x00000000c3d00000|100%|HS|  |TAMS 0x00000000c3d00000, 0x00000000c3c00000| Complete 
|  13|0x00000000c3d00000, 0x00000000c3e00000, 0x00000000c3e00000|100%|HC|  |TAMS 0x00000000c3e00000, 0x00000000c3d00000| Complete 
|  14|0x00000000c3e00000, 0x00000000c3f00000, 0x00000000c3f00000|100%|HC|  |TAMS 0x00000000c3f00000, 0x00000000c3e00000| Complete 
|  15|0x00000000c3f00000, 0x00000000c4000000, 0x00000000c4000000|100%|HS|  |TAMS 0x00000000c4000000, 0x00000000c3f00000| Complete 
|  16|0x00000000c4000000, 0x00000000c4100000, 0x00000000c4100000|100%|HC|  |TAMS 0x00000000c4100000, 0x00000000c4000000| Complete 
|  17|0x00000000c4100000, 0x00000000c4200000, 0x00000000c4200000|100%|HS|  |TAMS 0x00000000c4200000, 0x00000000c4100000| Complete 
|  18|0x00000000c4200000, 0x00000000c4300000, 0x00000000c4300000|100%|HC|  |TAMS 0x00000000c4300000, 0x00000000c4200000| Complete 
|  19|0x00000000c4300000, 0x00000000c4400000, 0x00000000c4400000|100%|HS|  |TAMS 0x00000000c4400000, 0x00000000c4300000| Complete 
|  20|0x00000000c4400000, 0x00000000c4500000, 0x00000000c4500000|100%| O|  |TAMS 0x00000000c4500000, 0x00000000c4400000| Untracked 
|  21|0x00000000c4500000, 0x00000000c4600000, 0x00000000c4600000|100%| O|  |TAMS 0x00000000c4600000, 0x00000000c4500000| Untracked 
|  22|0x00000000c4600000, 0x00000000c4700000, 0x00000000c4700000|100%| O|  |TAMS 0x00000000c4700000, 0x00000000c4600000| Untracked 
|  23|0x00000000c4700000, 0x00000000c4800000, 0x00000000c4800000|100%| O|  |TAMS 0x00000000c4800000, 0x00000000c4700000| Untracked 
|  24|0x00000000c4800000, 0x00000000c4900000, 0x00000000c4900000|100%| O|  |TAMS 0x00000000c4900000, 0x00000000c4800000| Untracked 
|  25|0x00000000c4900000, 0x00000000c4a00000, 0x00000000c4a00000|100%| O|  |TAMS 0x00000000c4a00000, 0x00000000c4900000| Untracked 
|  26|0x00000000c4a00000, 0x00000000c4b00000, 0x00000000c4b00000|100%| O|  |TAMS 0x00000000c4b00000, 0x00000000c4a00000| Untracked 
|  27|0x00000000c4b00000, 0x00000000c4c00000, 0x00000000c4c00000|100%| O|  |TAMS 0x00000000c4c00000, 0x00000000c4b00000| Untracked 
|  28|0x00000000c4c00000, 0x00000000c4d00000, 0x00000000c4d00000|100%| O|  |TAMS 0x00000000c4d00000, 0x00000000c4c00000| Untracked 
|  29|0x00000000c4d00000, 0x00000000c4e00000, 0x00000000c4e00000|100%| O|  |TAMS 0x00000000c4e00000, 0x00000000c4d00000| Untracked 
|  30|0x00000000c4e00000, 0x00000000c4f00000, 0x00000000c4f00000|100%| O|  |TAMS 0x00000000c4f00000, 0x00000000c4e00000| Untracked 
|  31|0x00000000c4f00000, 0x00000000c5000000, 0x00000000c5000000|100%| O|  |TAMS 0x00000000c5000000, 0x00000000c4f00000| Untracked 
|  32|0x00000000c5000000, 0x00000000c5100000, 0x00000000c5100000|100%| O|  |TAMS 0x00000000c5100000, 0x00000000c5000000| Untracked 
|  33|0x00000000c5100000, 0x00000000c5200000, 0x00000000c5200000|100%| O|  |TAMS 0x00000000c5200000, 0x00000000c5100000| Untracked 
|  34|0x00000000c5200000, 0x00000000c5300000, 0x00000000c5300000|100%| O|  |TAMS 0x00000000c5300000, 0x00000000c5200000| Untracked 
|  35|0x00000000c5300000, 0x00000000c5400000, 0x00000000c5400000|100%| O|  |TAMS 0x00000000c5400000, 0x00000000c5300000| Untracked 
|  36|0x00000000c5400000, 0x00000000c5500000, 0x00000000c5500000|100%| O|  |TAMS 0x00000000c5500000, 0x00000000c5400000| Untracked 
|  37|0x00000000c5500000, 0x00000000c5600000, 0x00000000c5600000|100%| O|  |TAMS 0x00000000c5600000, 0x00000000c5500000| Untracked 
|  38|0x00000000c5600000, 0x00000000c5700000, 0x00000000c5700000|100%| O|  |TAMS 0x00000000c56fb600, 0x00000000c5600000| Untracked 
|  39|0x00000000c5700000, 0x00000000c5800000, 0x00000000c5800000|100%|HS|  |TAMS 0x00000000c5800000, 0x00000000c5700000| Complete 
|  40|0x00000000c5800000, 0x00000000c5900000, 0x00000000c5900000|100%|HC|  |TAMS 0x00000000c5900000, 0x00000000c5800000| Complete 
|  41|0x00000000c5900000, 0x00000000c5a00000, 0x00000000c5a00000|100%|HC|  |TAMS 0x00000000c5a00000, 0x00000000c5900000| Complete 
|  42|0x00000000c5a00000, 0x00000000c5b00000, 0x00000000c5b00000|100%|HC|  |TAMS 0x00000000c5b00000, 0x00000000c5a00000| Complete 
|  43|0x00000000c5b00000, 0x00000000c5c00000, 0x00000000c5c00000|100%|HC|  |TAMS 0x00000000c5c00000, 0x00000000c5b00000| Complete 
|  44|0x00000000c5c00000, 0x00000000c5d00000, 0x00000000c5d00000|100%|HC|  |TAMS 0x00000000c5d00000, 0x00000000c5c00000| Complete 
|  45|0x00000000c5d00000, 0x00000000c5e00000, 0x00000000c5e00000|100%|HC|  |TAMS 0x00000000c5e00000, 0x00000000c5d00000| Complete 
|  46|0x00000000c5e00000, 0x00000000c5f00000, 0x00000000c5f00000|100%|HC|  |TAMS 0x00000000c5f00000, 0x00000000c5e00000| Complete 
|  47|0x00000000c5f00000, 0x00000000c6000000, 0x00000000c6000000|100%|HC|  |TAMS 0x00000000c6000000, 0x00000000c5f00000| Complete 
|  48|0x00000000c6000000, 0x00000000c6100000, 0x00000000c6100000|100%|HC|  |TAMS 0x00000000c6100000, 0x00000000c6000000| Complete 
|  49|0x00000000c6100000, 0x00000000c6200000, 0x00000000c6200000|100%|HC|  |TAMS 0x00000000c6200000, 0x00000000c6100000| Complete 
|  50|0x00000000c6200000, 0x00000000c6300000, 0x00000000c6300000|100%| O|  |TAMS 0x00000000c6200000, 0x00000000c6200000| Untracked 
|  51|0x00000000c6300000, 0x00000000c6400000, 0x00000000c6400000|100%| O|  |TAMS 0x00000000c6300000, 0x00000000c6300000| Untracked 
|  52|0x00000000c6400000, 0x00000000c6500000, 0x00000000c6500000|100%| O|  |TAMS 0x00000000c6400000, 0x00000000c6400000| Untracked 
|  53|0x00000000c6500000, 0x00000000c6600000, 0x00000000c6600000|100%| O|  |TAMS 0x00000000c6500000, 0x00000000c6500000| Untracked 
|  54|0x00000000c6600000, 0x00000000c6655a00, 0x00000000c6700000| 33%| O|  |TAMS 0x00000000c6600000, 0x00000000c6600000| Untracked 
|  55|0x00000000c6700000, 0x00000000c6700000, 0x00000000c6800000|  0%| F|  |TAMS 0x00000000c6700000, 0x00000000c6700000| Untracked 
|  56|0x00000000c6800000, 0x00000000c6800000, 0x00000000c6900000|  0%| F|  |TAMS 0x00000000c6800000, 0x00000000c6800000| Untracked 
|  57|0x00000000c6900000, 0x00000000c6900000, 0x00000000c6a00000|  0%| F|  |TAMS 0x00000000c6900000, 0x00000000c6900000| Untracked 
|  58|0x00000000c6a00000, 0x00000000c6a00000, 0x00000000c6b00000|  0%| F|  |TAMS 0x00000000c6a00000, 0x00000000c6a00000| Untracked 
|  59|0x00000000c6b00000, 0x00000000c6b00000, 0x00000000c6c00000|  0%| F|  |TAMS 0x00000000c6b00000, 0x00000000c6b00000| Untracked 
|  60|0x00000000c6c00000, 0x00000000c6c00000, 0x00000000c6d00000|  0%| F|  |TAMS 0x00000000c6c00000, 0x00000000c6c00000| Untracked 
|  61|0x00000000c6d00000, 0x00000000c6d00000, 0x00000000c6e00000|  0%| F|  |TAMS 0x00000000c6d00000, 0x00000000c6d00000| Untracked 
|  62|0x00000000c6e00000, 0x00000000c6e00000, 0x00000000c6f00000|  0%| F|  |TAMS 0x00000000c6e00000, 0x00000000c6e00000| Untracked 
|  63|0x00000000c6f00000, 0x00000000c6f00000, 0x00000000c7000000|  0%| F|  |TAMS 0x00000000c6f00000, 0x00000000c6f00000| Untracked 
|  64|0x00000000c7000000, 0x00000000c7000000, 0x00000000c7100000|  0%| F|  |TAMS 0x00000000c7000000, 0x00000000c7000000| Untracked 
|  65|0x00000000c7100000, 0x00000000c7100000, 0x00000000c7200000|  0%| F|  |TAMS 0x00000000c7100000, 0x00000000c7100000| Untracked 
|  66|0x00000000c7200000, 0x00000000c7200000, 0x00000000c7300000|  0%| F|  |TAMS 0x00000000c7200000, 0x00000000c7200000| Untracked 
|  67|0x00000000c7300000, 0x00000000c7300000, 0x00000000c7400000|  0%| F|  |TAMS 0x00000000c7300000, 0x00000000c7300000| Untracked 
|  68|0x00000000c7400000, 0x00000000c7400000, 0x00000000c7500000|  0%| F|  |TAMS 0x00000000c7400000, 0x00000000c7400000| Untracked 
|  69|0x00000000c7500000, 0x00000000c7500000, 0x00000000c7600000|  0%| F|  |TAMS 0x00000000c7500000, 0x00000000c7500000| Untracked 
|  70|0x00000000c7600000, 0x00000000c7600000, 0x00000000c7700000|  0%| F|  |TAMS 0x00000000c7600000, 0x00000000c7600000| Untracked 
|  71|0x00000000c7700000, 0x00000000c7700000, 0x00000000c7800000|  0%| F|  |TAMS 0x00000000c7700000, 0x00000000c7700000| Untracked 
|  72|0x00000000c7800000, 0x00000000c7800000, 0x00000000c7900000|  0%| F|  |TAMS 0x00000000c7800000, 0x00000000c7800000| Untracked 
|  73|0x00000000c7900000, 0x00000000c7900000, 0x00000000c7a00000|  0%| F|  |TAMS 0x00000000c7900000, 0x00000000c7900000| Untracked 
|  74|0x00000000c7a00000, 0x00000000c7a00000, 0x00000000c7b00000|  0%| F|  |TAMS 0x00000000c7a00000, 0x00000000c7a00000| Untracked 
|  75|0x00000000c7b00000, 0x00000000c7b00000, 0x00000000c7c00000|  0%| F|  |TAMS 0x00000000c7b00000, 0x00000000c7b00000| Untracked 
|  76|0x00000000c7c00000, 0x00000000c7c00000, 0x00000000c7d00000|  0%| F|  |TAMS 0x00000000c7c00000, 0x00000000c7c00000| Untracked 
|  77|0x00000000c7d00000, 0x00000000c7d00000, 0x00000000c7e00000|  0%| F|  |TAMS 0x00000000c7d00000, 0x00000000c7d00000| Untracked 
|  78|0x00000000c7e00000, 0x00000000c7e00000, 0x00000000c7f00000|  0%| F|  |TAMS 0x00000000c7e00000, 0x00000000c7e00000| Untracked 
|  79|0x00000000c7f00000, 0x00000000c7f00000, 0x00000000c8000000|  0%| F|  |TAMS 0x00000000c7f00000, 0x00000000c7f00000| Untracked 
|  80|0x00000000c8000000, 0x00000000c8000000, 0x00000000c8100000|  0%| F|  |TAMS 0x00000000c8000000, 0x00000000c8000000| Untracked 
|  81|0x00000000c8100000, 0x00000000c8100000, 0x00000000c8200000|  0%| F|  |TAMS 0x00000000c8100000, 0x00000000c8100000| Untracked 
|  82|0x00000000c8200000, 0x00000000c8200000, 0x00000000c8300000|  0%| F|  |TAMS 0x00000000c8200000, 0x00000000c8200000| Untracked 
|  83|0x00000000c8300000, 0x00000000c8300000, 0x00000000c8400000|  0%| F|  |TAMS 0x00000000c8300000, 0x00000000c8300000| Untracked 
|  84|0x00000000c8400000, 0x00000000c8400000, 0x00000000c8500000|  0%| F|  |TAMS 0x00000000c8400000, 0x00000000c8400000| Untracked 
|  85|0x00000000c8500000, 0x00000000c8500000, 0x00000000c8600000|  0%| F|  |TAMS 0x00000000c8500000, 0x00000000c8500000| Untracked 
|  86|0x00000000c8600000, 0x00000000c8600000, 0x00000000c8700000|  0%| F|  |TAMS 0x00000000c8600000, 0x00000000c8600000| Untracked 
|  87|0x00000000c8700000, 0x00000000c8700000, 0x00000000c8800000|  0%| F|  |TAMS 0x00000000c8700000, 0x00000000c8700000| Untracked 
|  88|0x00000000c8800000, 0x00000000c8800000, 0x00000000c8900000|  0%| F|  |TAMS 0x00000000c8800000, 0x00000000c8800000| Untracked 
|  89|0x00000000c8900000, 0x00000000c8900000, 0x00000000c8a00000|  0%| F|  |TAMS 0x00000000c8900000, 0x00000000c8900000| Untracked 
|  90|0x00000000c8a00000, 0x00000000c8a00000, 0x00000000c8b00000|  0%| F|  |TAMS 0x00000000c8a00000, 0x00000000c8a00000| Untracked 
|  91|0x00000000c8b00000, 0x00000000c8b00000, 0x00000000c8c00000|  0%| F|  |TAMS 0x00000000c8b00000, 0x00000000c8b00000| Untracked 
|  92|0x00000000c8c00000, 0x00000000c8c00000, 0x00000000c8d00000|  0%| F|  |TAMS 0x00000000c8c00000, 0x00000000c8c00000| Untracked 
|  93|0x00000000c8d00000, 0x00000000c8d00000, 0x00000000c8e00000|  0%| F|  |TAMS 0x00000000c8d00000, 0x00000000c8d00000| Untracked 
|  94|0x00000000c8e00000, 0x00000000c8e00000, 0x00000000c8f00000|  0%| F|  |TAMS 0x00000000c8e00000, 0x00000000c8e00000| Untracked 
|  95|0x00000000c8f00000, 0x00000000c8f1f068, 0x00000000c9000000| 12%| S|CS|TAMS 0x00000000c8f00000, 0x00000000c8f00000| Complete 
|  96|0x00000000c9000000, 0x00000000c9100000, 0x00000000c9100000|100%| S|CS|TAMS 0x00000000c9000000, 0x00000000c9000000| Complete 
|  97|0x00000000c9100000, 0x00000000c9200000, 0x00000000c9200000|100%| S|CS|TAMS 0x00000000c9100000, 0x00000000c9100000| Complete 
|  98|0x00000000c9200000, 0x00000000c9200000, 0x00000000c9300000|  0%| F|  |TAMS 0x00000000c9200000, 0x00000000c9200000| Untracked 
|  99|0x00000000c9300000, 0x00000000c93d1e70, 0x00000000c9400000| 81%| E|  |TAMS 0x00000000c9300000, 0x00000000c9300000| Complete 
| 100|0x00000000c9400000, 0x00000000c9500000, 0x00000000c9500000|100%| E|CS|TAMS 0x00000000c9400000, 0x00000000c9400000| Complete 
| 101|0x00000000c9500000, 0x00000000c9600000, 0x00000000c9600000|100%| E|CS|TAMS 0x00000000c9500000, 0x00000000c9500000| Complete 
| 102|0x00000000c9600000, 0x00000000c9700000, 0x00000000c9700000|100%| E|CS|TAMS 0x00000000c9600000, 0x00000000c9600000| Complete 
| 103|0x00000000c9700000, 0x00000000c9800000, 0x00000000c9800000|100%| E|CS|TAMS 0x00000000c9700000, 0x00000000c9700000| Complete 
| 104|0x00000000c9800000, 0x00000000c9900000, 0x00000000c9900000|100%| E|CS|TAMS 0x00000000c9800000, 0x00000000c9800000| Complete 
| 105|0x00000000c9900000, 0x00000000c9a00000, 0x00000000c9a00000|100%| E|CS|TAMS 0x00000000c9900000, 0x00000000c9900000| Complete 
| 106|0x00000000c9a00000, 0x00000000c9b00000, 0x00000000c9b00000|100%| E|CS|TAMS 0x00000000c9a00000, 0x00000000c9a00000| Complete 
| 107|0x00000000c9b00000, 0x00000000c9c00000, 0x00000000c9c00000|100%| E|CS|TAMS 0x00000000c9b00000, 0x00000000c9b00000| Complete 
| 108|0x00000000c9c00000, 0x00000000c9d00000, 0x00000000c9d00000|100%| E|CS|TAMS 0x00000000c9c00000, 0x00000000c9c00000| Complete 
| 109|0x00000000c9d00000, 0x00000000c9e00000, 0x00000000c9e00000|100%| E|CS|TAMS 0x00000000c9d00000, 0x00000000c9d00000| Complete 
| 110|0x00000000c9e00000, 0x00000000c9f00000, 0x00000000c9f00000|100%| E|CS|TAMS 0x00000000c9e00000, 0x00000000c9e00000| Complete 
| 111|0x00000000c9f00000, 0x00000000ca000000, 0x00000000ca000000|100%| E|CS|TAMS 0x00000000c9f00000, 0x00000000c9f00000| Complete 
| 112|0x00000000ca000000, 0x00000000ca100000, 0x00000000ca100000|100%| E|CS|TAMS 0x00000000ca000000, 0x00000000ca000000| Complete 
| 113|0x00000000ca100000, 0x00000000ca200000, 0x00000000ca200000|100%| E|CS|TAMS 0x00000000ca100000, 0x00000000ca100000| Complete 
| 114|0x00000000ca200000, 0x00000000ca300000, 0x00000000ca300000|100%| E|CS|TAMS 0x00000000ca200000, 0x00000000ca200000| Complete 
| 115|0x00000000ca300000, 0x00000000ca400000, 0x00000000ca400000|100%| E|CS|TAMS 0x00000000ca300000, 0x00000000ca300000| Complete 
| 116|0x00000000ca400000, 0x00000000ca500000, 0x00000000ca500000|100%| E|CS|TAMS 0x00000000ca400000, 0x00000000ca400000| Complete 
| 117|0x00000000ca500000, 0x00000000ca600000, 0x00000000ca600000|100%| E|CS|TAMS 0x00000000ca500000, 0x00000000ca500000| Complete 
| 118|0x00000000ca600000, 0x00000000ca700000, 0x00000000ca700000|100%| E|CS|TAMS 0x00000000ca600000, 0x00000000ca600000| Complete 
| 119|0x00000000ca700000, 0x00000000ca800000, 0x00000000ca800000|100%| E|CS|TAMS 0x00000000ca700000, 0x00000000ca700000| Complete 
| 120|0x00000000ca800000, 0x00000000ca900000, 0x00000000ca900000|100%| E|CS|TAMS 0x00000000ca800000, 0x00000000ca800000| Complete 
| 121|0x00000000ca900000, 0x00000000caa00000, 0x00000000caa00000|100%| E|CS|TAMS 0x00000000ca900000, 0x00000000ca900000| Complete 
| 122|0x00000000caa00000, 0x00000000cab00000, 0x00000000cab00000|100%| E|CS|TAMS 0x00000000caa00000, 0x00000000caa00000| Complete 
| 123|0x00000000cab00000, 0x00000000cac00000, 0x00000000cac00000|100%| E|CS|TAMS 0x00000000cab00000, 0x00000000cab00000| Complete 
| 124|0x00000000cac00000, 0x00000000cad00000, 0x00000000cad00000|100%| E|CS|TAMS 0x00000000cac00000, 0x00000000cac00000| Complete 
| 125|0x00000000cad00000, 0x00000000cae00000, 0x00000000cae00000|100%| E|CS|TAMS 0x00000000cad00000, 0x00000000cad00000| Complete 
| 126|0x00000000cae00000, 0x00000000caf00000, 0x00000000caf00000|100%| E|CS|TAMS 0x00000000cae00000, 0x00000000cae00000| Complete 
| 127|0x00000000caf00000, 0x00000000cb000000, 0x00000000cb000000|100%| E|CS|TAMS 0x00000000caf00000, 0x00000000caf00000| Complete 
| 128|0x00000000cb000000, 0x00000000cb100000, 0x00000000cb100000|100%| E|CS|TAMS 0x00000000cb000000, 0x00000000cb000000| Complete 
| 129|0x00000000cb100000, 0x00000000cb200000, 0x00000000cb200000|100%| E|CS|TAMS 0x00000000cb100000, 0x00000000cb100000| Complete 
| 130|0x00000000cb200000, 0x00000000cb300000, 0x00000000cb300000|100%| E|CS|TAMS 0x00000000cb200000, 0x00000000cb200000| Complete 
| 131|0x00000000cb300000, 0x00000000cb400000, 0x00000000cb400000|100%| E|CS|TAMS 0x00000000cb300000, 0x00000000cb300000| Complete 
| 132|0x00000000cb400000, 0x00000000cb500000, 0x00000000cb500000|100%| E|CS|TAMS 0x00000000cb400000, 0x00000000cb400000| Complete 
| 133|0x00000000cb500000, 0x00000000cb600000, 0x00000000cb600000|100%| E|CS|TAMS 0x00000000cb500000, 0x00000000cb500000| Complete 
| 134|0x00000000cb600000, 0x00000000cb700000, 0x00000000cb700000|100%| E|CS|TAMS 0x00000000cb600000, 0x00000000cb600000| Complete 
| 135|0x00000000cb700000, 0x00000000cb800000, 0x00000000cb800000|100%| E|CS|TAMS 0x00000000cb700000, 0x00000000cb700000| Complete 
| 136|0x00000000cb800000, 0x00000000cb900000, 0x00000000cb900000|100%| E|CS|TAMS 0x00000000cb800000, 0x00000000cb800000| Complete 
| 137|0x00000000cb900000, 0x00000000cba00000, 0x00000000cba00000|100%| E|CS|TAMS 0x00000000cb900000, 0x00000000cb900000| Complete 
| 138|0x00000000cba00000, 0x00000000cbb00000, 0x00000000cbb00000|100%| E|CS|TAMS 0x00000000cba00000, 0x00000000cba00000| Complete 
| 139|0x00000000cbb00000, 0x00000000cbc00000, 0x00000000cbc00000|100%| E|CS|TAMS 0x00000000cbb00000, 0x00000000cbb00000| Complete 
| 140|0x00000000cbc00000, 0x00000000cbd00000, 0x00000000cbd00000|100%| E|CS|TAMS 0x00000000cbc00000, 0x00000000cbc00000| Complete 
| 141|0x00000000cbd00000, 0x00000000cbe00000, 0x00000000cbe00000|100%| E|CS|TAMS 0x00000000cbd00000, 0x00000000cbd00000| Complete 
| 142|0x00000000cbe00000, 0x00000000cbf00000, 0x00000000cbf00000|100%| E|CS|TAMS 0x00000000cbe00000, 0x00000000cbe00000| Complete 
| 143|0x00000000cbf00000, 0x00000000cc000000, 0x00000000cc000000|100%| E|CS|TAMS 0x00000000cbf00000, 0x00000000cbf00000| Complete 
| 144|0x00000000cc000000, 0x00000000cc100000, 0x00000000cc100000|100%| E|CS|TAMS 0x00000000cc000000, 0x00000000cc000000| Complete 
| 145|0x00000000cc100000, 0x00000000cc200000, 0x00000000cc200000|100%| E|CS|TAMS 0x00000000cc100000, 0x00000000cc100000| Complete 
| 146|0x00000000cc200000, 0x00000000cc300000, 0x00000000cc300000|100%| E|CS|TAMS 0x00000000cc200000, 0x00000000cc200000| Complete 
| 147|0x00000000cc300000, 0x00000000cc400000, 0x00000000cc400000|100%| E|CS|TAMS 0x00000000cc300000, 0x00000000cc300000| Complete 
| 148|0x00000000cc400000, 0x00000000cc500000, 0x00000000cc500000|100%| E|CS|TAMS 0x00000000cc400000, 0x00000000cc400000| Complete 
| 149|0x00000000cc500000, 0x00000000cc600000, 0x00000000cc600000|100%| E|CS|TAMS 0x00000000cc500000, 0x00000000cc500000| Complete 
| 150|0x00000000cc600000, 0x00000000cc700000, 0x00000000cc700000|100%| E|CS|TAMS 0x00000000cc600000, 0x00000000cc600000| Complete 
| 151|0x00000000cc700000, 0x00000000cc800000, 0x00000000cc800000|100%| E|CS|TAMS 0x00000000cc700000, 0x00000000cc700000| Complete 
| 974|0x00000000ffe00000, 0x00000000ffe47000, 0x00000000fff00000| 27%|OA|  |TAMS 0x00000000ffe47000, 0x00000000ffe00000| Untracked 
| 975|0x00000000fff00000, 0x00000000fff6b000, 0x0000000100000000| 41%|CA|  |TAMS 0x00000000fff6b000, 0x00000000fff00000| Untracked 

Card table byte_map: [0x00007fb628245000,0x00007fb62842d000] _byte_map_base: 0x00007fb627c2d000

Marking Bits (Prev, Next): (CMBitMap*) 0x00007fb624044178, (CMBitMap*) 0x00007fb6240441b0
 Prev Bits: [0x00007fb6070c0000, 0x00007fb608000000)
 Next Bits: [0x00007fb606180000, 0x00007fb6070c0000)

Polling page: 0x00007fb62a4a8000

Metaspace:

Usage:
  Non-class:     40.26 MB capacity,    39.68 MB ( 99%) used,   494.17 KB (  1%) free+waste,    96.25 KB ( <1%) overhead. 
      Class:      6.30 MB capacity,     5.88 MB ( 93%) used,   379.05 KB (  6%) free+waste,    49.25 KB ( <1%) overhead. 
       Both:     46.56 MB capacity,    45.56 MB ( 98%) used,   873.23 KB (  2%) free+waste,   145.50 KB ( <1%) overhead. 

Virtual space:
  Non-class space:       42.00 MB reserved,      40.50 MB ( 96%) committed 
      Class space:        1.00 GB reserved,       6.38 MB ( <1%) committed 
             Both:        1.04 GB reserved,      46.88 MB (  4%) committed 

Chunk freelists:
   Non-Class:  186.00 KB
       Class:  11.00 KB
        Both:  197.00 KB

MaxMetaspaceSize: unlimited
CompressedClassSpaceSize: 1.00 GB

CodeHeap 'non-profiled nmethods': size=120036Kb used=2757Kb max_used=2757Kb free=117278Kb
 bounds [0x00007fb61433f000, 0x00007fb6145ff000, 0x00007fb61b878000]
CodeHeap 'profiled nmethods': size=120032Kb used=13097Kb max_used=13097Kb free=106935Kb
 bounds [0x00007fb60ce07000, 0x00007fb60dad7000, 0x00007fb61433f000]
CodeHeap 'non-nmethods': size=5692Kb used=1196Kb max_used=1227Kb free=4495Kb
 bounds [0x00007fb60c878000, 0x00007fb60cae8000, 0x00007fb60ce07000]
 total_blobs=6650 nmethods=6090 adapters=472
 compilation: enabled
              stopped_count=0, restarted_count=0
 full_count=0

Compilation events (20 events):
Event: 1280.352 Thread 0x00007fb6240c4800 nmethod 6101 0x00007fb60dac7910 code [0x00007fb60dac7ac0, 0x00007fb60dac7c00]
Event: 1280.352 Thread 0x00007fb6240c4800 6100       3       org.apache.livy.shaded.jackson.core.JsonParser$Feature::enabledIn (15 bytes)
Event: 1280.352 Thread 0x00007fb6240c4800 nmethod 6100 0x00007fb60dac7c90 code [0x00007fb60dac7e40, 0x00007fb60dac7fb0]
Event: 1280.352 Thread 0x00007fb6240c4800 6102       3       org.apache.livy.shaded.apache.http.conn.EofSensorInputStream::close (10 bytes)
Event: 1280.352 Thread 0x00007fb6240c4800 nmethod 6102 0x00007fb60dac8090 code [0x00007fb60dac8240, 0x00007fb60dac83a0]
Event: 1280.352 Thread 0x00007fb6240c4800 6103   !   3       org.apache.livy.shaded.apache.http.conn.EofSensorInputStream::checkClose (54 bytes)
Event: 1280.352 Thread 0x00007fb6240c4800 nmethod 6103 0x00007fb60dac8490 code [0x00007fb60dac8660, 0x00007fb60dac8a70]
Event: 1280.352 Thread 0x00007fb6240c4800 6095       3       org.apache.livy.shaded.apache.http.client.entity.DecompressingEntity::<init> (11 bytes)
Event: 1280.352 Thread 0x00007fb6240c4800 nmethod 6095 0x00007fb60dac8c10 code [0x00007fb60dac8de0, 0x00007fb60dac91e0]
Event: 1280.352 Thread 0x00007fb6240c4800 6097       3       java.util.zip.GZIPInputStream::readHeader (200 bytes)
Event: 1280.367 Thread 0x00007fb6240c4800 nmethod 6097 0x00007fb60dac9310 code [0x00007fb60dac9620, 0x00007fb60daca640]
Event: 1280.393 Thread 0x00007fb6240c2800 nmethod 6096 0x00007fb6145efd90 code [0x00007fb6145eff60, 0x00007fb6145f0228]
Event: 1285.354 Thread 0x00007fb6240c4800 6104       3       java.util.concurrent.locks.AbstractQueuedSynchronizer$ConditionObject::checkInterruptWhileWaiting (27 bytes)
Event: 1285.360 Thread 0x00007fb6240c2800 6107       4       java.util.Formatter$Conversion::isInteger (48 bytes)
Event: 1285.385 Thread 0x00007fb6240c2800 nmethod 6107 0x00007fb6145f0510 code [0x00007fb6145f06a0, 0x00007fb6145f06f8]
Event: 1285.387 Thread 0x00007fb6240c4800 nmethod 6104 0x00007fb60dacac10 code [0x00007fb60dacaec0, 0x00007fb60dacb9a0]
Event: 1285.393 Thread 0x00007fb6240c4800 6112       3       java.util.Formatter$FormatSpecifier::localizedMagnitude (419 bytes)
Event: 1285.469 Thread 0x00007fb6240c4800 nmethod 6112 0x00007fb60dacbd90 code [0x00007fb60dacc1a0, 0x00007fb60dacdef0]
Event: 1290.456 Thread 0x00007fb6240c4800 6114   !   3       org.apache.livy.client.http.JobHandleImpl$JobPollTask::run (279 bytes)
Event: 1290.532 Thread 0x00007fb6240c4800 nmethod 6114 0x00007fb60daceb90 code [0x00007fb60dacef00, 0x00007fb60dad06b0]

GC Heap History (20 events):
Event: 1.537 GC heap before
{Heap before GC invocations=5 (full 0):
 garbage-first heap   total 89088K, used 56159K [0x00000000c3000000, 0x0000000100000000)
  region size 1024K, 52 young (53248K), 3 survivors (3072K)
 Metaspace       used 15034K, capacity 16448K, committed 16768K, reserved 1064960K
  class space    used 1712K, capacity 1917K, committed 1920K, reserved 1048576K
}
Event: 1.554 GC heap after
{Heap after GC invocations=6 (full 0):
 garbage-first heap   total 89088K, used 9858K [0x00000000c3000000, 0x0000000100000000)
  region size 1024K, 7 young (7168K), 7 survivors (7168K)
 Metaspace       used 15034K, capacity 16448K, committed 16768K, reserved 1064960K
  class space    used 1712K, capacity 1917K, committed 1920K, reserved 1048576K
}
Event: 1.933 GC heap before
{Heap before GC invocations=6 (full 0):
 garbage-first heap   total 89088K, used 55938K [0x00000000c3000000, 0x0000000100000000)
  region size 1024K, 52 young (53248K), 7 survivors (7168K)
 Metaspace       used 15497K, capacity 16852K, committed 17152K, reserved 1064960K
  class space    used 1718K, capacity 1924K, committed 2048K, reserved 1048576K
}
Event: 1.946 GC heap after
{Heap after GC invocations=7 (full 0):
 garbage-first heap   total 89088K, used 13500K [0x00000000c3000000, 0x0000000100000000)
  region size 1024K, 4 young (4096K), 4 survivors (4096K)
 Metaspace       used 15497K, capacity 16852K, committed 17152K, reserved 1064960K
  class space    used 1718K, capacity 1924K, committed 2048K, reserved 1048576K
}
Event: 2.120 GC heap before
{Heap before GC invocations=7 (full 0):
 garbage-first heap   total 89088K, used 61628K [0x00000000c3000000, 0x0000000100000000)
  region size 1024K, 51 young (52224K), 4 survivors (4096K)
 Metaspace       used 15707K, capacity 17019K, committed 17408K, reserved 1064960K
  class space    used 1720K, capacity 1958K, committed 2048K, reserved 1048576K
}
Event: 2.127 GC heap after
{Heap after GC invocations=8 (full 0):
 garbage-first heap   total 89088K, used 15548K [0x00000000c3000000, 0x0000000100000000)
  region size 1024K, 6 young (6144K), 6 survivors (6144K)
 Metaspace       used 15707K, capacity 17019K, committed 17408K, reserved 1064960K
  class space    used 1720K, capacity 1958K, committed 2048K, reserved 1048576K
}
Event: 2.262 GC heap before
{Heap before GC invocations=8 (full 0):
 garbage-first heap   total 89088K, used 62652K [0x00000000c3000000, 0x0000000100000000)
  region size 1024K, 52 young (53248K), 6 survivors (6144K)
 Metaspace       used 15895K, capacity 17152K, committed 17408K, reserved 1064960K
  class space    used 1721K, capacity 1959K, committed 2048K, reserved 1048576K
}
Event: 2.271 GC heap after
{Heap after GC invocations=9 (full 0):
 garbage-first heap   total 125952K, used 19216K [0x00000000c3000000, 0x0000000100000000)
  region size 1024K, 7 young (7168K), 7 survivors (7168K)
 Metaspace       used 15895K, capacity 17152K, committed 17408K, reserved 1064960K
  class space    used 1721K, capacity 1959K, committed 2048K, reserved 1048576K
}
Event: 2.785 GC heap before
{Heap before GC invocations=9 (full 0):
 garbage-first heap   total 125952K, used 96016K [0x00000000c3000000, 0x0000000100000000)
  region size 1024K, 64 young (65536K), 7 survivors (7168K)
 Metaspace       used 16842K, capacity 17948K, committed 18176K, reserved 1064960K
  class space    used 1803K, capacity 2035K, committed 2048K, reserved 1048576K
}
Event: 2.793 GC heap after
{Heap after GC invocations=10 (full 0):
 garbage-first heap   total 125952K, used 51406K [0x00000000c3000000, 0x0000000100000000)
  region size 1024K, 8 young (8192K), 8 survivors (8192K)
 Metaspace       used 16842K, capacity 17948K, committed 18176K, reserved 1064960K
  class space    used 1803K, capacity 2035K, committed 2048K, reserved 1048576K
}
Event: 2.969 GC heap before
{Heap before GC invocations=10 (full 0):
 garbage-first heap   total 125952K, used 92366K [0x00000000c3000000, 0x0000000100000000)
  region size 1024K, 49 young (50176K), 8 survivors (8192K)
 Metaspace       used 20316K, capacity 20969K, committed 21248K, reserved 1069056K
  class space    used 2289K, capacity 2511K, committed 2560K, reserved 1048576K
}
Event: 2.974 GC heap after
{Heap after GC invocations=11 (full 0):
 garbage-first heap   total 125952K, used 53429K [0x00000000c3000000, 0x0000000100000000)
  region size 1024K, 2 young (2048K), 2 survivors (2048K)
 Metaspace       used 20316K, capacity 20969K, committed 21248K, reserved 1069056K
  class space    used 2289K, capacity 2511K, committed 2560K, reserved 1048576K
}
Event: 3.010 GC heap before
{Heap before GC invocations=11 (full 0):
 garbage-first heap   total 125952K, used 58549K [0x00000000c3000000, 0x0000000100000000)
  region size 1024K, 8 young (8192K), 2 survivors (2048K)
 Metaspace       used 20573K, capacity 21139K, committed 21248K, reserved 1069056K
  class space    used 2325K, capacity 2544K, committed 2560K, reserved 1048576K
}
Event: 3.019 GC heap after
{Heap after GC invocations=12 (full 0):
 garbage-first heap   total 125952K, used 52829K [0x00000000c3000000, 0x0000000100000000)
  region size 1024K, 1 young (1024K), 1 survivors (1024K)
 Metaspace       used 20573K, capacity 21139K, committed 21248K, reserved 1069056K
  class space    used 2325K, capacity 2544K, committed 2560K, reserved 1048576K
}
Event: 3.548 GC heap before
{Heap before GC invocations=13 (full 0):
 garbage-first heap   total 125952K, used 96861K [0x00000000c3000000, 0x0000000100000000)
  region size 1024K, 44 young (45056K), 1 survivors (1024K)
 Metaspace       used 27437K, capacity 28189K, committed 28416K, reserved 1075200K
  class space    used 3209K, capacity 3482K, committed 3584K, reserved 1048576K
}
Event: 3.564 GC heap after
{Heap after GC invocations=14 (full 0):
 garbage-first heap   total 125952K, used 56588K [0x00000000c3000000, 0x0000000100000000)
  region size 1024K, 5 young (5120K), 5 survivors (5120K)
 Metaspace       used 27437K, capacity 28189K, committed 28416K, reserved 1075200K
  class space    used 3209K, capacity 3482K, committed 3584K, reserved 1048576K
}
Event: 3.841 GC heap before
{Heap before GC invocations=15 (full 0):
 garbage-first heap   total 125952K, used 98572K [0x00000000c3000000, 0x0000000100000000)
  region size 1024K, 46 young (47104K), 5 survivors (5120K)
 Metaspace       used 31378K, capacity 32167K, committed 32384K, reserved 1077248K
  class space    used 3657K, capacity 3933K, committed 3968K, reserved 1048576K
}
Event: 3.847 GC heap after
{Heap after GC invocations=16 (full 0):
 garbage-first heap   total 157696K, used 57072K [0x00000000c3000000, 0x0000000100000000)
  region size 1024K, 1 young (1024K), 1 survivors (1024K)
 Metaspace       used 31378K, capacity 32167K, committed 32384K, reserved 1077248K
  class space    used 3657K, capacity 3933K, committed 3968K, reserved 1048576K
}
Event: 26.769 GC heap before
{Heap before GC invocations=16 (full 0):
 garbage-first heap   total 157696K, used 111344K [0x00000000c3000000, 0x0000000100000000)
  region size 1024K, 55 young (56320K), 1 survivors (1024K)
 Metaspace       used 42301K, capacity 43332K, committed 43776K, reserved 1087488K
  class space    used 5401K, capacity 5814K, committed 5888K, reserved 1048576K
}
Event: 26.773 GC heap after
{Heap after GC invocations=17 (full 0):
 garbage-first heap   total 157696K, used 58522K [0x00000000c3000000, 0x0000000100000000)
  region size 1024K, 3 young (3072K), 3 survivors (3072K)
 Metaspace       used 42301K, capacity 43332K, committed 43776K, reserved 1087488K
  class space    used 5401K, capacity 5814K, committed 5888K, reserved 1048576K
}

Deoptimization events (20 events):
Event: 26.914 Thread 0x00007fb6249ca000 Uncommon trap: trap_request=0xffffffc6 fr.pc=0x00007fb6145a36e8 relative=0x00000000000008e8
Event: 26.914 Thread 0x00007fb6249ca000 Uncommon trap: reason=bimorphic_or_optimized_type_check action=maybe_recompile pc=0x00007fb6145a36e8 method=org.antlr.v4.runtime.atn.ATNState.addTransition(ILorg/antlr/v4/runtime/atn/Transition;)V @ 14 c2
Event: 26.914 Thread 0x00007fb6249ca000 DEOPT PACKING pc=0x00007fb6145a36e8 sp=0x00007fb5f5914740
Event: 26.914 Thread 0x00007fb6249ca000 DEOPT UNPACKING pc=0x00007fb60c89d925 sp=0x00007fb5f5914708 mode 2
Event: 27.034 Thread 0x00007fb5ccda5800 Uncommon trap: trap_request=0xffffff6e fr.pc=0x00007fb614524438 relative=0x0000000000001218
Event: 27.034 Thread 0x00007fb5ccda5800 Uncommon trap: reason=speculate_class_check action=maybe_recompile pc=0x00007fb614524438 method=java.util.zip.InflaterInputStream.read([BII)I @ 100 c2
Event: 27.034 Thread 0x00007fb5ccda5800 DEOPT PACKING pc=0x00007fb614524438 sp=0x00007fb5f4913090
Event: 27.034 Thread 0x00007fb5ccda5800 DEOPT UNPACKING pc=0x00007fb60c89d925 sp=0x00007fb5f49130f0 mode 2
Event: 27.200 Thread 0x00007fb5ccda5800 Uncommon trap: trap_request=0xffffff6e fr.pc=0x00007fb614524438 relative=0x0000000000001218
Event: 27.200 Thread 0x00007fb5ccda5800 Uncommon trap: reason=speculate_class_check action=maybe_recompile pc=0x00007fb614524438 method=java.util.zip.InflaterInputStream.read([BII)I @ 100 c2
Event: 27.200 Thread 0x00007fb5ccda5800 DEOPT PACKING pc=0x00007fb614524438 sp=0x00007fb5f4913090
Event: 27.200 Thread 0x00007fb5ccda5800 DEOPT UNPACKING pc=0x00007fb60c89d925 sp=0x00007fb5f49130f0 mode 2
Event: 27.428 Thread 0x00007fb5ccda5800 Uncommon trap: trap_request=0xffffff6e fr.pc=0x00007fb614524438 relative=0x0000000000001218
Event: 27.428 Thread 0x00007fb5ccda5800 Uncommon trap: reason=speculate_class_check action=maybe_recompile pc=0x00007fb614524438 method=java.util.zip.InflaterInputStream.read([BII)I @ 100 c2
Event: 27.428 Thread 0x00007fb5ccda5800 DEOPT PACKING pc=0x00007fb614524438 sp=0x00007fb5f4913090
Event: 27.428 Thread 0x00007fb5ccda5800 DEOPT UNPACKING pc=0x00007fb60c89d925 sp=0x00007fb5f49130f0 mode 2
Event: 1199.516 Thread 0x00007fb5ccda5800 DEOPT PACKING pc=0x00007fb60d249fd7 sp=0x00007fb5f4912e00
Event: 1199.517 Thread 0x00007fb5ccda5800 DEOPT UNPACKING pc=0x00007fb60c89e0ca sp=0x00007fb5f49122c8 mode 0
Event: 1239.825 Thread 0x00007fb5ccda5800 DEOPT PACKING pc=0x00007fb60d83ada0 sp=0x00007fb5f4912c70
Event: 1239.825 Thread 0x00007fb5ccda5800 DEOPT UNPACKING pc=0x00007fb60c89e0ca sp=0x00007fb5f4912190 mode 0

Classes redefined (0 events):
No events

Internal exceptions (20 events):
Event: 3.238 Thread 0x00007fb6249ca000 Exception <a 'java/lang/NoSuchMethodError'{0x00000000c9ae77a8}: 'java.lang.Object java.lang.invoke.DirectMethodHandle$Holder.invokeStatic(java.lang.Object, java.lang.Object, java.lang.Object, java.lang.Object, java.lang.Object, java.lang.Object, java.lang.Object, java.lang.Object, java.lang.Object, java.lang.Object, java.lang.Object, int)'> (0x00000000c9ae77a8) thrown at [src/hotspot/share/interpreter/linkResolver.cpp, line 772]
Event: 3.240 Thread 0x00007fb6249ca000 Exception <a 'java/lang/NoSuchMethodError'{0x00000000c9905fd8}: 'java.lang.Object java.lang.invoke.DirectMethodHandle$Holder.invokeStatic(java.lang.Object, java.lang.Object, java.lang.Object, java.lang.Object, java.lang.Object, java.lang.Object, java.lang.Object, java.lang.Object, java.lang.Object, java.lang.Object, java.lang.Object, int, int)'> (0x00000000c9905fd8) thrown at [src/hotspot/share/interpreter/linkResolver.cpp, line 772]
Event: 3.243 Thread 0x00007fb6249ca000 Exception <a 'java/lang/NoSuchMethodError'{0x00000000c99251a0}: 'java.lang.Object java.lang.invoke.DirectMethodHandle$Holder.invokeStatic(java.lang.Object, java.lang.Object, java.lang.Object, java.lang.Object, java.lang.Object, java.lang.Object, java.lang.Object, java.lang.Object, java.lang.Object, java.lang.Object, java.lang.Object, int, int, java.lang.Object)'> (0x00000000c99251a0) thrown at [src/hotspot/share/interpreter/linkResolver.cpp, line 772]
Event: 3.250 Thread 0x00007fb6249ca000 Exception <a 'java/lang/NoSuchMethodError'{0x00000000c9945a98}: 'java.lang.Object java.lang.invoke.DirectMethodHandle$Holder.invokeStatic(java.lang.Object, java.lang.Object, java.lang.Object, java.lang.Object, java.lang.Object, java.lang.Object, java.lang.Object, java.lang.Object, java.lang.Object, java.lang.Object, java.lang.Object, int, int, java.lang.Object, java.lang.Object)'> (0x00000000c9945a98) thrown at [src/hotspot/share/interpreter/linkResolver.cpp, line 772]
Event: 3.263 Thread 0x00007fb6249ca000 Exception <a 'java/lang/NoSuchMethodError'{0x00000000c99a2a88}: 'int java.lang.invoke.DirectMethodHandle$Holder.invokeStaticInit(java.lang.Object, java.lang.Object)'> (0x00000000c99a2a88) thrown at [src/hotspot/share/interpreter/linkResolver.cpp, line 772]
Event: 3.264 Thread 0x00007fb6249ca000 Exception <a 'java/lang/NoSuchMethodError'{0x00000000c99aa5c8}: 'void java.lang.invoke.DirectMethodHandle$Holder.invokeStaticInit(java.lang.Object, java.lang.Object, java.lang.Object)'> (0x00000000c99aa5c8) thrown at [src/hotspot/share/interpreter/linkResolver.cpp, line 772]
Event: 3.320 Thread 0x00007fb6249ca000 Exception <a 'java/lang/NoSuchMethodError'{0x00000000c951e500}: 'org.slf4j.impl.StaticMarkerBinder org.slf4j.impl.StaticMarkerBinder.getSingleton()'> (0x00000000c951e500) thrown at [src/hotspot/share/interpreter/linkResolver.cpp, line 772]
Event: 3.345 Thread 0x00007fb6249ca000 Exception <a 'java/lang/ClassCastException'{0x00000000c8f57310}: class org.apache.commons.logging.impl.SLF4JLogFactory cannot be cast to class org.apache.livy.shaded.apache.commons.logging.LogFactory (org.apache.commons.logging.impl.SLF4JLogFactory and org.apache.livy.shaded.apache.commons.logging.LogFactory are in unnamed module of loader java.net.URLClassLoader @2440022a)> (0x00000000c8f57310) thrown at [src/hotspot/share/interpreter/interpreterRuntime.cpp, line 459]
Event: 3.391 Thread 0x00007fb6249ca000 Exception <a 'java/lang/NoSuchMethodError'{0x00000000c8d3d880}: 'int java.lang.invoke.DirectMethodHandle$Holder.invokeStaticInit(java.lang.Object, java.lang.Object, java.lang.Object, java.lang.Object)'> (0x00000000c8d3d880) thrown at [src/hotspot/share/interpreter/linkResolver.cpp, line 772]
Event: 3.392 Thread 0x00007fb6249ca000 Exception <a 'java/lang/IncompatibleClassChangeError'{0x00000000c8d46750}: Found class java.lang.Object, but interface was expected> (0x00000000c8d46750) thrown at [src/hotspot/share/interpreter/linkResolver.cpp, line 839]
Event: 3.392 Thread 0x00007fb6249ca000 Exception <a 'java/lang/NoSuchMethodError'{0x00000000c8d495a0}: 'void java.lang.invoke.DirectMethodHandle$Holder.invokeStaticInit(java.lang.Object, java.lang.Object)'> (0x00000000c8d495a0) thrown at [src/hotspot/share/interpreter/linkResolver.cpp, line 772]
Event: 26.100 Thread 0x00007fb6249ca000 Implicit null exception at 0x00007fb61455bc74 to 0x00007fb61455d9d4
Event: 26.237 Thread 0x00007fb6249ca000 Exception <a 'java/lang/NoSuchMethodError'{0x00000000caf6cad8}: 'int java.lang.invoke.DirectMethodHandle$Holder.invokeStaticInit(java.lang.Object, int)'> (0x00000000caf6cad8) thrown at [src/hotspot/share/interpreter/linkResolver.cpp, line 772]
Event: 26.333 Thread 0x00007fb6249ca000 Exception <a 'java/lang/NoSuchMethodError'{0x00000000caeec4f0}: 'int java.lang.invoke.DirectMethodHandle$Holder.invokeStaticInit(java.lang.Object, double)'> (0x00000000caeec4f0) thrown at [src/hotspot/share/interpreter/linkResolver.cpp, line 772]
Event: 26.437 Thread 0x00007fb6249ca000 Exception <a 'java/lang/NoSuchMethodError'{0x00000000cab1dfa8}: 'java.lang.Object java.lang.invoke.Invokers$Holder.linkToTargetMethod(java.lang.Object, int, java.lang.Object)'> (0x00000000cab1dfa8) thrown at [src/hotspot/share/interpreter/linkResolver.cpp, line 772]
Event: 26.443 Thread 0x00007fb6249ca000 Exception <a 'java/lang/NoSuchMethodError'{0x00000000cab8afc0}: 'java.lang.Object java.lang.invoke.DirectMethodHandle$Holder.invokeStatic(java.lang.Object, java.lang.Object, int, java.lang.Object)'> (0x00000000cab8afc0) thrown at [src/hotspot/share/interpreter/linkResolver.cpp, line 772]
Event: 26.443 Thread 0x00007fb6249ca000 Exception <a 'java/lang/NoSuchMethodError'{0x00000000cab8ec78}: 'java.lang.Object java.lang.invoke.DirectMethodHandle$Holder.invokeSpecial(java.lang.Object, java.lang.Object, java.lang.Object, int, java.lang.Object)'> (0x00000000cab8ec78) thrown at [src/hotspot/share/interpreter/linkResolver.cpp, line 772]
Event: 26.443 Thread 0x00007fb6249ca000 Exception <a 'java/lang/NoSuchMethodError'{0x00000000cab92110}: 'java.lang.Object java.lang.invoke.Invokers$Holder.linkToTargetMethod(java.lang.Object, int, java.lang.Object, java.lang.Object)'> (0x00000000cab92110) thrown at [src/hotspot/share/interpreter/linkResolver.cpp, line 772]
Event: 26.541 Thread 0x00007fb6249ca000 Exception <a 'java/lang/NoSuchMethodError'{0x00000000ca59ff18}: 'int java.lang.invoke.DirectMethodHandle$Holder.invokeStatic(java.lang.Object, long)'> (0x00000000ca59ff18) thrown at [src/hotspot/share/interpreter/linkResolver.cpp, line 772]
Event: 26.541 Thread 0x00007fb6249ca000 Exception <a 'java/lang/NoSuchMethodError'{0x00000000ca5a2b68}: 'int java.lang.invoke.DirectMethodHandle$Holder.invokeStaticInit(java.lang.Object, long)'> (0x00000000ca5a2b68) thrown at [src/hotspot/share/interpreter/linkResolver.cpp, line 772]

Events (20 events):
Event: 27.040 loading class org/apache/livy/shaded/jackson/databind/deser/std/PrimitiveArrayDeserializers$FloatDeser
Event: 27.040 loading class org/apache/livy/shaded/jackson/databind/deser/std/PrimitiveArrayDeserializers$FloatDeser done
Event: 27.041 loading class org/apache/livy/shaded/jackson/databind/deser/std/PrimitiveArrayDeserializers$DoubleDeser
Event: 27.041 loading class org/apache/livy/shaded/jackson/databind/deser/std/PrimitiveArrayDeserializers$DoubleDeser done
Event: 27.041 loading class org/apache/livy/shaded/jackson/databind/deser/std/PrimitiveArrayDeserializers$BooleanDeser
Event: 27.041 loading class org/apache/livy/shaded/jackson/databind/deser/std/PrimitiveArrayDeserializers$BooleanDeser done
Event: 27.041 loading class org/apache/livy/shaded/jackson/databind/deser/std/PrimitiveArrayDeserializers$CharDeser
Event: 27.041 loading class org/apache/livy/shaded/jackson/databind/deser/std/PrimitiveArrayDeserializers$CharDeser done
Event: 27.041 loading class org/apache/livy/shaded/jackson/databind/exc/InvalidNullException
Event: 27.041 loading class org/apache/livy/shaded/jackson/databind/exc/InvalidNullException done
Event: 27.042 loading class jdk/internal/reflect/UnsafeQualifiedLongFieldAccessorImpl
Event: 27.042 loading class jdk/internal/reflect/UnsafeQualifiedLongFieldAccessorImpl done
Event: 27.042 loading class org/apache/livy/client/http/JobHandleImpl$JobPollTask
Event: 27.042 loading class org/apache/livy/client/http/JobHandleImpl$JobPollTask done
Event: 27.144 loading class org/apache/livy/shaded/apache/http/client/methods/HttpPut
Event: 27.144 loading class org/apache/livy/shaded/apache/http/client/methods/HttpPut done
Event: 27.144 loading class org/apache/livy/shaded/apache/http/client/methods/HttpPatch
Event: 27.144 loading class org/apache/livy/shaded/apache/http/client/methods/HttpPatch done
Event: 27.200 loading class org/apache/livy/client/http/JobHandleImpl$3
Event: 27.200 loading class org/apache/livy/client/http/JobHandleImpl$3 done


Dynamic libraries:
c3000000-cc800000 rw-p 00000000 00:00 0 
cc800000-ffe00000 ---p 00000000 00:00 0 
ffe00000-ffe47000 rw-p 01111000 08:05 803587                             /usr/lib/jvm/java-11-openjdk-amd64/lib/server/classes.jsa
ffe47000-fff00000 rw-p 00000000 00:00 0 
fff00000-fff6b000 rw-p 010a6000 08:05 803587                             /usr/lib/jvm/java-11-openjdk-amd64/lib/server/classes.jsa
fff6b000-100000000 rw-p 00000000 00:00 0 
800000000-800002000 rwxp 00001000 08:05 803587                           /usr/lib/jvm/java-11-openjdk-amd64/lib/server/classes.jsa
800002000-8003b9000 rw-p 00003000 08:05 803587                           /usr/lib/jvm/java-11-openjdk-amd64/lib/server/classes.jsa
8003b9000-800a96000 r--p 003ba000 08:05 803587                           /usr/lib/jvm/java-11-openjdk-amd64/lib/server/classes.jsa
800a96000-800a97000 rw-p 00a97000 08:05 803587                           /usr/lib/jvm/java-11-openjdk-amd64/lib/server/classes.jsa
800a97000-8010a5000 r--p 00a98000 08:05 803587                           /usr/lib/jvm/java-11-openjdk-amd64/lib/server/classes.jsa
840000000-840660000 rw-p 00000000 00:00 0 
840660000-880000000 ---p 00000000 00:00 0 
560f180fc000-560f180fd000 r--p 00000000 08:05 656337                     /usr/lib/jvm/java-11-openjdk-amd64/bin/java
560f180fd000-560f180fe000 r-xp 00001000 08:05 656337                     /usr/lib/jvm/java-11-openjdk-amd64/bin/java
560f180fe000-560f180ff000 r--p 00002000 08:05 656337                     /usr/lib/jvm/java-11-openjdk-amd64/bin/java
560f180ff000-560f18100000 r--p 00002000 08:05 656337                     /usr/lib/jvm/java-11-openjdk-amd64/bin/java
560f18100000-560f18101000 rw-p 00003000 08:05 656337                     /usr/lib/jvm/java-11-openjdk-amd64/bin/java
560f19373000-560f193b5000 rw-p 00000000 00:00 0                          [heap]
7fb5cbc00000-7fb5cbc80000 rw-p 00000000 00:00 0 
7fb5cbc80000-7fb5cbe00000 ---p 00000000 00:00 0 
7fb5cbe00000-7fb5cc000000 rw-p 00000000 00:00 0 
7fb5cc000000-7fb5ced76000 rw-p 00000000 00:00 0 
7fb5ced76000-7fb5d0000000 ---p 00000000 00:00 0 
7fb5d0000000-7fb5d0021000 rw-p 00000000 00:00 0 
7fb5d0021000-7fb5d4000000 ---p 00000000 00:00 0 
7fb5d4000000-7fb5d577c000 rw-p 00000000 00:00 0 
7fb5d577c000-7fb5d8000000 ---p 00000000 00:00 0 
7fb5d8000000-7fb5d894f000 rw-p 00000000 00:00 0 
7fb5d894f000-7fb5dc000000 ---p 00000000 00:00 0 
7fb5dc000000-7fb5dc021000 rw-p 00000000 00:00 0 
7fb5dc021000-7fb5e0000000 ---p 00000000 00:00 0 
7fb5e0000000-7fb5e0021000 rw-p 00000000 00:00 0 
7fb5e0021000-7fb5e4000000 ---p 00000000 00:00 0 
7fb5e4000000-7fb5e4021000 rw-p 00000000 00:00 0 
7fb5e4021000-7fb5e8000000 ---p 00000000 00:00 0 
7fb5e8000000-7fb5e8021000 rw-p 00000000 00:00 0 
7fb5e8021000-7fb5ec000000 ---p 00000000 00:00 0 
7fb5ec000000-7fb5ec052000 rw-p 00000000 00:00 0 
7fb5ec052000-7fb5f0000000 ---p 00000000 00:00 0 
7fb5f0000000-7fb5f0021000 rw-p 00000000 00:00 0 
7fb5f0021000-7fb5f4000000 ---p 00000000 00:00 0 
7fb5f4014000-7fb5f4214000 rw-p 00000000 00:00 0 
7fb5f4214000-7fb5f4414000 rw-p 00000000 00:00 0 
7fb5f4414000-7fb5f4614000 rw-p 00000000 00:00 0 
7fb5f4614000-7fb5f4814000 rw-p 00000000 00:00 0 
7fb5f4814000-7fb5f4818000 ---p 00000000 00:00 0 
7fb5f4818000-7fb5f4b15000 rw-p 00000000 00:00 0 
7fb5f4b15000-7fb5f4d15000 rw-p 00000000 00:00 0 
7fb5f4d15000-7fb5f4d19000 ---p 00000000 00:00 0 
7fb5f4d19000-7fb5f5016000 rw-p 00000000 00:00 0 
7fb5f5016000-7fb5f5216000 rw-p 00000000 00:00 0 
7fb5f5216000-7fb5f5416000 rw-p 00000000 00:00 0 
7fb5f5416000-7fb5f5616000 rw-p 00000000 00:00 0 
7fb5f5616000-7fb5f5816000 rw-p 00000000 00:00 0 
7fb5f5816000-7fb5f581a000 ---p 00000000 00:00 0 
7fb5f581a000-7fb5f5b17000 rw-p 00000000 00:00 0 
7fb5f5b17000-7fb5f5d17000 rw-p 00000000 00:00 0 
7fb5f5d17000-7fb5f5f17000 rw-p 00000000 00:00 0 
7fb5f5f17000-7fb5f6117000 rw-p 00000000 00:00 0 
7fb5f6117000-7fb5f6118000 ---p 00000000 00:00 0 
7fb5f6118000-7fb5f6219000 rw-p 00000000 00:00 0 
7fb5f6219000-7fb5f621d000 ---p 00000000 00:00 0 
7fb5f621d000-7fb5f631a000 rw-p 00000000 00:00 0 
7fb5f631a000-7fb5f631b000 ---p 00000000 00:00 0 
7fb5f631b000-7fb5f641c000 rw-p 00000000 00:00 0 
7fb5f641c000-7fb5f6420000 ---p 00000000 00:00 0 
7fb5f6420000-7fb5f651d000 rw-p 00000000 00:00 0 
7fb5f651d000-7fb5f6521000 ---p 00000000 00:00 0 
7fb5f6521000-7fb5f661e000 rw-p 00000000 00:00 0 
7fb5f661e000-7fb5f6622000 ---p 00000000 00:00 0 
7fb5f6622000-7fb5f671f000 rw-p 00000000 00:00 0 
7fb5f671f000-7fb5f6723000 ---p 00000000 00:00 0 
7fb5f6723000-7fb5f6820000 rw-p 00000000 00:00 0 
7fb5f6820000-7fb5f6824000 ---p 00000000 00:00 0 
7fb5f6824000-7fb5f6921000 rw-p 00000000 00:00 0 
7fb5f6921000-7fb5f76ff000 r--p 00000000 08:05 530673                     /usr/lib/locale/locale-archive
7fb5f76ff000-7fb5f7703000 ---p 00000000 00:00 0 
7fb5f7703000-7fb5f8000000 rw-p 00000000 00:00 0 
7fb5f8000000-7fb5f8021000 rw-p 00000000 00:00 0 
7fb5f8021000-7fb5fc000000 ---p 00000000 00:00 0 
7fb5fc000000-7fb5fc021000 rw-p 00000000 00:00 0 
7fb5fc021000-7fb600000000 ---p 00000000 00:00 0 
7fb600000000-7fb600021000 rw-p 00000000 00:00 0 
7fb600021000-7fb604000000 ---p 00000000 00:00 0 
7fb604000000-7fb604004000 r--p 00000000 08:05 534163                     /usr/lib/x86_64-linux-gnu/libresolv-2.31.so
7fb604004000-7fb604014000 r-xp 00004000 08:05 534163                     /usr/lib/x86_64-linux-gnu/libresolv-2.31.so
7fb604014000-7fb604017000 r--p 00014000 08:05 534163                     /usr/lib/x86_64-linux-gnu/libresolv-2.31.so
7fb604017000-7fb604018000 ---p 00017000 08:05 534163                     /usr/lib/x86_64-linux-gnu/libresolv-2.31.so
7fb604018000-7fb604019000 r--p 00017000 08:05 534163                     /usr/lib/x86_64-linux-gnu/libresolv-2.31.so
7fb604019000-7fb60401a000 rw-p 00018000 08:05 534163                     /usr/lib/x86_64-linux-gnu/libresolv-2.31.so
7fb60401a000-7fb60401c000 rw-p 00000000 00:00 0 
7fb60401c000-7fb604024000 r--p 00000000 08:05 656472                     /usr/lib/jvm/java-11-openjdk-amd64/lib/libsunec.so
7fb604024000-7fb60403d000 r-xp 00008000 08:05 656472                     /usr/lib/jvm/java-11-openjdk-amd64/lib/libsunec.so
7fb60403d000-7fb604047000 r--p 00021000 08:05 656472                     /usr/lib/jvm/java-11-openjdk-amd64/lib/libsunec.so
7fb604047000-7fb604048000 ---p 0002b000 08:05 656472                     /usr/lib/jvm/java-11-openjdk-amd64/lib/libsunec.so
7fb604048000-7fb60404c000 r--p 0002b000 08:05 656472                     /usr/lib/jvm/java-11-openjdk-amd64/lib/libsunec.so
7fb60404c000-7fb60404e000 rw-p 0002f000 08:05 656472                     /usr/lib/jvm/java-11-openjdk-amd64/lib/libsunec.so
7fb60404e000-7fb60407f000 rw-p 00000000 00:00 0 
7fb60407f000-7fb604083000 ---p 00000000 00:00 0 
7fb604083000-7fb6063e0000 rw-p 00000000 00:00 0 
7fb6063e0000-7fb6070b8000 ---p 00000000 00:00 0 
7fb6070b8000-7fb607320000 rw-p 00000000 00:00 0 
7fb607320000-7fb607ff8000 ---p 00000000 00:00 0 
7fb607ff8000-7fb608000000 rw-p 00000000 00:00 0 
7fb608000000-7fb608021000 rw-p 00000000 00:00 0 
7fb608021000-7fb60c000000 ---p 00000000 00:00 0 
7fb60c00c000-7fb60c00e000 r--p 00000000 08:05 533979                     /usr/lib/x86_64-linux-gnu/libnss_dns-2.31.so
7fb60c00e000-7fb60c012000 r-xp 00002000 08:05 533979                     /usr/lib/x86_64-linux-gnu/libnss_dns-2.31.so
7fb60c012000-7fb60c013000 r--p 00006000 08:05 533979                     /usr/lib/x86_64-linux-gnu/libnss_dns-2.31.so
7fb60c013000-7fb60c014000 r--p 00006000 08:05 533979                     /usr/lib/x86_64-linux-gnu/libnss_dns-2.31.so
7fb60c014000-7fb60c015000 rw-p 00007000 08:05 533979                     /usr/lib/x86_64-linux-gnu/libnss_dns-2.31.so
7fb60c025000-7fb60c027000 r--p 00000000 08:05 656464                     /usr/lib/jvm/java-11-openjdk-amd64/lib/libmanagement_ext.so
7fb60c027000-7fb60c02a000 r-xp 00002000 08:05 656464                     /usr/lib/jvm/java-11-openjdk-amd64/lib/libmanagement_ext.so
7fb60c02a000-7fb60c02b000 r--p 00005000 08:05 656464                     /usr/lib/jvm/java-11-openjdk-amd64/lib/libmanagement_ext.so
7fb60c02b000-7fb60c02c000 ---p 00006000 08:05 656464                     /usr/lib/jvm/java-11-openjdk-amd64/lib/libmanagement_ext.so
7fb60c02c000-7fb60c02d000 r--p 00006000 08:05 656464                     /usr/lib/jvm/java-11-openjdk-amd64/lib/libmanagement_ext.so
7fb60c02d000-7fb60c02e000 rw-p 00007000 08:05 656464                     /usr/lib/jvm/java-11-openjdk-amd64/lib/libmanagement_ext.so
7fb60c02e000-7fb60c032000 r--p 00000000 08:05 656466                     /usr/lib/jvm/java-11-openjdk-amd64/lib/libnet.so
7fb60c032000-7fb60c041000 r-xp 00004000 08:05 656466                     /usr/lib/jvm/java-11-openjdk-amd64/lib/libnet.so
7fb60c041000-7fb60c045000 r--p 00013000 08:05 656466                     /usr/lib/jvm/java-11-openjdk-amd64/lib/libnet.so
7fb60c045000-7fb60c046000 r--p 00016000 08:05 656466                     /usr/lib/jvm/java-11-openjdk-amd64/lib/libnet.so
7fb60c046000-7fb60c047000 rw-p 00017000 08:05 656466                     /usr/lib/jvm/java-11-openjdk-amd64/lib/libnet.so
7fb60c047000-7fb60c048000 ---p 00000000 00:00 0 
7fb60c048000-7fb60c26e000 rw-p 00000000 00:00 0 
7fb60c26e000-7fb60c26f000 ---p 00000000 00:00 0 
7fb60c26f000-7fb60c370000 rw-p 00000000 00:00 0 
7fb60c370000-7fb60c371000 ---p 00000000 00:00 0 
7fb60c371000-7fb60c674000 rw-p 00000000 00:00 0 
7fb60c674000-7fb60c675000 ---p 00000000 00:00 0 
7fb60c675000-7fb60c776000 rw-p 00000000 00:00 0 
7fb60c776000-7fb60c777000 ---p 00000000 00:00 0 
7fb60c777000-7fb60c878000 rw-p 00000000 00:00 0 
7fb60c878000-7fb60cae8000 rwxp 00000000 00:00 0 
7fb60cae8000-7fb60ce07000 ---p 00000000 00:00 0 
7fb60ce07000-7fb60dad7000 rwxp 00000000 00:00 0 
7fb60dad7000-7fb61433f000 ---p 00000000 00:00 0 
7fb61433f000-7fb6145ff000 rwxp 00000000 00:00 0 
7fb6145ff000-7fb61b878000 ---p 00000000 00:00 0 
7fb61b878000-7fb624000000 r--s 00000000 08:05 656476                     /usr/lib/jvm/java-11-openjdk-amd64/lib/modules
7fb624000000-7fb6249d7000 rw-p 00000000 00:00 0 
7fb6249d7000-7fb628000000 ---p 00000000 00:00 0 
7fb628001000-7fb628002000 r--p 00000000 08:05 533987                     /usr/lib/x86_64-linux-gnu/libnss_mdns4_minimal.so.2
7fb628002000-7fb628004000 r-xp 00001000 08:05 533987                     /usr/lib/x86_64-linux-gnu/libnss_mdns4_minimal.so.2
7fb628004000-7fb628005000 r--p 00003000 08:05 533987                     /usr/lib/x86_64-linux-gnu/libnss_mdns4_minimal.so.2
7fb628005000-7fb628006000 r--p 00003000 08:05 533987                     /usr/lib/x86_64-linux-gnu/libnss_mdns4_minimal.so.2
7fb628006000-7fb628007000 rw-p 00004000 08:05 533987                     /usr/lib/x86_64-linux-gnu/libnss_mdns4_minimal.so.2
7fb628007000-7fb62800e000 r--p 00000000 08:05 656467                     /usr/lib/jvm/java-11-openjdk-amd64/lib/libnio.so
7fb62800e000-7fb628016000 r-xp 00007000 08:05 656467                     /usr/lib/jvm/java-11-openjdk-amd64/lib/libnio.so
7fb628016000-7fb628019000 r--p 0000f000 08:05 656467                     /usr/lib/jvm/java-11-openjdk-amd64/lib/libnio.so
7fb628019000-7fb62801a000 r--p 00011000 08:05 656467                     /usr/lib/jvm/java-11-openjdk-amd64/lib/libnio.so
7fb62801a000-7fb62801b000 rw-p 00012000 08:05 656467                     /usr/lib/jvm/java-11-openjdk-amd64/lib/libnio.so
7fb62801b000-7fb6280a9000 rw-p 00000000 00:00 0 
7fb6280a9000-7fb628244000 ---p 00000000 00:00 0 
7fb628244000-7fb628291000 rw-p 00000000 00:00 0 
7fb628291000-7fb62842c000 ---p 00000000 00:00 0 
7fb62842c000-7fb628479000 rw-p 00000000 00:00 0 
7fb628479000-7fb628614000 ---p 00000000 00:00 0 
7fb628614000-7fb628817000 rw-p 00000000 00:00 0 
7fb628817000-7fb628818000 ---p 00000000 00:00 0 
7fb628818000-7fb62891f000 rw-p 00000000 00:00 0 
7fb62891f000-7fb628a04000 ---p 00000000 00:00 0 
7fb628a04000-7fb628a1e000 rw-p 00000000 00:00 0 
7fb628a1e000-7fb628aef000 ---p 00000000 00:00 0 
7fb628aef000-7fb628af4000 rw-p 00000000 00:00 0 
7fb628af4000-7fb628afb000 ---p 00000000 00:00 0 
7fb628afb000-7fb628afd000 r--p 00000000 08:05 656475                     /usr/lib/jvm/java-11-openjdk-amd64/lib/libzip.so
7fb628afd000-7fb628b01000 r-xp 00002000 08:05 656475                     /usr/lib/jvm/java-11-openjdk-amd64/lib/libzip.so
7fb628b01000-7fb628b03000 r--p 00006000 08:05 656475                     /usr/lib/jvm/java-11-openjdk-amd64/lib/libzip.so
7fb628b03000-7fb628b04000 r--p 00007000 08:05 656475                     /usr/lib/jvm/java-11-openjdk-amd64/lib/libzip.so
7fb628b04000-7fb628b05000 rw-p 00008000 08:05 656475                     /usr/lib/jvm/java-11-openjdk-amd64/lib/libzip.so
7fb628b05000-7fb628b08000 r--p 00000000 08:05 533981                     /usr/lib/x86_64-linux-gnu/libnss_files-2.31.so
7fb628b08000-7fb628b0f000 r-xp 00003000 08:05 533981                     /usr/lib/x86_64-linux-gnu/libnss_files-2.31.so
7fb628b0f000-7fb628b11000 r--p 0000a000 08:05 533981                     /usr/lib/x86_64-linux-gnu/libnss_files-2.31.so
7fb628b11000-7fb628b12000 r--p 0000b000 08:05 533981                     /usr/lib/x86_64-linux-gnu/libnss_files-2.31.so
7fb628b12000-7fb628b13000 rw-p 0000c000 08:05 533981                     /usr/lib/x86_64-linux-gnu/libnss_files-2.31.so
7fb628b13000-7fb628b19000 rw-p 00000000 00:00 0 
7fb628b1a000-7fb628b1d000 r--p 00000000 08:05 656462                     /usr/lib/jvm/java-11-openjdk-amd64/lib/libmanagement.so
7fb628b1d000-7fb628b1e000 r-xp 00003000 08:05 656462                     /usr/lib/jvm/java-11-openjdk-amd64/lib/libmanagement.so
7fb628b1e000-7fb628b1f000 r--p 00004000 08:05 656462                     /usr/lib/jvm/java-11-openjdk-amd64/lib/libmanagement.so
7fb628b1f000-7fb628b20000 r--p 00004000 08:05 656462                     /usr/lib/jvm/java-11-openjdk-amd64/lib/libmanagement.so
7fb628b20000-7fb628b21000 rw-p 00005000 08:05 656462                     /usr/lib/jvm/java-11-openjdk-amd64/lib/libmanagement.so
7fb628b21000-7fb628b29000 rw-s 00000000 08:05 393225                     /tmp/hsperfdata_nets212/11246
7fb628b29000-7fb628b37000 r--p 00000000 08:05 656455                     /usr/lib/jvm/java-11-openjdk-amd64/lib/libjava.so
7fb628b37000-7fb628b4d000 r-xp 0000e000 08:05 656455                     /usr/lib/jvm/java-11-openjdk-amd64/lib/libjava.so
7fb628b4d000-7fb628b54000 r--p 00024000 08:05 656455                     /usr/lib/jvm/java-11-openjdk-amd64/lib/libjava.so
7fb628b54000-7fb628b55000 r--p 0002a000 08:05 656455                     /usr/lib/jvm/java-11-openjdk-amd64/lib/libjava.so
7fb628b55000-7fb628b56000 rw-p 0002b000 08:05 656455                     /usr/lib/jvm/java-11-openjdk-amd64/lib/libjava.so
7fb628b56000-7fb628b57000 rw-p 00000000 00:00 0 
7fb628b57000-7fb628b5c000 r--p 00000000 08:05 656474                     /usr/lib/jvm/java-11-openjdk-amd64/lib/libverify.so
7fb628b5c000-7fb628b63000 r-xp 00005000 08:05 656474                     /usr/lib/jvm/java-11-openjdk-amd64/lib/libverify.so
7fb628b63000-7fb628b65000 r--p 0000c000 08:05 656474                     /usr/lib/jvm/java-11-openjdk-amd64/lib/libverify.so
7fb628b65000-7fb628b66000 ---p 0000e000 08:05 656474                     /usr/lib/jvm/java-11-openjdk-amd64/lib/libverify.so
7fb628b66000-7fb628b68000 r--p 0000e000 08:05 656474                     /usr/lib/jvm/java-11-openjdk-amd64/lib/libverify.so
7fb628b68000-7fb628b69000 rw-p 00010000 08:05 656474                     /usr/lib/jvm/java-11-openjdk-amd64/lib/libverify.so
7fb628b69000-7fb628b6c000 r--p 00000000 08:05 534183                     /usr/lib/x86_64-linux-gnu/librt-2.31.so
7fb628b6c000-7fb628b70000 r-xp 00003000 08:05 534183                     /usr/lib/x86_64-linux-gnu/librt-2.31.so
7fb628b70000-7fb628b71000 r--p 00007000 08:05 534183                     /usr/lib/x86_64-linux-gnu/librt-2.31.so
7fb628b71000-7fb628b72000 ---p 00008000 08:05 534183                     /usr/lib/x86_64-linux-gnu/librt-2.31.so
7fb628b72000-7fb628b73000 r--p 00008000 08:05 534183                     /usr/lib/x86_64-linux-gnu/librt-2.31.so
7fb628b73000-7fb628b74000 rw-p 00009000 08:05 534183                     /usr/lib/x86_64-linux-gnu/librt-2.31.so
7fb628b74000-7fb628b78000 ---p 00000000 00:00 0 
7fb628b78000-7fb628c75000 rw-p 00000000 00:00 0 
7fb628c75000-7fb628c78000 r--p 00000000 08:05 527733                     /usr/lib/x86_64-linux-gnu/libgcc_s.so.1
7fb628c78000-7fb628c8a000 r-xp 00003000 08:05 527733                     /usr/lib/x86_64-linux-gnu/libgcc_s.so.1
7fb628c8a000-7fb628c8e000 r--p 00015000 08:05 527733                     /usr/lib/x86_64-linux-gnu/libgcc_s.so.1
7fb628c8e000-7fb628c8f000 r--p 00018000 08:05 527733                     /usr/lib/x86_64-linux-gnu/libgcc_s.so.1
7fb628c8f000-7fb628c90000 rw-p 00019000 08:05 527733                     /usr/lib/x86_64-linux-gnu/libgcc_s.so.1
7fb628c90000-7fb628c9f000 r--p 00000000 08:05 533860                     /usr/lib/x86_64-linux-gnu/libm-2.31.so
7fb628c9f000-7fb628d46000 r-xp 0000f000 08:05 533860                     /usr/lib/x86_64-linux-gnu/libm-2.31.so
7fb628d46000-7fb628ddd000 r--p 000b6000 08:05 533860                     /usr/lib/x86_64-linux-gnu/libm-2.31.so
7fb628ddd000-7fb628dde000 r--p 0014c000 08:05 533860                     /usr/lib/x86_64-linux-gnu/libm-2.31.so
7fb628dde000-7fb628ddf000 rw-p 0014d000 08:05 533860                     /usr/lib/x86_64-linux-gnu/libm-2.31.so
7fb628ddf000-7fb628e75000 r--p 00000000 08:05 527875                     /usr/lib/x86_64-linux-gnu/libstdc++.so.6.0.28
7fb628e75000-7fb628f66000 r-xp 00096000 08:05 527875                     /usr/lib/x86_64-linux-gnu/libstdc++.so.6.0.28
7fb628f66000-7fb628faf000 r--p 00187000 08:05 527875                     /usr/lib/x86_64-linux-gnu/libstdc++.so.6.0.28
7fb628faf000-7fb628fb0000 ---p 001d0000 08:05 527875                     /usr/lib/x86_64-linux-gnu/libstdc++.so.6.0.28
7fb628fb0000-7fb628fbb000 r--p 001d0000 08:05 527875                     /usr/lib/x86_64-linux-gnu/libstdc++.so.6.0.28
7fb628fbb000-7fb628fbe000 rw-p 001db000 08:05 527875                     /usr/lib/x86_64-linux-gnu/libstdc++.so.6.0.28
7fb628fbe000-7fb628fc1000 rw-p 00000000 00:00 0 
7fb628fc1000-7fb62923b000 r--p 00000000 08:05 800625                     /usr/lib/jvm/java-11-openjdk-amd64/lib/server/libjvm.so
7fb62923b000-7fb629ec0000 r-xp 0027a000 08:05 800625                     /usr/lib/jvm/java-11-openjdk-amd64/lib/server/libjvm.so
7fb629ec0000-7fb62a117000 r--p 00eff000 08:05 800625                     /usr/lib/jvm/java-11-openjdk-amd64/lib/server/libjvm.so
7fb62a117000-7fb62a1d8000 r--p 01155000 08:05 800625                     /usr/lib/jvm/java-11-openjdk-amd64/lib/server/libjvm.so
7fb62a1d8000-7fb62a213000 rw-p 01216000 08:05 800625                     /usr/lib/jvm/java-11-openjdk-amd64/lib/server/libjvm.so
7fb62a213000-7fb62a26c000 rw-p 00000000 00:00 0 
7fb62a26c000-7fb62a273000 r--p 00000000 08:05 534122                     /usr/lib/x86_64-linux-gnu/libpthread-2.31.so
7fb62a273000-7fb62a284000 r-xp 00007000 08:05 534122                     /usr/lib/x86_64-linux-gnu/libpthread-2.31.so
7fb62a284000-7fb62a289000 r--p 00018000 08:05 534122                     /usr/lib/x86_64-linux-gnu/libpthread-2.31.so
7fb62a289000-7fb62a28a000 r--p 0001c000 08:05 534122                     /usr/lib/x86_64-linux-gnu/libpthread-2.31.so
7fb62a28a000-7fb62a28b000 rw-p 0001d000 08:05 534122                     /usr/lib/x86_64-linux-gnu/libpthread-2.31.so
7fb62a28b000-7fb62a28f000 rw-p 00000000 00:00 0 
7fb62a28f000-7fb62a290000 r--p 00000000 08:05 533355                     /usr/lib/x86_64-linux-gnu/libdl-2.31.so
7fb62a290000-7fb62a292000 r-xp 00001000 08:05 533355                     /usr/lib/x86_64-linux-gnu/libdl-2.31.so
7fb62a292000-7fb62a293000 r--p 00003000 08:05 533355                     /usr/lib/x86_64-linux-gnu/libdl-2.31.so
7fb62a293000-7fb62a294000 r--p 00003000 08:05 533355                     /usr/lib/x86_64-linux-gnu/libdl-2.31.so
7fb62a294000-7fb62a295000 rw-p 00004000 08:05 533355                     /usr/lib/x86_64-linux-gnu/libdl-2.31.so
7fb62a295000-7fb62a297000 r--p 00000000 08:05 534536                     /usr/lib/x86_64-linux-gnu/libz.so.1.2.11
7fb62a297000-7fb62a2a8000 r-xp 00002000 08:05 534536                     /usr/lib/x86_64-linux-gnu/libz.so.1.2.11
7fb62a2a8000-7fb62a2ae000 r--p 00013000 08:05 534536                     /usr/lib/x86_64-linux-gnu/libz.so.1.2.11
7fb62a2ae000-7fb62a2af000 ---p 00019000 08:05 534536                     /usr/lib/x86_64-linux-gnu/libz.so.1.2.11
7fb62a2af000-7fb62a2b0000 r--p 00019000 08:05 534536                     /usr/lib/x86_64-linux-gnu/libz.so.1.2.11
7fb62a2b0000-7fb62a2b1000 rw-p 0001a000 08:05 534536                     /usr/lib/x86_64-linux-gnu/libz.so.1.2.11
7fb62a2b1000-7fb62a2d6000 r--p 00000000 08:05 533220                     /usr/lib/x86_64-linux-gnu/libc-2.31.so
7fb62a2d6000-7fb62a44e000 r-xp 00025000 08:05 533220                     /usr/lib/x86_64-linux-gnu/libc-2.31.so
7fb62a44e000-7fb62a498000 r--p 0019d000 08:05 533220                     /usr/lib/x86_64-linux-gnu/libc-2.31.so
7fb62a498000-7fb62a499000 ---p 001e7000 08:05 533220                     /usr/lib/x86_64-linux-gnu/libc-2.31.so
7fb62a499000-7fb62a49c000 r--p 001e7000 08:05 533220                     /usr/lib/x86_64-linux-gnu/libc-2.31.so
7fb62a49c000-7fb62a49f000 rw-p 001ea000 08:05 533220                     /usr/lib/x86_64-linux-gnu/libc-2.31.so
7fb62a49f000-7fb62a4a3000 rw-p 00000000 00:00 0 
7fb62a4a3000-7fb62a4a4000 r--p 00000000 08:05 656448                     /usr/lib/jvm/java-11-openjdk-amd64/lib/libextnet.so
7fb62a4a4000-7fb62a4a5000 r-xp 00001000 08:05 656448                     /usr/lib/jvm/java-11-openjdk-amd64/lib/libextnet.so
7fb62a4a5000-7fb62a4a6000 r--p 00002000 08:05 656448                     /usr/lib/jvm/java-11-openjdk-amd64/lib/libextnet.so
7fb62a4a6000-7fb62a4a7000 r--p 00002000 08:05 656448                     /usr/lib/jvm/java-11-openjdk-amd64/lib/libextnet.so
7fb62a4a7000-7fb62a4a8000 rw-p 00003000 08:05 656448                     /usr/lib/jvm/java-11-openjdk-amd64/lib/libextnet.so
7fb62a4a8000-7fb62a4a9000 ---p 00000000 00:00 0 
7fb62a4a9000-7fb62a4aa000 r--p 00000000 00:00 0 
7fb62a4aa000-7fb62a4ac000 r--p 00000000 08:05 656458                     /usr/lib/jvm/java-11-openjdk-amd64/lib/libjimage.so
7fb62a4ac000-7fb62a4af000 r-xp 00002000 08:05 656458                     /usr/lib/jvm/java-11-openjdk-amd64/lib/libjimage.so
7fb62a4af000-7fb62a4b0000 r--p 00005000 08:05 656458                     /usr/lib/jvm/java-11-openjdk-amd64/lib/libjimage.so
7fb62a4b0000-7fb62a4b1000 ---p 00006000 08:05 656458                     /usr/lib/jvm/java-11-openjdk-amd64/lib/libjimage.so
7fb62a4b1000-7fb62a4b2000 r--p 00006000 08:05 656458                     /usr/lib/jvm/java-11-openjdk-amd64/lib/libjimage.so
7fb62a4b2000-7fb62a4b3000 rw-p 00007000 08:05 656458                     /usr/lib/jvm/java-11-openjdk-amd64/lib/libjimage.so
7fb62a4b3000-7fb62a4b6000 r--p 00000000 08:05 656440                     /usr/lib/jvm/java-11-openjdk-amd64/lib/jli/libjli.so
7fb62a4b6000-7fb62a4c0000 r-xp 00003000 08:05 656440                     /usr/lib/jvm/java-11-openjdk-amd64/lib/jli/libjli.so
7fb62a4c0000-7fb62a4c3000 r--p 0000d000 08:05 656440                     /usr/lib/jvm/java-11-openjdk-amd64/lib/jli/libjli.so
7fb62a4c3000-7fb62a4c4000 ---p 00010000 08:05 656440                     /usr/lib/jvm/java-11-openjdk-amd64/lib/jli/libjli.so
7fb62a4c4000-7fb62a4c5000 r--p 00010000 08:05 656440                     /usr/lib/jvm/java-11-openjdk-amd64/lib/jli/libjli.so
7fb62a4c5000-7fb62a4c6000 rw-p 00011000 08:05 656440                     /usr/lib/jvm/java-11-openjdk-amd64/lib/jli/libjli.so
7fb62a4c6000-7fb62a4c8000 rw-p 00000000 00:00 0 
7fb62a4c8000-7fb62a4c9000 r--p 00000000 08:05 533006                     /usr/lib/x86_64-linux-gnu/ld-2.31.so
7fb62a4c9000-7fb62a4ec000 r-xp 00001000 08:05 533006                     /usr/lib/x86_64-linux-gnu/ld-2.31.so
7fb62a4ec000-7fb62a4f4000 r--p 00024000 08:05 533006                     /usr/lib/x86_64-linux-gnu/ld-2.31.so
7fb62a4f5000-7fb62a4f6000 r--p 0002c000 08:05 533006                     /usr/lib/x86_64-linux-gnu/ld-2.31.so
7fb62a4f6000-7fb62a4f7000 rw-p 0002d000 08:05 533006                     /usr/lib/x86_64-linux-gnu/ld-2.31.so
7fb62a4f7000-7fb62a4f8000 rw-p 00000000 00:00 0 
7ffc1d1cc000-7ffc1d1ed000 rw-p 00000000 00:00 0                          [stack]
7ffc1d1ef000-7ffc1d1f3000 r--p 00000000 00:00 0                          [vvar]
7ffc1d1f3000-7ffc1d1f5000 r-xp 00000000 00:00 0                          [vdso]
ffffffffff600000-ffffffffff601000 --xp 00000000 00:00 0                  [vsyscall]


VM Arguments:
jvm_args: -Dclassworlds.conf=/usr/share/maven/bin/m2.conf -Dmaven.home=/usr/share/maven -Dlibrary.jansi.path=/usr/share/maven/lib/jansi-native -Dmaven.multiModuleProjectDirectory=/home/nets212/git/G16/news 
java_command: org.codehaus.plexus.classworlds.launcher.Launcher exec:java@livy
java_class_path (initial): /usr/share/maven/boot/plexus-classworlds-2.x.jar
Launcher Type: SUN_STANDARD

[Global flags]
     intx CICompilerCount                          = 2                                         {product} {ergonomic}
     uint ConcGCThreads                            = 1                                         {product} {ergonomic}
     uint G1ConcRefinementThreads                  = 2                                         {product} {ergonomic}
   size_t G1HeapRegionSize                         = 1048576                                   {product} {ergonomic}
    uintx GCDrainStackTargetSize                   = 64                                        {product} {ergonomic}
   size_t InitialHeapSize                          = 65011712                                  {product} {ergonomic}
   size_t MarkStackSize                            = 4194304                                   {product} {ergonomic}
   size_t MaxHeapSize                              = 1023410176                                {product} {ergonomic}
   size_t MaxNewSize                               = 613416960                                 {product} {ergonomic}
   size_t MinHeapDeltaBytes                        = 1048576                                   {product} {ergonomic}
    uintx NonNMethodCodeHeapSize                   = 5825164                                {pd product} {ergonomic}
    uintx NonProfiledCodeHeapSize                  = 122916538                              {pd product} {ergonomic}
    uintx ProfiledCodeHeapSize                     = 122916538                              {pd product} {ergonomic}
    uintx ReservedCodeCacheSize                    = 251658240                              {pd product} {ergonomic}
     bool SegmentedCodeCache                       = true                                      {product} {ergonomic}
     bool UseCompressedClassPointers               = true                                 {lp64_product} {ergonomic}
     bool UseCompressedOops                        = true                                 {lp64_product} {ergonomic}
     bool UseG1GC                                  = true                                      {product} {ergonomic}

Logging:
Log output configuration:
 #0: stdout all=warning uptime,level,tags
 #1: stderr all=off uptime,level,tags

Environment Variables:
PATH=/usr/local/sbin:/usr/local/bin:/usr/sbin:/usr/bin:/sbin:/bin:/usr/games:/usr/local/games:/snap/bin:/opt/spark/bin:/opt/spark/sbin
USERNAME=nets212
SHELL=/bin/bash
DISPLAY=:0
LANG=en_US.UTF-8

Signal Handlers:
SIGSEGV: [libjvm.so+0xe8ba00], sa_mask[0]=11111111011111111101111111111110, sa_flags=SA_RESTART|SA_SIGINFO
SIGBUS: [libjvm.so+0xe8ba00], sa_mask[0]=11111111011111111101111111111110, sa_flags=SA_RESTART|SA_SIGINFO
SIGFPE: [libjvm.so+0xe8ba00], sa_mask[0]=11111111011111111101111111111110, sa_flags=SA_RESTART|SA_SIGINFO
SIGPIPE: [libjvm.so+0xbd10f0], sa_mask[0]=11111111011111111101111111111110, sa_flags=SA_RESTART|SA_SIGINFO
SIGXFSZ: [libjvm.so+0xbd10f0], sa_mask[0]=11111111011111111101111111111110, sa_flags=SA_RESTART|SA_SIGINFO
SIGILL: [libjvm.so+0xe8ba00], sa_mask[0]=11111111011111111101111111111110, sa_flags=SA_RESTART|SA_SIGINFO
SIGUSR2: [libjvm.so+0xbd0f90], sa_mask[0]=00000000000000000000000000000000, sa_flags=SA_RESTART|SA_SIGINFO
SIGHUP: [libjvm.so+0xbd1430], sa_mask[0]=11111111011111111101111111111110, sa_flags=SA_RESTART|SA_SIGINFO
SIGINT: [libjvm.so+0xbd1430], sa_mask[0]=11111111011111111101111111111110, sa_flags=SA_RESTART|SA_SIGINFO
SIGTERM: [libjvm.so+0xbd1430], sa_mask[0]=11111111011111111101111111111110, sa_flags=SA_RESTART|SA_SIGINFO
SIGQUIT: [libjvm.so+0xbd1430], sa_mask[0]=11111111011111111101111111111110, sa_flags=SA_RESTART|SA_SIGINFO


---------------  S Y S T E M  ---------------

OS:DISTRIB_ID=Ubuntu
DISTRIB_RELEASE=20.04
DISTRIB_CODENAME=focal
DISTRIB_DESCRIPTION="Ubuntu 20.04.2 LTS"
uname:Linux 5.11.0-41-generic #45~20.04.1-Ubuntu SMP Wed Nov 10 10:20:10 UTC 2021 x86_64
OS uptime: 0 days 2:37 hours
libc:glibc 2.31 NPTL 2.31 
rlimit (soft/hard): STACK 8192k/infinity , CORE 0k/infinity , NPROC 15330/15330 , NOFILE 1048576/1048576 , AS infinity/infinity , CPU infinity/infinity , DATA infinity/infinity , FSIZE infinity/infinity , MEMLOCK 65536k/65536k
load average:6.03 2.60 1.30

/proc/meminfo:
MemTotal:        3990200 kB
MemFree:           92772 kB
MemAvailable:      28772 kB
Buffers:            1356 kB
Cached:            73812 kB
SwapCached:         4304 kB
Active:          2763572 kB
Inactive:         595744 kB
Active(anon):    2737452 kB
Inactive(anon):   561992 kB
Active(file):      26120 kB
Inactive(file):    33752 kB
Unevictable:          48 kB
Mlocked:              48 kB
SwapTotal:        945416 kB
SwapFree:              0 kB
Dirty:                36 kB
Writeback:             0 kB
AnonPages:       3280168 kB
Mapped:            59720 kB
Shmem:             15128 kB
KReclaimable:      52428 kB
Slab:             136728 kB
SReclaimable:      52428 kB
SUnreclaim:        84300 kB
KernelStack:       16192 kB
PageTables:        49728 kB
NFS_Unstable:          0 kB
Bounce:                0 kB
WritebackTmp:          0 kB
CommitLimit:     2940516 kB
Committed_AS:    7664688 kB
VmallocTotal:   34359738367 kB
VmallocUsed:       64536 kB
VmallocChunk:          0 kB
Percpu:            88576 kB
HardwareCorrupted:     0 kB
AnonHugePages:         0 kB
ShmemHugePages:        0 kB
ShmemPmdMapped:        0 kB
FileHugePages:         0 kB
FilePmdMapped:         0 kB
HugePages_Total:       0
HugePages_Free:        0
HugePages_Rsvd:        0
HugePages_Surp:        0
Hugepagesize:       2048 kB
Hugetlb:               0 kB
DirectMap4k:      245568 kB
DirectMap2M:     3948544 kB
DirectMap1G:     2097152 kB

/sys/kernel/mm/transparent_hugepage/enabled:
always [madvise] never
/sys/kernel/mm/transparent_hugepage/defrag (defrag/compaction efforts parameter):
always defer defer+madvise [madvise] never

Process Memory:
Virtual Size: 3614560K (peak: 12388040K)
Resident Set Size: 256404K (peak: 336828K) (anon: 256404K, file: 0K, shmem: 0K)
Swapped out: 51120K
C-Heap outstanding allocations: 32276K

/proc/sys/kernel/threads-max (system-wide limit on the number of threads):
30661
/proc/sys/vm/max_map_count (maximum number of memory map areas a process may have):
65530
/proc/sys/kernel/pid_max (system-wide limit on number of process identifiers):
4194304

container (cgroup) information:
container_type: cgroupv1
cpu_cpuset_cpus: 0-1
cpu_memory_nodes: 0
active_processor_count: 2
cpu_quota: -1
cpu_period: 100000
cpu_shares: -1
memory_limit_in_bytes: -1
memory_and_swap_limit_in_bytes: -1
memory_soft_limit_in_bytes: -1
memory_usage_in_bytes: 3482664960
memory_max_usage_in_bytes: 3513065472

VMWare virtualization detected
Steal ticks since vm start: 0
Steal ticks percentage since vm start:  0.000

CPU:total 2 (initial active 2) (1 cores per cpu, 1 threads per core) family 23 model 113 stepping 0 microcode 0x8701021, cmov, cx8, fxsr, mmx, sse, sse2, sse3, ssse3, sse4.1, sse4.2, popcnt, avx, avx2, aes, clmul, mmxext, 3dnowpref, lzcnt, sse4a, tsc, tscinvbit, tscinv, bmi1, bmi2, adx
CPU Model and flags from /proc/cpuinfo:
model name	: AMD Ryzen 9 3900X 12-Core Processor
flags		: fpu vme de pse tsc msr pae mce cx8 apic sep mtrr pge mca cmov pat pse36 clflush mmx fxsr sse sse2 syscall nx mmxext fxsr_opt pdpe1gb rdtscp lm constant_tsc rep_good nopl tsc_reliable nonstop_tsc cpuid extd_apicid pni pclmulqdq ssse3 fma cx16 sse4_1 sse4_2 x2apic movbe popcnt aes xsave avx f16c rdrand hypervisor lahf_lm extapic cr8_legacy abm sse4a misalignsse 3dnowprefetch osvw ssbd ibpb vmmcall fsgsbase bmi1 avx2 smep bmi2 rdseed adx smap clflushopt clwb sha_ni xsaveopt xsavec xsaves clzero arat overflow_recov succor
Online cpus:
0-1
Offline cpus:
2-127
BIOS frequency limitation:
<Not Available>
Frequency switch latency (ns):
<Not Available>
Available cpu frequencies:
<Not Available>
Current governor:
<Not Available>
Core performance/turbo boost:
<Not Available>

Memory: 4k page, physical 3990200k(102348k free), swap 945416k(0k free)

vm_info: OpenJDK 64-Bit Server VM (11.0.11+9-Ubuntu-0ubuntu2.20.04) for linux-amd64 JRE (11.0.11+9-Ubuntu-0ubuntu2.20.04), built on Apr 21 2021 09:15:32 by "unknown" with gcc 9.3.0

END.
