#
# A fatal error has been detected by the Java Runtime Environment:
#
#  SIGSEGV (0xb) at pc=0x00007fe2d3850fcd, pid=9420, tid=9420
#
# JRE version: OpenJDK Runtime Environment (11.0.11+9) (build 11.0.11+9-Ubuntu-0ubuntu2.20.04)
# Java VM: OpenJDK 64-Bit Server VM (11.0.11+9-Ubuntu-0ubuntu2.20.04, mixed mode, sharing, tiered, compressed oops, g1 gc, linux-amd64)
# Problematic frame:
# V  [libjvm.so+0xbd0fcd]
#
# Core dump will be written. Default location: Core dumps may be processed with "/usr/share/apport/apport %p %s %c %d %P %E" (or dumping to /home/nets212/git/G16/news/core.9420)
#
# If you would like to submit a bug report, please visit:
#   https://bugs.launchpad.net/ubuntu/+source/openjdk-lts
#

---------------  S U M M A R Y ------------

Command Line: -Dclassworlds.conf=/usr/share/maven/bin/m2.conf -Dmaven.home=/usr/share/maven -Dlibrary.jansi.path=/usr/share/maven/lib/jansi-native -Dmaven.multiModuleProjectDirectory=/home/nets212/git/G16/news org.codehaus.plexus.classworlds.launcher.Launcher exec:java@livy

Host: AMD Ryzen 9 3900X 12-Core Processor, 2 cores, 3G, Ubuntu 20.04.2 LTS
Time: Sat Dec 11 17:09:17 2021 EST elapsed time: 153.381075 seconds (0d 0h 2m 33s)

---------------  T H R E A D  ---------------

Current thread is native thread

Stack: [0x00007ffd8ced0000,0x00007ffd8d6cf000],  sp=0x00007ffd8d6ca040,  free space=8168k
Native frames: (J=compiled Java code, A=aot compiled Java code, j=interpreted, Vv=VM code, C=native code)
V  [libjvm.so+0xbd0fcd]
C  [libc.so.6+0x46210]


siginfo: si_signo: 11 (SIGSEGV), si_code: 1 (SEGV_MAPERR), si_addr: 0x00000000000000d0

Register to memory mapping:

RAX=0x0 is NULL
RBX=
[error occurred during error reporting (printing register info), id 0xb, SIGSEGV (0xb) at pc=0x00007fe2d3aa8a2c]

Registers:
RAX=0x0000000000000000, RBX=0x00007fe2d3f2a3c0, RCX=0x00007fe2d3f35cd7, RDX=0x00007fe2d3f2a440
RSP=0x00007ffd8d6ca040, RBP=0x00007ffd8d6ca0f0, RSI=0x00007ffd8d6ca230, RDI=0x0000000000000001
R8 =0x0000000000000000, R9 =0x00007fe2d2933700, R10=0x0000000000000000, R11=0x0000000000000246
R12=0x00007ffd8d6ca230, R13=0x00007ffd8d6ca100, R14=0x0000000000000000, R15=0x00007fe2d2933700
RIP=0x00007fe2d3850fcd, EFLAGS=0x0000000000010246, CSGSFS=0x002b000000000033, ERR=0x0000000000000004
  TRAPNO=0x000000000000000e

Top of Stack: (sp=0x00007ffd8d6ca040)
0x00007ffd8d6ca040:   00007fe2d3f769dc 00007fe2d419288a
0x00007ffd8d6ca050:   0000000000000664 00007fe2d3f85330
0x00007ffd8d6ca060:   00007fe2d41855d0 00007ffd8d6ca108
0x00007ffd8d6ca070:   00007ffd8d6ca104 00007fe2d3f29778 

Instructions: (pc=0x00007fe2d3850fcd)
0x00007fe2d3850ecd:   ff 48 85 c0 74 03 c6 00 00 4c 89 f7 4c 89 fa 4c
0x00007fe2d3850edd:   89 ee e8 3c 92 6a ff 4c 89 e7 e8 a4 95 6a ff 48
0x00007fe2d3850eed:   81 c4 08 01 00 00 5b 41 5c 41 5d 41 5e 41 5f 5d
0x00007fe2d3850efd:   c3 66 90 4c 89 e2 be 00 01 00 00 4c 89 ef e8 f0
0x00007fe2d3850f0d:   97 6a ff 48 85 c0 74 ac 48 8d 35 cb 80 3a 00 4c
0x00007fe2d3850f1d:   89 ef e8 dc 95 6a ff 48 85 c0 75 17 48 8d 35 cc
0x00007fe2d3850f2d:   80 3a 00 4c 89 ef e8 c8 95 6a ff 48 85 c0 74 84
0x00007fe2d3850f3d:   0f 1f 00 be 22 00 00 00 4c 89 ef e8 43 96 6a ff
0x00007fe2d3850f4d:   48 85 c0 74 26 4c 8d 68 01 be 22 00 00 00 4c 89
0x00007fe2d3850f5d:   ef e8 2d 96 6a ff 48 85 c0 0f 85 67 ff ff ff e9
0x00007fe2d3850f6d:   65 ff ff ff 0f 1f 80 00 00 00 00 4c 89 ef be 3d
0x00007fe2d3850f7d:   00 00 00 e8 0b 96 6a ff 4c 8d 68 01 e9 33 ff ff
0x00007fe2d3850f8d:   ff 66 90 f3 0f 1e fa 55 48 89 e5 41 57 41 56 41
0x00007fe2d3850f9d:   55 49 89 d5 41 54 49 89 f4 53 48 81 ec 88 00 00
0x00007fe2d3850fad:   00 e8 0d 9d 6a ff 44 8b 30 48 89 c3 e8 22 63 25
0x00007fe2d3850fbd:   00 41 89 c0 31 c0 45 84 c0 74 05 e8 23 63 25 00
0x00007fe2d3850fcd:   48 83 b8 d0 00 00 00 00 74 16 4c 8b b8 70 02 00
0x00007fe2d3850fdd:   00 41 8b 87 a8 00 00 00 83 f8 01 74 16 44 89 33
0x00007fe2d3850fed:   48 81 c4 88 00 00 00 5b 41 5c 41 5d 41 5e 41 5f
0x00007fe2d3850ffd:   5d c3 90 66 49 0f 6e c4 66 49 0f 6e cd ba 02 00
0x00007fe2d385100d:   00 00 be 01 00 00 00 66 0f 6c c1 4d 8d a7 a8 00
0x00007fe2d385101d:   00 00 41 0f 11 87 b0 00 00 00 4c 89 e7 e8 d1 bc
0x00007fe2d385102d:   ff ff 83 f8 02 74 3c 85 c0 75 18 66 0f ef c0 41
0x00007fe2d385103d:   0f 11 87 b0 00 00 00 eb a4 66 2e 0f 1f 84 00 00
0x00007fe2d385104d:   00 00 00 48 8d 05 51 aa 64 00 be d8 11 00 00 48
0x00007fe2d385105d:   8d 3d 75 8a 3a 00 48 8b 00 c6 00 58 e8 f2 af a9
0x00007fe2d385106d:   ff eb c8 4c 8d ad 50 ff ff ff 4c 89 ef e8 a1 98
0x00007fe2d385107d:   6a ff 4c 89 ea 31 f6 31 ff e8 b5 99 6a ff 8b 35
0x00007fe2d385108d:   9f 56 66 00 4c 89 ef e8 57 95 6a ff be 01 00 00
0x00007fe2d385109d:   00 48 8d 3d db a2 6a 00 e8 16 a1 0c 00 66 0f 1f
0x00007fe2d38510ad:   44 00 00 4c 89 ef e8 68 9c 6a ff 31 d2 be 03 00
0x00007fe2d38510bd:   00 00 4c 89 e7 e8 39 bc ff ff 85 c0 75 e5 be 01 


Stack slot to memory mapping:
stack at sp + 0 slots: 
[error occurred during error reporting (inspecting top of stack), id 0xb, SIGSEGV (0xb) at pc=0x00007fe2d3aa8a2c]


---------------  P R O C E S S  ---------------

VM state:not at safepoint (normal execution)

VM Mutex/Monitor currently owned by a thread: None

Heap address: 0x00000000c3000000, size: 976 MB, Compressed Oops mode: 32-bit
Narrow klass base: 0x0000000800000000, Narrow klass shift: 3
Compressed class space size: 1073741824 Address: 0x0000000840000000

Heap:
 garbage-first heap   total 155648K, used 107167K [0x00000000c3000000, 0x0000000100000000)
  region size 1024K, 50 young (51200K), 2 survivors (2048K)
 Metaspace       used 45992K, capacity 46971K, committed 47484K, reserved 1089536K
  class space    used 6004K, capacity 6453K, committed 6524K, reserved 1048576K
Heap Regions: E=young(eden), S=young(survivor), O=old, HS=humongous(starts), HC=humongous(continues), CS=collection set, F=free, A=archive, TAMS=top-at-mark-start (previous, next)
|   0|0x00000000c3000000, 0x00000000c3100000, 0x00000000c3100000|100%| O|  |TAMS 0x00000000c3100000, 0x00000000c3000000| Untracked 
|   1|0x00000000c3100000, 0x00000000c3200000, 0x00000000c3200000|100%| O|  |TAMS 0x00000000c3200000, 0x00000000c3100000| Untracked 
|   2|0x00000000c3200000, 0x00000000c3300000, 0x00000000c3300000|100%| O|  |TAMS 0x00000000c3300000, 0x00000000c3200000| Untracked 
|   3|0x00000000c3300000, 0x00000000c3400000, 0x00000000c3400000|100%| O|  |TAMS 0x00000000c3400000, 0x00000000c3300000| Untracked 
|   4|0x00000000c3400000, 0x00000000c3500000, 0x00000000c3500000|100%| O|  |TAMS 0x00000000c3500000, 0x00000000c3400000| Untracked 
|   5|0x00000000c3500000, 0x00000000c3600000, 0x00000000c3600000|100%| O|  |TAMS 0x00000000c3600000, 0x00000000c3500000| Untracked 
|   6|0x00000000c3600000, 0x00000000c3700000, 0x00000000c3700000|100%| O|  |TAMS 0x00000000c3700000, 0x00000000c3600000| Untracked 
|   7|0x00000000c3700000, 0x00000000c3800000, 0x00000000c3800000|100%| O|  |TAMS 0x00000000c3800000, 0x00000000c3700000| Untracked 
|   8|0x00000000c3800000, 0x00000000c3900000, 0x00000000c3900000|100%| O|  |TAMS 0x00000000c3900000, 0x00000000c3800000| Untracked 
|   9|0x00000000c3900000, 0x00000000c3a00000, 0x00000000c3a00000|100%| O|  |TAMS 0x00000000c3a00000, 0x00000000c3900000| Untracked 
|  10|0x00000000c3a00000, 0x00000000c3b00000, 0x00000000c3b00000|100%| O|  |TAMS 0x00000000c3b00000, 0x00000000c3a00000| Untracked 
|  11|0x00000000c3b00000, 0x00000000c3c00000, 0x00000000c3c00000|100%| O|  |TAMS 0x00000000c3c00000, 0x00000000c3b00000| Untracked 
|  12|0x00000000c3c00000, 0x00000000c3d00000, 0x00000000c3d00000|100%|HS|  |TAMS 0x00000000c3d00000, 0x00000000c3c00000| Complete 
|  13|0x00000000c3d00000, 0x00000000c3e00000, 0x00000000c3e00000|100%|HC|  |TAMS 0x00000000c3e00000, 0x00000000c3d00000| Complete 
|  14|0x00000000c3e00000, 0x00000000c3f00000, 0x00000000c3f00000|100%|HC|  |TAMS 0x00000000c3f00000, 0x00000000c3e00000| Complete 
|  15|0x00000000c3f00000, 0x00000000c4000000, 0x00000000c4000000|100%|HS|  |TAMS 0x00000000c4000000, 0x00000000c3f00000| Complete 
|  16|0x00000000c4000000, 0x00000000c4100000, 0x00000000c4100000|100%|HC|  |TAMS 0x00000000c4100000, 0x00000000c4000000| Complete 
|  17|0x00000000c4100000, 0x00000000c4200000, 0x00000000c4200000|100%|HS|  |TAMS 0x00000000c4200000, 0x00000000c4100000| Complete 
|  18|0x00000000c4200000, 0x00000000c4300000, 0x00000000c4300000|100%|HC|  |TAMS 0x00000000c4300000, 0x00000000c4200000| Complete 
|  19|0x00000000c4300000, 0x00000000c4400000, 0x00000000c4400000|100%|HC|  |TAMS 0x00000000c4400000, 0x00000000c4300000| Complete 
|  20|0x00000000c4400000, 0x00000000c4500000, 0x00000000c4500000|100%|HC|  |TAMS 0x00000000c4500000, 0x00000000c4400000| Complete 
|  21|0x00000000c4500000, 0x00000000c4600000, 0x00000000c4600000|100%|HC|  |TAMS 0x00000000c4600000, 0x00000000c4500000| Complete 
|  22|0x00000000c4600000, 0x00000000c4700000, 0x00000000c4700000|100%|HC|  |TAMS 0x00000000c4700000, 0x00000000c4600000| Complete 
|  23|0x00000000c4700000, 0x00000000c4800000, 0x00000000c4800000|100%|HC|  |TAMS 0x00000000c4800000, 0x00000000c4700000| Complete 
|  24|0x00000000c4800000, 0x00000000c4900000, 0x00000000c4900000|100%|HC|  |TAMS 0x00000000c4900000, 0x00000000c4800000| Complete 
|  25|0x00000000c4900000, 0x00000000c4a00000, 0x00000000c4a00000|100%|HC|  |TAMS 0x00000000c4a00000, 0x00000000c4900000| Complete 
|  26|0x00000000c4a00000, 0x00000000c4b00000, 0x00000000c4b00000|100%|HC|  |TAMS 0x00000000c4b00000, 0x00000000c4a00000| Complete 
|  27|0x00000000c4b00000, 0x00000000c4c00000, 0x00000000c4c00000|100%|HC|  |TAMS 0x00000000c4c00000, 0x00000000c4b00000| Complete 
|  28|0x00000000c4c00000, 0x00000000c4d00000, 0x00000000c4d00000|100%|HS|  |TAMS 0x00000000c4d00000, 0x00000000c4c00000| Complete 
|  29|0x00000000c4d00000, 0x00000000c4e00000, 0x00000000c4e00000|100%|HC|  |TAMS 0x00000000c4e00000, 0x00000000c4d00000| Complete 
|  30|0x00000000c4e00000, 0x00000000c4f00000, 0x00000000c4f00000|100%|HS|  |TAMS 0x00000000c4f00000, 0x00000000c4e00000| Complete 
|  31|0x00000000c4f00000, 0x00000000c5000000, 0x00000000c5000000|100%| O|  |TAMS 0x00000000c5000000, 0x00000000c4f00000| Untracked 
|  32|0x00000000c5000000, 0x00000000c5100000, 0x00000000c5100000|100%| O|  |TAMS 0x00000000c5100000, 0x00000000c5000000| Untracked 
|  33|0x00000000c5100000, 0x00000000c5200000, 0x00000000c5200000|100%| O|  |TAMS 0x00000000c5200000, 0x00000000c5100000| Untracked 
|  34|0x00000000c5200000, 0x00000000c5300000, 0x00000000c5300000|100%| O|  |TAMS 0x00000000c5300000, 0x00000000c5200000| Untracked 
|  35|0x00000000c5300000, 0x00000000c5400000, 0x00000000c5400000|100%| O|  |TAMS 0x00000000c5400000, 0x00000000c5300000| Untracked 
|  36|0x00000000c5400000, 0x00000000c5500000, 0x00000000c5500000|100%| O|  |TAMS 0x00000000c5500000, 0x00000000c5400000| Untracked 
|  37|0x00000000c5500000, 0x00000000c5600000, 0x00000000c5600000|100%| O|  |TAMS 0x00000000c5600000, 0x00000000c5500000| Untracked 
|  38|0x00000000c5600000, 0x00000000c5700000, 0x00000000c5700000|100%| O|  |TAMS 0x00000000c5700000, 0x00000000c5600000| Untracked 
|  39|0x00000000c5700000, 0x00000000c5800000, 0x00000000c5800000|100%| O|  |TAMS 0x00000000c5800000, 0x00000000c5700000| Untracked 
|  40|0x00000000c5800000, 0x00000000c5900000, 0x00000000c5900000|100%| O|  |TAMS 0x00000000c5900000, 0x00000000c5800000| Untracked 
|  41|0x00000000c5900000, 0x00000000c5a00000, 0x00000000c5a00000|100%| O|  |TAMS 0x00000000c5a00000, 0x00000000c5900000| Untracked 
|  42|0x00000000c5a00000, 0x00000000c5b00000, 0x00000000c5b00000|100%| O|  |TAMS 0x00000000c5b00000, 0x00000000c5a00000| Untracked 
|  43|0x00000000c5b00000, 0x00000000c5c00000, 0x00000000c5c00000|100%| O|  |TAMS 0x00000000c5c00000, 0x00000000c5b00000| Untracked 
|  44|0x00000000c5c00000, 0x00000000c5d00000, 0x00000000c5d00000|100%| O|  |TAMS 0x00000000c5d00000, 0x00000000c5c00000| Untracked 
|  45|0x00000000c5d00000, 0x00000000c5e00000, 0x00000000c5e00000|100%| O|  |TAMS 0x00000000c5e00000, 0x00000000c5d00000| Untracked 
|  46|0x00000000c5e00000, 0x00000000c5f00000, 0x00000000c5f00000|100%| O|  |TAMS 0x00000000c5f00000, 0x00000000c5e00000| Untracked 
|  47|0x00000000c5f00000, 0x00000000c6000000, 0x00000000c6000000|100%| O|  |TAMS 0x00000000c6000000, 0x00000000c5f00000| Untracked 
|  48|0x00000000c6000000, 0x00000000c6100000, 0x00000000c6100000|100%| O|  |TAMS 0x00000000c6100000, 0x00000000c6000000| Untracked 
|  49|0x00000000c6100000, 0x00000000c6200000, 0x00000000c6200000|100%| O|  |TAMS 0x00000000c6200000, 0x00000000c6100000| Untracked 
|  50|0x00000000c6200000, 0x00000000c6300000, 0x00000000c6300000|100%| O|  |TAMS 0x00000000c6300000, 0x00000000c6200000| Untracked 
|  51|0x00000000c6300000, 0x00000000c6400000, 0x00000000c6400000|100%| O|  |TAMS 0x00000000c6300000, 0x00000000c6300000| Untracked 
|  52|0x00000000c6400000, 0x00000000c6500000, 0x00000000c6500000|100%| O|  |TAMS 0x00000000c6400000, 0x00000000c6400000| Untracked 
|  53|0x00000000c6500000, 0x00000000c6600000, 0x00000000c6600000|100%| O|  |TAMS 0x00000000c6500000, 0x00000000c6500000| Untracked 
|  54|0x00000000c6600000, 0x00000000c66f5e00, 0x00000000c6700000| 96%| O|  |TAMS 0x00000000c6600000, 0x00000000c6600000| Untracked 
|  55|0x00000000c6700000, 0x00000000c6700000, 0x00000000c6800000|  0%| F|  |TAMS 0x00000000c6700000, 0x00000000c6700000| Untracked 
|  56|0x00000000c6800000, 0x00000000c6800000, 0x00000000c6900000|  0%| F|  |TAMS 0x00000000c6800000, 0x00000000c6800000| Untracked 
|  57|0x00000000c6900000, 0x00000000c6900000, 0x00000000c6a00000|  0%| F|  |TAMS 0x00000000c6900000, 0x00000000c6900000| Untracked 
|  58|0x00000000c6a00000, 0x00000000c6a00000, 0x00000000c6b00000|  0%| F|  |TAMS 0x00000000c6a00000, 0x00000000c6a00000| Untracked 
|  59|0x00000000c6b00000, 0x00000000c6b00000, 0x00000000c6c00000|  0%| F|  |TAMS 0x00000000c6b00000, 0x00000000c6b00000| Untracked 
|  60|0x00000000c6c00000, 0x00000000c6c00000, 0x00000000c6d00000|  0%| F|  |TAMS 0x00000000c6c00000, 0x00000000c6c00000| Untracked 
|  61|0x00000000c6d00000, 0x00000000c6d00000, 0x00000000c6e00000|  0%| F|  |TAMS 0x00000000c6d00000, 0x00000000c6d00000| Untracked 
|  62|0x00000000c6e00000, 0x00000000c6e00000, 0x00000000c6f00000|  0%| F|  |TAMS 0x00000000c6e00000, 0x00000000c6e00000| Untracked 
|  63|0x00000000c6f00000, 0x00000000c6f00000, 0x00000000c7000000|  0%| F|  |TAMS 0x00000000c6f00000, 0x00000000c6f00000| Untracked 
|  64|0x00000000c7000000, 0x00000000c7000000, 0x00000000c7100000|  0%| F|  |TAMS 0x00000000c7000000, 0x00000000c7000000| Untracked 
|  65|0x00000000c7100000, 0x00000000c7100000, 0x00000000c7200000|  0%| F|  |TAMS 0x00000000c7100000, 0x00000000c7100000| Untracked 
|  66|0x00000000c7200000, 0x00000000c7200000, 0x00000000c7300000|  0%| F|  |TAMS 0x00000000c7200000, 0x00000000c7200000| Untracked 
|  67|0x00000000c7300000, 0x00000000c7300000, 0x00000000c7400000|  0%| F|  |TAMS 0x00000000c7300000, 0x00000000c7300000| Untracked 
|  68|0x00000000c7400000, 0x00000000c7400000, 0x00000000c7500000|  0%| F|  |TAMS 0x00000000c7400000, 0x00000000c7400000| Untracked 
|  69|0x00000000c7500000, 0x00000000c7500000, 0x00000000c7600000|  0%| F|  |TAMS 0x00000000c7500000, 0x00000000c7500000| Untracked 
|  70|0x00000000c7600000, 0x00000000c7600000, 0x00000000c7700000|  0%| F|  |TAMS 0x00000000c7600000, 0x00000000c7600000| Untracked 
|  71|0x00000000c7700000, 0x00000000c7700000, 0x00000000c7800000|  0%| F|  |TAMS 0x00000000c7700000, 0x00000000c7700000| Untracked 
|  72|0x00000000c7800000, 0x00000000c7800000, 0x00000000c7900000|  0%| F|  |TAMS 0x00000000c7800000, 0x00000000c7800000| Untracked 
|  73|0x00000000c7900000, 0x00000000c7900000, 0x00000000c7a00000|  0%| F|  |TAMS 0x00000000c7900000, 0x00000000c7900000| Untracked 
|  74|0x00000000c7a00000, 0x00000000c7a00000, 0x00000000c7b00000|  0%| F|  |TAMS 0x00000000c7a00000, 0x00000000c7a00000| Untracked 
|  75|0x00000000c7b00000, 0x00000000c7b00000, 0x00000000c7c00000|  0%| F|  |TAMS 0x00000000c7b00000, 0x00000000c7b00000| Untracked 
|  76|0x00000000c7c00000, 0x00000000c7c00000, 0x00000000c7d00000|  0%| F|  |TAMS 0x00000000c7c00000, 0x00000000c7c00000| Untracked 
|  77|0x00000000c7d00000, 0x00000000c7d00000, 0x00000000c7e00000|  0%| F|  |TAMS 0x00000000c7d00000, 0x00000000c7d00000| Untracked 
|  78|0x00000000c7e00000, 0x00000000c7e00000, 0x00000000c7f00000|  0%| F|  |TAMS 0x00000000c7e00000, 0x00000000c7e00000| Untracked 
|  79|0x00000000c7f00000, 0x00000000c7f00000, 0x00000000c8000000|  0%| F|  |TAMS 0x00000000c7f00000, 0x00000000c7f00000| Untracked 
|  80|0x00000000c8000000, 0x00000000c8000000, 0x00000000c8100000|  0%| F|  |TAMS 0x00000000c8000000, 0x00000000c8000000| Untracked 
|  81|0x00000000c8100000, 0x00000000c8100000, 0x00000000c8200000|  0%| F|  |TAMS 0x00000000c8100000, 0x00000000c8100000| Untracked 
|  82|0x00000000c8200000, 0x00000000c8200000, 0x00000000c8300000|  0%| F|  |TAMS 0x00000000c8200000, 0x00000000c8200000| Untracked 
|  83|0x00000000c8300000, 0x00000000c8300000, 0x00000000c8400000|  0%| F|  |TAMS 0x00000000c8300000, 0x00000000c8300000| Untracked 
|  84|0x00000000c8400000, 0x00000000c8400000, 0x00000000c8500000|  0%| F|  |TAMS 0x00000000c8400000, 0x00000000c8400000| Untracked 
|  85|0x00000000c8500000, 0x00000000c8500000, 0x00000000c8600000|  0%| F|  |TAMS 0x00000000c8500000, 0x00000000c8500000| Untracked 
|  86|0x00000000c8600000, 0x00000000c8600000, 0x00000000c8700000|  0%| F|  |TAMS 0x00000000c8600000, 0x00000000c8600000| Untracked 
|  87|0x00000000c8700000, 0x00000000c8700000, 0x00000000c8800000|  0%| F|  |TAMS 0x00000000c8700000, 0x00000000c8700000| Untracked 
|  88|0x00000000c8800000, 0x00000000c8800000, 0x00000000c8900000|  0%| F|  |TAMS 0x00000000c8800000, 0x00000000c8800000| Untracked 
|  89|0x00000000c8900000, 0x00000000c8900000, 0x00000000c8a00000|  0%| F|  |TAMS 0x00000000c8900000, 0x00000000c8900000| Untracked 
|  90|0x00000000c8a00000, 0x00000000c8a00000, 0x00000000c8b00000|  0%| F|  |TAMS 0x00000000c8a00000, 0x00000000c8a00000| Untracked 
|  91|0x00000000c8b00000, 0x00000000c8b00000, 0x00000000c8c00000|  0%| F|  |TAMS 0x00000000c8b00000, 0x00000000c8b00000| Untracked 
|  92|0x00000000c8c00000, 0x00000000c8c00000, 0x00000000c8d00000|  0%| F|  |TAMS 0x00000000c8c00000, 0x00000000c8c00000| Untracked 
|  93|0x00000000c8d00000, 0x00000000c8d00000, 0x00000000c8e00000|  0%| F|  |TAMS 0x00000000c8d00000, 0x00000000c8d00000| Untracked 
|  94|0x00000000c8e00000, 0x00000000c8e00000, 0x00000000c8f00000|  0%| F|  |TAMS 0x00000000c8e00000, 0x00000000c8e00000| Untracked 
|  95|0x00000000c8f00000, 0x00000000c8f00000, 0x00000000c9000000|  0%| F|  |TAMS 0x00000000c8f00000, 0x00000000c8f00000| Untracked 
|  96|0x00000000c9000000, 0x00000000c9000000, 0x00000000c9100000|  0%| F|  |TAMS 0x00000000c9000000, 0x00000000c9000000| Untracked 
|  97|0x00000000c9100000, 0x00000000c9100000, 0x00000000c9200000|  0%| F|  |TAMS 0x00000000c9100000, 0x00000000c9100000| Untracked 
|  98|0x00000000c9200000, 0x00000000c9200000, 0x00000000c9300000|  0%| F|  |TAMS 0x00000000c9200000, 0x00000000c9200000| Untracked 
|  99|0x00000000c9300000, 0x00000000c9300000, 0x00000000c9400000|  0%| F|  |TAMS 0x00000000c9300000, 0x00000000c9300000| Untracked 
| 100|0x00000000c9400000, 0x00000000c94c3970, 0x00000000c9500000| 76%| E|  |TAMS 0x00000000c9400000, 0x00000000c9400000| Complete 
| 101|0x00000000c9500000, 0x00000000c9600000, 0x00000000c9600000|100%| E|CS|TAMS 0x00000000c9500000, 0x00000000c9500000| Complete 
| 102|0x00000000c9600000, 0x00000000c9700000, 0x00000000c9700000|100%| S|CS|TAMS 0x00000000c9600000, 0x00000000c9600000| Complete 
| 103|0x00000000c9700000, 0x00000000c9800000, 0x00000000c9800000|100%| S|CS|TAMS 0x00000000c9700000, 0x00000000c9700000| Complete 
| 104|0x00000000c9800000, 0x00000000c9900000, 0x00000000c9900000|100%| E|CS|TAMS 0x00000000c9800000, 0x00000000c9800000| Complete 
| 105|0x00000000c9900000, 0x00000000c9a00000, 0x00000000c9a00000|100%| E|CS|TAMS 0x00000000c9900000, 0x00000000c9900000| Complete 
| 106|0x00000000c9a00000, 0x00000000c9b00000, 0x00000000c9b00000|100%| E|CS|TAMS 0x00000000c9a00000, 0x00000000c9a00000| Complete 
| 107|0x00000000c9b00000, 0x00000000c9c00000, 0x00000000c9c00000|100%| E|CS|TAMS 0x00000000c9b00000, 0x00000000c9b00000| Complete 
| 108|0x00000000c9c00000, 0x00000000c9d00000, 0x00000000c9d00000|100%| E|CS|TAMS 0x00000000c9c00000, 0x00000000c9c00000| Complete 
| 109|0x00000000c9d00000, 0x00000000c9e00000, 0x00000000c9e00000|100%| E|CS|TAMS 0x00000000c9d00000, 0x00000000c9d00000| Complete 
| 110|0x00000000c9e00000, 0x00000000c9f00000, 0x00000000c9f00000|100%| E|CS|TAMS 0x00000000c9e00000, 0x00000000c9e00000| Complete 
| 111|0x00000000c9f00000, 0x00000000ca000000, 0x00000000ca000000|100%| E|CS|TAMS 0x00000000c9f00000, 0x00000000c9f00000| Complete 
| 112|0x00000000ca000000, 0x00000000ca100000, 0x00000000ca100000|100%| E|CS|TAMS 0x00000000ca000000, 0x00000000ca000000| Complete 
| 113|0x00000000ca100000, 0x00000000ca200000, 0x00000000ca200000|100%| E|CS|TAMS 0x00000000ca100000, 0x00000000ca100000| Complete 
| 114|0x00000000ca200000, 0x00000000ca300000, 0x00000000ca300000|100%| E|CS|TAMS 0x00000000ca200000, 0x00000000ca200000| Complete 
| 115|0x00000000ca300000, 0x00000000ca400000, 0x00000000ca400000|100%| E|CS|TAMS 0x00000000ca300000, 0x00000000ca300000| Complete 
| 116|0x00000000ca400000, 0x00000000ca500000, 0x00000000ca500000|100%| E|CS|TAMS 0x00000000ca400000, 0x00000000ca400000| Complete 
| 117|0x00000000ca500000, 0x00000000ca600000, 0x00000000ca600000|100%| E|CS|TAMS 0x00000000ca500000, 0x00000000ca500000| Complete 
| 118|0x00000000ca600000, 0x00000000ca700000, 0x00000000ca700000|100%| E|CS|TAMS 0x00000000ca600000, 0x00000000ca600000| Complete 
| 119|0x00000000ca700000, 0x00000000ca800000, 0x00000000ca800000|100%| E|CS|TAMS 0x00000000ca700000, 0x00000000ca700000| Complete 
| 120|0x00000000ca800000, 0x00000000ca900000, 0x00000000ca900000|100%| E|CS|TAMS 0x00000000ca800000, 0x00000000ca800000| Complete 
| 121|0x00000000ca900000, 0x00000000caa00000, 0x00000000caa00000|100%| E|CS|TAMS 0x00000000ca900000, 0x00000000ca900000| Complete 
| 122|0x00000000caa00000, 0x00000000cab00000, 0x00000000cab00000|100%| E|CS|TAMS 0x00000000caa00000, 0x00000000caa00000| Complete 
| 123|0x00000000cab00000, 0x00000000cac00000, 0x00000000cac00000|100%| E|CS|TAMS 0x00000000cab00000, 0x00000000cab00000| Complete 
| 124|0x00000000cac00000, 0x00000000cad00000, 0x00000000cad00000|100%| E|CS|TAMS 0x00000000cac00000, 0x00000000cac00000| Complete 
| 125|0x00000000cad00000, 0x00000000cae00000, 0x00000000cae00000|100%| E|CS|TAMS 0x00000000cad00000, 0x00000000cad00000| Complete 
| 126|0x00000000cae00000, 0x00000000caf00000, 0x00000000caf00000|100%| E|CS|TAMS 0x00000000cae00000, 0x00000000cae00000| Complete 
| 127|0x00000000caf00000, 0x00000000cb000000, 0x00000000cb000000|100%| E|CS|TAMS 0x00000000caf00000, 0x00000000caf00000| Complete 
| 128|0x00000000cb000000, 0x00000000cb100000, 0x00000000cb100000|100%| E|CS|TAMS 0x00000000cb000000, 0x00000000cb000000| Complete 
| 129|0x00000000cb100000, 0x00000000cb200000, 0x00000000cb200000|100%| E|CS|TAMS 0x00000000cb100000, 0x00000000cb100000| Complete 
| 130|0x00000000cb200000, 0x00000000cb300000, 0x00000000cb300000|100%| E|CS|TAMS 0x00000000cb200000, 0x00000000cb200000| Complete 
| 131|0x00000000cb300000, 0x00000000cb400000, 0x00000000cb400000|100%| E|CS|TAMS 0x00000000cb300000, 0x00000000cb300000| Complete 
| 132|0x00000000cb400000, 0x00000000cb500000, 0x00000000cb500000|100%| E|CS|TAMS 0x00000000cb400000, 0x00000000cb400000| Complete 
| 133|0x00000000cb500000, 0x00000000cb600000, 0x00000000cb600000|100%| E|CS|TAMS 0x00000000cb500000, 0x00000000cb500000| Complete 
| 134|0x00000000cb600000, 0x00000000cb700000, 0x00000000cb700000|100%| E|CS|TAMS 0x00000000cb600000, 0x00000000cb600000| Complete 
| 135|0x00000000cb700000, 0x00000000cb800000, 0x00000000cb800000|100%| E|CS|TAMS 0x00000000cb700000, 0x00000000cb700000| Complete 
| 136|0x00000000cb800000, 0x00000000cb900000, 0x00000000cb900000|100%| E|CS|TAMS 0x00000000cb800000, 0x00000000cb800000| Complete 
| 137|0x00000000cb900000, 0x00000000cba00000, 0x00000000cba00000|100%| E|CS|TAMS 0x00000000cb900000, 0x00000000cb900000| Complete 
| 138|0x00000000cba00000, 0x00000000cbb00000, 0x00000000cbb00000|100%| E|CS|TAMS 0x00000000cba00000, 0x00000000cba00000| Complete 
| 139|0x00000000cbb00000, 0x00000000cbc00000, 0x00000000cbc00000|100%| E|CS|TAMS 0x00000000cbb00000, 0x00000000cbb00000| Complete 
| 140|0x00000000cbc00000, 0x00000000cbd00000, 0x00000000cbd00000|100%| E|CS|TAMS 0x00000000cbc00000, 0x00000000cbc00000| Complete 
| 141|0x00000000cbd00000, 0x00000000cbe00000, 0x00000000cbe00000|100%| E|CS|TAMS 0x00000000cbd00000, 0x00000000cbd00000| Complete 
| 142|0x00000000cbe00000, 0x00000000cbf00000, 0x00000000cbf00000|100%| E|CS|TAMS 0x00000000cbe00000, 0x00000000cbe00000| Complete 
| 143|0x00000000cbf00000, 0x00000000cc000000, 0x00000000cc000000|100%| E|CS|TAMS 0x00000000cbf00000, 0x00000000cbf00000| Complete 
| 144|0x00000000cc000000, 0x00000000cc100000, 0x00000000cc100000|100%| E|CS|TAMS 0x00000000cc000000, 0x00000000cc000000| Complete 
| 145|0x00000000cc100000, 0x00000000cc200000, 0x00000000cc200000|100%| E|CS|TAMS 0x00000000cc100000, 0x00000000cc100000| Complete 
| 146|0x00000000cc200000, 0x00000000cc300000, 0x00000000cc300000|100%| E|CS|TAMS 0x00000000cc200000, 0x00000000cc200000| Complete 
| 147|0x00000000cc300000, 0x00000000cc400000, 0x00000000cc400000|100%| E|CS|TAMS 0x00000000cc300000, 0x00000000cc300000| Complete 
| 148|0x00000000cc400000, 0x00000000cc500000, 0x00000000cc500000|100%| E|CS|TAMS 0x00000000cc400000, 0x00000000cc400000| Complete 
| 149|0x00000000cc500000, 0x00000000cc600000, 0x00000000cc600000|100%| E|CS|TAMS 0x00000000cc500000, 0x00000000cc500000| Complete 
| 974|0x00000000ffe00000, 0x00000000ffe47000, 0x00000000fff00000| 27%|OA|  |TAMS 0x00000000ffe47000, 0x00000000ffe00000| Untracked 
| 975|0x00000000fff00000, 0x00000000fff6b000, 0x0000000100000000| 41%|CA|  |TAMS 0x00000000fff6b000, 0x00000000fff00000| Untracked 

Card table byte_map: [0x00007fe2d1f04000,0x00007fe2d20ec000] _byte_map_base: 0x00007fe2d18ec000

Marking Bits (Prev, Next): (CMBitMap*) 0x00007fe2cc044178, (CMBitMap*) 0x00007fe2cc0441b0
 Prev Bits: [0x00007fe2d0ddc000, 0x00007fe2d1d1c000)
 Next Bits: [0x00007fe2af0c0000, 0x00007fe2b0000000)

Polling page: 0x00007fe2d4167000

Metaspace:

Usage:
  Non-class:     39.57 MB capacity,    39.05 MB ( 99%) used,   433.76 KB (  1%) free+waste,    95.56 KB ( <1%) overhead. 
      Class:      6.30 MB capacity,     5.86 MB ( 93%) used,   399.74 KB (  6%) free+waste,    49.25 KB ( <1%) overhead. 
       Both:     45.87 MB capacity,    44.91 MB ( 98%) used,   833.50 KB (  2%) free+waste,   144.81 KB ( <1%) overhead. 

Virtual space:
  Non-class space:       40.00 MB reserved,      40.00 MB (100%) committed 
      Class space:        1.00 GB reserved,       6.37 MB ( <1%) committed 
             Both:        1.04 GB reserved,      46.37 MB (  4%) committed 

Chunk freelists:
   Non-Class:  222.00 KB
       Class:  11.00 KB
        Both:  233.00 KB

MaxMetaspaceSize: unlimited
CompressedClassSpaceSize: 1.00 GB

CodeHeap 'non-profiled nmethods': size=120036Kb used=2194Kb max_used=2194Kb free=117841Kb
 bounds [0x00007fe2bc33f000, 0x00007fe2bc5af000, 0x00007fe2c3878000]
CodeHeap 'profiled nmethods': size=120032Kb used=10915Kb max_used=10915Kb free=109116Kb
 bounds [0x00007fe2b4e07000, 0x00007fe2b58b7000, 0x00007fe2bc33f000]
CodeHeap 'non-nmethods': size=5692Kb used=1194Kb max_used=1237Kb free=4497Kb
 bounds [0x00007fe2b4878000, 0x00007fe2b4ae8000, 0x00007fe2b4e07000]
 total_blobs=5931 nmethods=5370 adapters=472
 compilation: enabled
              stopped_count=0, restarted_count=0
 full_count=0

Compilation events (20 events):
Event: 145.626 Thread 0x00007fe2cc0c4800 5399       3       java.util.ImmutableCollections$AbstractImmutableList::iterator (13 bytes)
Event: 145.626 Thread 0x00007fe2cc0c4800 nmethod 5399 0x00007fe2b58adc10 code [0x00007fe2b58adde0, 0x00007fe2b58ae160]
Event: 145.626 Thread 0x00007fe2cc0c4800 5400       3       java.util.ImmutableCollections$ListItr::<init> (25 bytes)
Event: 145.626 Thread 0x00007fe2cc0c4800 nmethod 5400 0x00007fe2b58ae290 code [0x00007fe2b58ae440, 0x00007fe2b58ae630]
Event: 145.646 Thread 0x00007fe2cc0c2800 5401       4       org.apache.livy.shaded.apache.http.util.CharArrayBuffer::charAt (7 bytes)
Event: 145.646 Thread 0x00007fe2cc0c2800 nmethod 5401 0x00007fe2bc562990 code [0x00007fe2bc562b20, 0x00007fe2bc562bb8]
Event: 150.647 Thread 0x00007fe2cc0c4800 5402       1       java.net.URI::getRawQuery (5 bytes)
Event: 150.648 Thread 0x00007fe2cc0c4800 nmethod 5402 0x00007fe2bc562c90 code [0x00007fe2bc562e40, 0x00007fe2bc562f10]
Event: 150.648 Thread 0x00007fe2cc0c4800 5403       3       org.apache.livy.shaded.apache.http.client.protocol.HttpClientContext::getRequestConfig (24 bytes)
Event: 150.648 Thread 0x00007fe2cc0c4800 nmethod 5403 0x00007fe2b58ae710 code [0x00007fe2b58ae940, 0x00007fe2b58af150]
Event: 150.656 Thread 0x00007fe2cc0c4800 5404       1       org.apache.livy.shaded.apache.http.conn.routing.HttpRoute::isSecure (5 bytes)
Event: 150.656 Thread 0x00007fe2cc0c4800 nmethod 5404 0x00007fe2bc562f90 code [0x00007fe2bc563140, 0x00007fe2bc563210]
Event: 150.657 Thread 0x00007fe2cc0c4800 5405       3       org.apache.livy.shaded.apache.http.message.BasicLineFormatter::initBuffer (25 bytes)
Event: 150.657 Thread 0x00007fe2cc0c4800 nmethod 5405 0x00007fe2b58af390 code [0x00007fe2b58af580, 0x00007fe2b58af9c0]
Event: 150.668 Thread 0x00007fe2cc0c4800 5406       1       org.apache.livy.shaded.apache.http.auth.AuthState::getState (5 bytes)
Event: 150.668 Thread 0x00007fe2cc0c4800 nmethod 5406 0x00007fe2bc563290 code [0x00007fe2bc563440, 0x00007fe2bc563510]
Event: 150.669 Thread 0x00007fe2cc0c4800 5408       3       java.util.concurrent.atomic.AtomicBoolean::get (13 bytes)
Event: 150.669 Thread 0x00007fe2cc0c4800 nmethod 5408 0x00007fe2b58afb90 code [0x00007fe2b58afd40, 0x00007fe2b58afeb0]
Event: 150.669 Thread 0x00007fe2cc0c4800 5407       1       org.apache.livy.shaded.apache.http.auth.AuthState::getAuthScheme (5 bytes)
Event: 150.669 Thread 0x00007fe2cc0c4800 nmethod 5407 0x00007fe2bc563590 code [0x00007fe2bc563740, 0x00007fe2bc563810]

GC Heap History (20 events):
Event: 1.688 GC heap before
{Heap before GC invocations=4 (full 0):
 garbage-first heap   total 65536K, used 35796K [0x00000000c3000000, 0x0000000100000000)
  region size 1024K, 32 young (32768K), 2 survivors (2048K)
 Metaspace       used 12950K, capacity 14713K, committed 15232K, reserved 1062912K
  class space    used 1569K, capacity 1810K, committed 1920K, reserved 1048576K
}
Event: 1.697 GC heap after
{Heap after GC invocations=5 (full 0):
 garbage-first heap   total 117760K, used 6042K [0x00000000c3000000, 0x0000000100000000)
  region size 1024K, 3 young (3072K), 3 survivors (3072K)
 Metaspace       used 12950K, capacity 14713K, committed 15232K, reserved 1062912K
  class space    used 1569K, capacity 1810K, committed 1920K, reserved 1048576K
}
Event: 2.094 GC heap before
{Heap before GC invocations=5 (full 0):
 garbage-first heap   total 117760K, used 45978K [0x00000000c3000000, 0x0000000100000000)
  region size 1024K, 42 young (43008K), 3 survivors (3072K)
 Metaspace       used 14748K, capacity 16307K, committed 16768K, reserved 1064960K
  class space    used 1710K, capacity 1913K, committed 1920K, reserved 1048576K
}
Event: 2.110 GC heap after
{Heap after GC invocations=6 (full 0):
 garbage-first heap   total 117760K, used 9334K [0x00000000c3000000, 0x0000000100000000)
  region size 1024K, 6 young (6144K), 6 survivors (6144K)
 Metaspace       used 14748K, capacity 16307K, committed 16768K, reserved 1064960K
  class space    used 1710K, capacity 1913K, committed 1920K, reserved 1048576K
}
Event: 2.469 GC heap before
{Heap before GC invocations=6 (full 0):
 garbage-first heap   total 117760K, used 60534K [0x00000000c3000000, 0x0000000100000000)
  region size 1024K, 56 young (57344K), 6 survivors (6144K)
 Metaspace       used 15236K, capacity 16660K, committed 17152K, reserved 1064960K
  class space    used 1718K, capacity 1924K, committed 2048K, reserved 1048576K
}
Event: 2.485 GC heap after
{Heap after GC invocations=7 (full 0):
 garbage-first heap   total 117760K, used 13300K [0x00000000c3000000, 0x0000000100000000)
  region size 1024K, 7 young (7168K), 7 survivors (7168K)
 Metaspace       used 15236K, capacity 16660K, committed 17152K, reserved 1064960K
  class space    used 1718K, capacity 1924K, committed 2048K, reserved 1048576K
}
Event: 2.825 GC heap before
{Heap before GC invocations=7 (full 0):
 garbage-first heap   total 117760K, used 70644K [0x00000000c3000000, 0x0000000100000000)
  region size 1024K, 63 young (64512K), 7 survivors (7168K)
 Metaspace       used 15547K, capacity 16954K, committed 17408K, reserved 1064960K
  class space    used 1720K, capacity 1958K, committed 2048K, reserved 1048576K
}
Event: 2.836 GC heap after
{Heap after GC invocations=8 (full 0):
 garbage-first heap   total 117760K, used 16288K [0x00000000c3000000, 0x0000000100000000)
  region size 1024K, 7 young (7168K), 7 survivors (7168K)
 Metaspace       used 15547K, capacity 16954K, committed 17408K, reserved 1064960K
  class space    used 1720K, capacity 1958K, committed 2048K, reserved 1048576K
}
Event: 3.151 GC heap before
{Heap before GC invocations=8 (full 0):
 garbage-first heap   total 117760K, used 79776K [0x00000000c3000000, 0x0000000100000000)
  region size 1024K, 69 young (70656K), 7 survivors (7168K)
 Metaspace       used 15908K, capacity 17215K, committed 17664K, reserved 1064960K
  class space    used 1729K, capacity 1959K, committed 2048K, reserved 1048576K
}
Event: 3.168 GC heap after
{Heap after GC invocations=9 (full 0):
 garbage-first heap   total 155648K, used 20716K [0x00000000c3000000, 0x0000000100000000)
  region size 1024K, 8 young (8192K), 8 survivors (8192K)
 Metaspace       used 15908K, capacity 17215K, committed 17664K, reserved 1064960K
  class space    used 1729K, capacity 1959K, committed 2048K, reserved 1048576K
}
Event: 3.645 GC heap before
{Heap before GC invocations=9 (full 0):
 garbage-first heap   total 155648K, used 112876K [0x00000000c3000000, 0x0000000100000000)
  region size 1024K, 80 young (81920K), 8 survivors (8192K)
 Metaspace       used 20131K, capacity 20831K, committed 21248K, reserved 1069056K
  class space    used 2287K, capacity 2508K, committed 2560K, reserved 1048576K
}
Event: 3.658 GC heap after
{Heap after GC invocations=10 (full 0):
 garbage-first heap   total 155648K, used 52224K [0x00000000c3000000, 0x0000000100000000)
  region size 1024K, 10 young (10240K), 10 survivors (10240K)
 Metaspace       used 20131K, capacity 20831K, committed 21248K, reserved 1069056K
  class space    used 2287K, capacity 2508K, committed 2560K, reserved 1048576K
}
Event: 3.709 GC heap before
{Heap before GC invocations=10 (full 0):
 garbage-first heap   total 155648K, used 62464K [0x00000000c3000000, 0x0000000100000000)
  region size 1024K, 21 young (21504K), 10 survivors (10240K)
 Metaspace       used 20583K, capacity 21071K, committed 21248K, reserved 1069056K
  class space    used 2346K, capacity 2549K, committed 2560K, reserved 1048576K
}
Event: 3.712 GC heap after
{Heap after GC invocations=11 (full 0):
 garbage-first heap   total 155648K, used 53960K [0x00000000c3000000, 0x0000000100000000)
  region size 1024K, 1 young (1024K), 1 survivors (1024K)
 Metaspace       used 20583K, capacity 21071K, committed 21248K, reserved 1069056K
  class space    used 2346K, capacity 2549K, committed 2560K, reserved 1048576K
}
Event: 4.095 GC heap before
{Heap before GC invocations=12 (full 0):
 garbage-first heap   total 155648K, used 96968K [0x00000000c3000000, 0x0000000100000000)
  region size 1024K, 43 young (44032K), 1 survivors (1024K)
 Metaspace       used 27116K, capacity 27868K, committed 28156K, reserved 1073152K
  class space    used 3202K, capacity 3482K, committed 3580K, reserved 1048576K
}
Event: 4.101 GC heap after
{Heap after GC invocations=13 (full 0):
 garbage-first heap   total 155648K, used 56923K [0x00000000c3000000, 0x0000000100000000)
  region size 1024K, 4 young (4096K), 4 survivors (4096K)
 Metaspace       used 27116K, capacity 27868K, committed 28156K, reserved 1073152K
  class space    used 3202K, capacity 3482K, committed 3580K, reserved 1048576K
}
Event: 4.332 GC heap before
{Heap before GC invocations=14 (full 0):
 garbage-first heap   total 155648K, used 101979K [0x00000000c3000000, 0x0000000100000000)
  region size 1024K, 48 young (49152K), 4 survivors (4096K)
 Metaspace       used 31370K, capacity 32103K, committed 32380K, reserved 1077248K
  class space    used 3679K, capacity 3933K, committed 3964K, reserved 1048576K
}
Event: 4.341 GC heap after
{Heap after GC invocations=15 (full 0):
 garbage-first heap   total 155648K, used 57984K [0x00000000c3000000, 0x0000000100000000)
  region size 1024K, 1 young (1024K), 1 survivors (1024K)
 Metaspace       used 31370K, capacity 32103K, committed 32380K, reserved 1077248K
  class space    used 3679K, capacity 3933K, committed 3964K, reserved 1048576K
}
Event: 28.362 GC heap before
{Heap before GC invocations=15 (full 0):
 garbage-first heap   total 155648K, used 104064K [0x00000000c3000000, 0x0000000100000000)
  region size 1024K, 47 young (48128K), 1 survivors (1024K)
 Metaspace       used 41424K, capacity 42340K, committed 42620K, reserved 1085440K
  class space    used 5289K, capacity 5718K, committed 5756K, reserved 1048576K
}
Event: 28.370 GC heap after
{Heap after GC invocations=16 (full 0):
 garbage-first heap   total 155648K, used 59039K [0x00000000c3000000, 0x0000000100000000)
  region size 1024K, 2 young (2048K), 2 survivors (2048K)
 Metaspace       used 41424K, capacity 42340K, committed 42620K, reserved 1085440K
  class space    used 5289K, capacity 5718K, committed 5756K, reserved 1048576K
}

Deoptimization events (20 events):
Event: 28.489 Thread 0x00007fe2cc9a0800 DEOPT PACKING pc=0x00007fe2b58234dd sp=0x00007fe27f4f89a0
Event: 28.489 Thread 0x00007fe2cc9a0800 DEOPT UNPACKING pc=0x00007fe2b489e0ca sp=0x00007fe27f4f7ef0 mode 0
Event: 28.667 Thread 0x00007fe278d9d800 Uncommon trap: trap_request=0xffffff6e fr.pc=0x00007fe2bc5145b8 relative=0x0000000000001218
Event: 28.667 Thread 0x00007fe278d9d800 Uncommon trap: reason=speculate_class_check action=maybe_recompile pc=0x00007fe2bc5145b8 method=java.util.zip.InflaterInputStream.read([BII)I @ 100 c2
Event: 28.667 Thread 0x00007fe278d9d800 DEOPT PACKING pc=0x00007fe2bc5145b8 sp=0x00007fe27e6f7090
Event: 28.667 Thread 0x00007fe278d9d800 DEOPT UNPACKING pc=0x00007fe2b489d925 sp=0x00007fe27e6f70f0 mode 2
Event: 28.802 Thread 0x00007fe278d9d800 Uncommon trap: trap_request=0xffffff6e fr.pc=0x00007fe2bc5145b8 relative=0x0000000000001218
Event: 28.802 Thread 0x00007fe278d9d800 Uncommon trap: reason=speculate_class_check action=maybe_recompile pc=0x00007fe2bc5145b8 method=java.util.zip.InflaterInputStream.read([BII)I @ 100 c2
Event: 28.802 Thread 0x00007fe278d9d800 DEOPT PACKING pc=0x00007fe2bc5145b8 sp=0x00007fe27e6f7090
Event: 28.802 Thread 0x00007fe278d9d800 DEOPT UNPACKING pc=0x00007fe2b489d925 sp=0x00007fe27e6f70f0 mode 2
Event: 29.027 Thread 0x00007fe278d9d800 Uncommon trap: trap_request=0xffffff6e fr.pc=0x00007fe2bc5145b8 relative=0x0000000000001218
Event: 29.027 Thread 0x00007fe278d9d800 Uncommon trap: reason=speculate_class_check action=maybe_recompile pc=0x00007fe2bc5145b8 method=java.util.zip.InflaterInputStream.read([BII)I @ 100 c2
Event: 29.027 Thread 0x00007fe278d9d800 DEOPT PACKING pc=0x00007fe2bc5145b8 sp=0x00007fe27e6f7090
Event: 29.027 Thread 0x00007fe278d9d800 DEOPT UNPACKING pc=0x00007fe2b489d925 sp=0x00007fe27e6f70f0 mode 2
Event: 29.450 Thread 0x00007fe278d9d800 Uncommon trap: trap_request=0xffffff6e fr.pc=0x00007fe2bc5145b8 relative=0x0000000000001218
Event: 29.450 Thread 0x00007fe278d9d800 Uncommon trap: reason=speculate_class_check action=maybe_recompile pc=0x00007fe2bc5145b8 method=java.util.zip.InflaterInputStream.read([BII)I @ 100 c2
Event: 29.450 Thread 0x00007fe278d9d800 DEOPT PACKING pc=0x00007fe2bc5145b8 sp=0x00007fe27e6f7090
Event: 29.450 Thread 0x00007fe278d9d800 DEOPT UNPACKING pc=0x00007fe2b489d925 sp=0x00007fe27e6f70f0 mode 2
Event: 85.346 Thread 0x00007fe278d9d800 DEOPT PACKING pc=0x00007fe2b55e1bac sp=0x00007fe27e6f71f0
Event: 85.346 Thread 0x00007fe278d9d800 DEOPT UNPACKING pc=0x00007fe2b489e0ca sp=0x00007fe27e6f6740 mode 0

Classes redefined (0 events):
No events

Internal exceptions (20 events):
Event: 3.874 Thread 0x00007fe2cc9a0800 Exception <a 'java/lang/NoSuchMethodError'{0x00000000cb888280}: 'java.lang.Object java.lang.invoke.DirectMethodHandle$Holder.invokeStatic(java.lang.Object, java.lang.Object, java.lang.Object, java.lang.Object, java.lang.Object, java.lang.Object, java.lang.Object, java.lang.Object, java.lang.Object, java.lang.Object, java.lang.Object, int)'> (0x00000000cb888280) thrown at [src/hotspot/share/interpreter/linkResolver.cpp, line 772]
Event: 3.875 Thread 0x00007fe2cc9a0800 Exception <a 'java/lang/NoSuchMethodError'{0x00000000cb8a6578}: 'java.lang.Object java.lang.invoke.DirectMethodHandle$Holder.invokeStatic(java.lang.Object, java.lang.Object, java.lang.Object, java.lang.Object, java.lang.Object, java.lang.Object, java.lang.Object, java.lang.Object, java.lang.Object, java.lang.Object, java.lang.Object, int, int)'> (0x00000000cb8a6578) thrown at [src/hotspot/share/interpreter/linkResolver.cpp, line 772]
Event: 3.876 Thread 0x00007fe2cc9a0800 Exception <a 'java/lang/NoSuchMethodError'{0x00000000cb8c5740}: 'java.lang.Object java.lang.invoke.DirectMethodHandle$Holder.invokeStatic(java.lang.Object, java.lang.Object, java.lang.Object, java.lang.Object, java.lang.Object, java.lang.Object, java.lang.Object, java.lang.Object, java.lang.Object, java.lang.Object, java.lang.Object, int, int, java.lang.Object)'> (0x00000000cb8c5740) thrown at [src/hotspot/share/interpreter/linkResolver.cpp, line 772]
Event: 3.877 Thread 0x00007fe2cc9a0800 Exception <a 'java/lang/NoSuchMethodError'{0x00000000cb8e6038}: 'java.lang.Object java.lang.invoke.DirectMethodHandle$Holder.invokeStatic(java.lang.Object, java.lang.Object, java.lang.Object, java.lang.Object, java.lang.Object, java.lang.Object, java.lang.Object, java.lang.Object, java.lang.Object, java.lang.Object, java.lang.Object, int, int, java.lang.Object, java.lang.Object)'> (0x00000000cb8e6038) thrown at [src/hotspot/share/interpreter/linkResolver.cpp, line 772]
Event: 3.884 Thread 0x00007fe2cc9a0800 Exception <a 'java/lang/NoSuchMethodError'{0x00000000cb741a38}: 'int java.lang.invoke.DirectMethodHandle$Holder.invokeStaticInit(java.lang.Object, java.lang.Object)'> (0x00000000cb741a38) thrown at [src/hotspot/share/interpreter/linkResolver.cpp, line 772]
Event: 3.885 Thread 0x00007fe2cc9a0800 Exception <a 'java/lang/NoSuchMethodError'{0x00000000cb749578}: 'void java.lang.invoke.DirectMethodHandle$Holder.invokeStaticInit(java.lang.Object, java.lang.Object, java.lang.Object)'> (0x00000000cb749578) thrown at [src/hotspot/share/interpreter/linkResolver.cpp, line 772]
Event: 3.914 Thread 0x00007fe2cc9a0800 Exception <a 'java/lang/NoSuchMethodError'{0x00000000cb4b25e8}: 'org.slf4j.impl.StaticMarkerBinder org.slf4j.impl.StaticMarkerBinder.getSingleton()'> (0x00000000cb4b25e8) thrown at [src/hotspot/share/interpreter/linkResolver.cpp, line 772]
Event: 3.935 Thread 0x00007fe2cc9a0800 Exception <a 'java/lang/ClassCastException'{0x00000000cae991c0}: class org.apache.commons.logging.impl.SLF4JLogFactory cannot be cast to class org.apache.livy.shaded.apache.commons.logging.LogFactory (org.apache.commons.logging.impl.SLF4JLogFactory and org.apache.livy.shaded.apache.commons.logging.LogFactory are in unnamed module of loader java.net.URLClassLoader @2440022a)> (0x00000000cae991c0) thrown at [src/hotspot/share/interpreter/interpreterRuntime.cpp, line 459]
Event: 3.958 Thread 0x00007fe2cc9a0800 Implicit null exception at 0x00007fe2bc4afa90 to 0x00007fe2bc4b4420
Event: 3.960 Thread 0x00007fe2cc9a0800 Exception <a 'java/lang/NoSuchMethodError'{0x00000000cac6b110}: 'int java.lang.invoke.DirectMethodHandle$Holder.invokeStaticInit(java.lang.Object, java.lang.Object, java.lang.Object, java.lang.Object)'> (0x00000000cac6b110) thrown at [src/hotspot/share/interpreter/linkResolver.cpp, line 772]
Event: 3.961 Thread 0x00007fe2cc9a0800 Exception <a 'java/lang/IncompatibleClassChangeError'{0x00000000cac73fe0}: Found class java.lang.Object, but interface was expected> (0x00000000cac73fe0) thrown at [src/hotspot/share/interpreter/linkResolver.cpp, line 839]
Event: 3.961 Thread 0x00007fe2cc9a0800 Exception <a 'java/lang/NoSuchMethodError'{0x00000000cac76e30}: 'void java.lang.invoke.DirectMethodHandle$Holder.invokeStaticInit(java.lang.Object, java.lang.Object)'> (0x00000000cac76e30) thrown at [src/hotspot/share/interpreter/linkResolver.cpp, line 772]
Event: 27.982 Thread 0x00007fe2cc9a0800 Exception <a 'java/lang/NoSuchMethodError'{0x00000000cb05fe88}: 'int java.lang.invoke.DirectMethodHandle$Holder.invokeStaticInit(java.lang.Object, int)'> (0x00000000cb05fe88) thrown at [src/hotspot/share/interpreter/linkResolver.cpp, line 772]
Event: 28.033 Thread 0x00007fe2cc9a0800 Exception <a 'java/lang/NoSuchMethodError'{0x00000000cafe0fb8}: 'int java.lang.invoke.DirectMethodHandle$Holder.invokeStaticInit(java.lang.Object, double)'> (0x00000000cafe0fb8) thrown at [src/hotspot/share/interpreter/linkResolver.cpp, line 772]
Event: 28.082 Thread 0x00007fe2cc9a0800 Exception <a 'java/lang/NoSuchMethodError'{0x00000000cac16730}: 'java.lang.Object java.lang.invoke.Invokers$Holder.linkToTargetMethod(java.lang.Object, int, java.lang.Object)'> (0x00000000cac16730) thrown at [src/hotspot/share/interpreter/linkResolver.cpp, line 772]
Event: 28.088 Thread 0x00007fe2cc9a0800 Exception <a 'java/lang/NoSuchMethodError'{0x00000000cac83b88}: 'java.lang.Object java.lang.invoke.DirectMethodHandle$Holder.invokeStatic(java.lang.Object, java.lang.Object, int, java.lang.Object)'> (0x00000000cac83b88) thrown at [src/hotspot/share/interpreter/linkResolver.cpp, line 772]
Event: 28.088 Thread 0x00007fe2cc9a0800 Exception <a 'java/lang/NoSuchMethodError'{0x00000000cac87600}: 'java.lang.Object java.lang.invoke.DirectMethodHandle$Holder.invokeSpecial(java.lang.Object, java.lang.Object, java.lang.Object, int, java.lang.Object)'> (0x00000000cac87600) thrown at [src/hotspot/share/interpreter/linkResolver.cpp, line 772]
Event: 28.088 Thread 0x00007fe2cc9a0800 Exception <a 'java/lang/NoSuchMethodError'{0x00000000cac8aa98}: 'java.lang.Object java.lang.invoke.Invokers$Holder.linkToTargetMethod(java.lang.Object, int, java.lang.Object, java.lang.Object)'> (0x00000000cac8aa98) thrown at [src/hotspot/share/interpreter/linkResolver.cpp, line 772]
Event: 28.175 Thread 0x00007fe2cc9a0800 Exception <a 'java/lang/NoSuchMethodError'{0x00000000ca69f7e0}: 'int java.lang.invoke.DirectMethodHandle$Holder.invokeStatic(java.lang.Object, long)'> (0x00000000ca69f7e0) thrown at [src/hotspot/share/interpreter/linkResolver.cpp, line 772]
Event: 28.175 Thread 0x00007fe2cc9a0800 Exception <a 'java/lang/NoSuchMethodError'{0x00000000ca6a2430}: 'int java.lang.invoke.DirectMethodHandle$Holder.invokeStaticInit(java.lang.Object, long)'> (0x00000000ca6a2430) thrown at [src/hotspot/share/interpreter/linkResolver.cpp, line 772]

Events (20 events):
Event: 28.674 loading class org/apache/livy/shaded/jackson/databind/deser/std/PrimitiveArrayDeserializers$FloatDeser
Event: 28.674 loading class org/apache/livy/shaded/jackson/databind/deser/std/PrimitiveArrayDeserializers$FloatDeser done
Event: 28.674 loading class org/apache/livy/shaded/jackson/databind/deser/std/PrimitiveArrayDeserializers$DoubleDeser
Event: 28.674 loading class org/apache/livy/shaded/jackson/databind/deser/std/PrimitiveArrayDeserializers$DoubleDeser done
Event: 28.674 loading class org/apache/livy/shaded/jackson/databind/deser/std/PrimitiveArrayDeserializers$BooleanDeser
Event: 28.674 loading class org/apache/livy/shaded/jackson/databind/deser/std/PrimitiveArrayDeserializers$BooleanDeser done
Event: 28.674 loading class org/apache/livy/shaded/jackson/databind/deser/std/PrimitiveArrayDeserializers$CharDeser
Event: 28.674 loading class org/apache/livy/shaded/jackson/databind/deser/std/PrimitiveArrayDeserializers$CharDeser done
Event: 28.675 loading class org/apache/livy/shaded/jackson/databind/exc/InvalidNullException
Event: 28.675 loading class org/apache/livy/shaded/jackson/databind/exc/InvalidNullException done
Event: 28.675 loading class jdk/internal/reflect/UnsafeQualifiedLongFieldAccessorImpl
Event: 28.675 loading class jdk/internal/reflect/UnsafeQualifiedLongFieldAccessorImpl done
Event: 28.676 loading class org/apache/livy/client/http/JobHandleImpl$JobPollTask
Event: 28.676 loading class org/apache/livy/client/http/JobHandleImpl$JobPollTask done
Event: 28.778 loading class org/apache/livy/shaded/apache/http/client/methods/HttpPut
Event: 28.778 loading class org/apache/livy/shaded/apache/http/client/methods/HttpPut done
Event: 28.778 loading class org/apache/livy/shaded/apache/http/client/methods/HttpPatch
Event: 28.778 loading class org/apache/livy/shaded/apache/http/client/methods/HttpPatch done
Event: 28.804 loading class org/apache/livy/client/http/JobHandleImpl$3
Event: 28.804 loading class org/apache/livy/client/http/JobHandleImpl$3 done


Dynamic libraries:
c3000000-cc600000 rw-p 00000000 00:00 0 
cc600000-ffe00000 ---p 00000000 00:00 0 
ffe00000-ffe47000 rw-p 01111000 08:05 803587                             /usr/lib/jvm/java-11-openjdk-amd64/lib/server/classes.jsa
ffe47000-fff00000 rw-p 00000000 00:00 0 
fff00000-fff6b000 rw-p 010a6000 08:05 803587                             /usr/lib/jvm/java-11-openjdk-amd64/lib/server/classes.jsa
fff6b000-100000000 rw-p 00000000 00:00 0 
800000000-800002000 rwxp 00001000 08:05 803587                           /usr/lib/jvm/java-11-openjdk-amd64/lib/server/classes.jsa
800002000-8003b9000 rw-p 00003000 08:05 803587                           /usr/lib/jvm/java-11-openjdk-amd64/lib/server/classes.jsa
8003b9000-800a96000 r--p 003ba000 08:05 803587                           /usr/lib/jvm/java-11-openjdk-amd64/lib/server/classes.jsa
800a96000-800a97000 rw-p 00a97000 08:05 803587                           /usr/lib/jvm/java-11-openjdk-amd64/lib/server/classes.jsa
800a97000-8010a5000 r--p 00a98000 08:05 803587                           /usr/lib/jvm/java-11-openjdk-amd64/lib/server/classes.jsa
840000000-84065f000 rw-p 00000000 00:00 0 
84065f000-880000000 ---p 00000000 00:00 0 
561182ccb000-561182ccc000 r--p 00000000 08:05 656337                     /usr/lib/jvm/java-11-openjdk-amd64/bin/java
561182ccc000-561182ccd000 r-xp 00001000 08:05 656337                     /usr/lib/jvm/java-11-openjdk-amd64/bin/java
561182ccd000-561182cce000 r--p 00002000 08:05 656337                     /usr/lib/jvm/java-11-openjdk-amd64/bin/java
561182cce000-561182ccf000 r--p 00002000 08:05 656337                     /usr/lib/jvm/java-11-openjdk-amd64/bin/java
561182ccf000-561182cd0000 rw-p 00003000 08:05 656337                     /usr/lib/jvm/java-11-openjdk-amd64/bin/java
561184abd000-561184aff000 rw-p 00000000 00:00 0                          [heap]
7fe274000000-7fe274021000 rw-p 00000000 00:00 0 
7fe274021000-7fe278000000 ---p 00000000 00:00 0 
7fe278000000-7fe27b247000 rw-p 00000000 00:00 0 
7fe27b247000-7fe27c000000 ---p 00000000 00:00 0 
7fe27d9c7000-7fe27dbc7000 rw-p 00000000 00:00 0 
7fe27dbc7000-7fe27ddc7000 rw-p 00000000 00:00 0 
7fe27ddf8000-7fe27dff8000 rw-p 00000000 00:00 0 
7fe27dff8000-7fe27e1f8000 rw-p 00000000 00:00 0 
7fe27e1f8000-7fe27e3f8000 rw-p 00000000 00:00 0 
7fe27e3f8000-7fe27e5f8000 rw-p 00000000 00:00 0 
7fe27e5f8000-7fe27e5fc000 ---p 00000000 00:00 0 
7fe27e5fc000-7fe27e8f9000 rw-p 00000000 00:00 0 
7fe27e8f9000-7fe27eaf9000 rw-p 00000000 00:00 0 
7fe27eaf9000-7fe27eafd000 ---p 00000000 00:00 0 
7fe27eafd000-7fe27edfa000 rw-p 00000000 00:00 0 
7fe27edfa000-7fe27effa000 rw-p 00000000 00:00 0 
7fe27effa000-7fe27f1fa000 rw-p 00000000 00:00 0 
7fe27f1fa000-7fe27f3fa000 rw-p 00000000 00:00 0 
7fe27f3fa000-7fe27f3fe000 ---p 00000000 00:00 0 
7fe27f3fe000-7fe27f6fb000 rw-p 00000000 00:00 0 
7fe27f6fb000-7fe27f8fb000 rw-p 00000000 00:00 0 
7fe27f8fb000-7fe27fafb000 rw-p 00000000 00:00 0 
7fe27fafb000-7fe27fcfb000 rw-p 00000000 00:00 0 
7fe27fcfb000-7fe27fcfc000 ---p 00000000 00:00 0 
7fe27fcfc000-7fe27fdfd000 rw-p 00000000 00:00 0 
7fe27fdfd000-7fe27fe01000 ---p 00000000 00:00 0 
7fe27fe01000-7fe27fefe000 rw-p 00000000 00:00 0 
7fe27fefe000-7fe27feff000 ---p 00000000 00:00 0 
7fe27feff000-7fe280000000 rw-p 00000000 00:00 0 
7fe280000000-7fe2813ab000 rw-p 00000000 00:00 0 
7fe2813ab000-7fe284000000 ---p 00000000 00:00 0 
7fe284000000-7fe2846d7000 rw-p 00000000 00:00 0 
7fe2846d7000-7fe288000000 ---p 00000000 00:00 0 
7fe288000000-7fe288021000 rw-p 00000000 00:00 0 
7fe288021000-7fe28c000000 ---p 00000000 00:00 0 
7fe28c000000-7fe28c021000 rw-p 00000000 00:00 0 
7fe28c021000-7fe290000000 ---p 00000000 00:00 0 
7fe290000000-7fe290021000 rw-p 00000000 00:00 0 
7fe290021000-7fe294000000 ---p 00000000 00:00 0 
7fe294000000-7fe294021000 rw-p 00000000 00:00 0 
7fe294021000-7fe298000000 ---p 00000000 00:00 0 
7fe298000000-7fe298021000 rw-p 00000000 00:00 0 
7fe298021000-7fe29c000000 ---p 00000000 00:00 0 
7fe29c000000-7fe29c0b2000 rw-p 00000000 00:00 0 
7fe29c0b2000-7fe2a0000000 ---p 00000000 00:00 0 
7fe2a0000000-7fe2a0021000 rw-p 00000000 00:00 0 
7fe2a0021000-7fe2a4000000 ---p 00000000 00:00 0 
7fe2a4000000-7fe2a4021000 rw-p 00000000 00:00 0 
7fe2a4021000-7fe2a8000000 ---p 00000000 00:00 0 
7fe2a8000000-7fe2a8021000 rw-p 00000000 00:00 0 
7fe2a8021000-7fe2ac000000 ---p 00000000 00:00 0 
7fe2ac0e0000-7fe2ac0e4000 ---p 00000000 00:00 0 
7fe2ac0e4000-7fe2ac1e1000 rw-p 00000000 00:00 0 
7fe2ac1e1000-7fe2ac1e5000 ---p 00000000 00:00 0 
7fe2ac1e5000-7fe2ac2e2000 rw-p 00000000 00:00 0 
7fe2ac2e2000-7fe2ad0c0000 r--p 00000000 08:05 530673                     /usr/lib/locale/locale-archive
7fe2ad0c0000-7fe2af318000 rw-p 00000000 00:00 0 
7fe2af318000-7fe2afff8000 ---p 00000000 00:00 0 
7fe2afff8000-7fe2b0000000 rw-p 00000000 00:00 0 
7fe2b0000000-7fe2b0021000 rw-p 00000000 00:00 0 
7fe2b0021000-7fe2b4000000 ---p 00000000 00:00 0 
7fe2b4008000-7fe2b400a000 r--p 00000000 08:05 533979                     /usr/lib/x86_64-linux-gnu/libnss_dns-2.31.so
7fe2b400a000-7fe2b400e000 r-xp 00002000 08:05 533979                     /usr/lib/x86_64-linux-gnu/libnss_dns-2.31.so
7fe2b400e000-7fe2b400f000 r--p 00006000 08:05 533979                     /usr/lib/x86_64-linux-gnu/libnss_dns-2.31.so
7fe2b400f000-7fe2b4010000 r--p 00006000 08:05 533979                     /usr/lib/x86_64-linux-gnu/libnss_dns-2.31.so
7fe2b4010000-7fe2b4011000 rw-p 00007000 08:05 533979                     /usr/lib/x86_64-linux-gnu/libnss_dns-2.31.so
7fe2b4011000-7fe2b4015000 r--p 00000000 08:05 534163                     /usr/lib/x86_64-linux-gnu/libresolv-2.31.so
7fe2b4015000-7fe2b4025000 r-xp 00004000 08:05 534163                     /usr/lib/x86_64-linux-gnu/libresolv-2.31.so
7fe2b4025000-7fe2b4028000 r--p 00014000 08:05 534163                     /usr/lib/x86_64-linux-gnu/libresolv-2.31.so
7fe2b4028000-7fe2b4029000 ---p 00017000 08:05 534163                     /usr/lib/x86_64-linux-gnu/libresolv-2.31.so
7fe2b4029000-7fe2b402a000 r--p 00017000 08:05 534163                     /usr/lib/x86_64-linux-gnu/libresolv-2.31.so
7fe2b402a000-7fe2b402b000 rw-p 00018000 08:05 534163                     /usr/lib/x86_64-linux-gnu/libresolv-2.31.so
7fe2b402b000-7fe2b402d000 rw-p 00000000 00:00 0 
7fe2b403d000-7fe2b4045000 r--p 00000000 08:05 656472                     /usr/lib/jvm/java-11-openjdk-amd64/lib/libsunec.so
7fe2b4045000-7fe2b405e000 r-xp 00008000 08:05 656472                     /usr/lib/jvm/java-11-openjdk-amd64/lib/libsunec.so
7fe2b405e000-7fe2b4068000 r--p 00021000 08:05 656472                     /usr/lib/jvm/java-11-openjdk-amd64/lib/libsunec.so
7fe2b4068000-7fe2b4069000 ---p 0002b000 08:05 656472                     /usr/lib/jvm/java-11-openjdk-amd64/lib/libsunec.so
7fe2b4069000-7fe2b406d000 r--p 0002b000 08:05 656472                     /usr/lib/jvm/java-11-openjdk-amd64/lib/libsunec.so
7fe2b406d000-7fe2b406f000 rw-p 0002f000 08:05 656472                     /usr/lib/jvm/java-11-openjdk-amd64/lib/libsunec.so
7fe2b406f000-7fe2b4071000 r--p 00000000 08:05 656464                     /usr/lib/jvm/java-11-openjdk-amd64/lib/libmanagement_ext.so
7fe2b4071000-7fe2b4074000 r-xp 00002000 08:05 656464                     /usr/lib/jvm/java-11-openjdk-amd64/lib/libmanagement_ext.so
7fe2b4074000-7fe2b4075000 r--p 00005000 08:05 656464                     /usr/lib/jvm/java-11-openjdk-amd64/lib/libmanagement_ext.so
7fe2b4075000-7fe2b4076000 ---p 00006000 08:05 656464                     /usr/lib/jvm/java-11-openjdk-amd64/lib/libmanagement_ext.so
7fe2b4076000-7fe2b4077000 r--p 00006000 08:05 656464                     /usr/lib/jvm/java-11-openjdk-amd64/lib/libmanagement_ext.so
7fe2b4077000-7fe2b4078000 rw-p 00007000 08:05 656464                     /usr/lib/jvm/java-11-openjdk-amd64/lib/libmanagement_ext.so
7fe2b4078000-7fe2b4878000 rw-p 00000000 00:00 0 
7fe2b4878000-7fe2b4ae8000 rwxp 00000000 00:00 0 
7fe2b4ae8000-7fe2b4e07000 ---p 00000000 00:00 0 
7fe2b4e07000-7fe2b58b7000 rwxp 00000000 00:00 0 
7fe2b58b7000-7fe2bc33f000 ---p 00000000 00:00 0 
7fe2bc33f000-7fe2bc5af000 rwxp 00000000 00:00 0 
7fe2bc5af000-7fe2c3878000 ---p 00000000 00:00 0 
7fe2c3878000-7fe2cc000000 r--s 00000000 08:05 656476                     /usr/lib/jvm/java-11-openjdk-amd64/lib/modules
7fe2cc000000-7fe2cca70000 rw-p 00000000 00:00 0 
7fe2cca70000-7fe2d0000000 ---p 00000000 00:00 0 
7fe2d0000000-7fe2d0001000 r--p 00000000 08:05 533987                     /usr/lib/x86_64-linux-gnu/libnss_mdns4_minimal.so.2
7fe2d0001000-7fe2d0003000 r-xp 00001000 08:05 533987                     /usr/lib/x86_64-linux-gnu/libnss_mdns4_minimal.so.2
7fe2d0003000-7fe2d0004000 r--p 00003000 08:05 533987                     /usr/lib/x86_64-linux-gnu/libnss_mdns4_minimal.so.2
7fe2d0004000-7fe2d0005000 r--p 00003000 08:05 533987                     /usr/lib/x86_64-linux-gnu/libnss_mdns4_minimal.so.2
7fe2d0005000-7fe2d0006000 rw-p 00004000 08:05 533987                     /usr/lib/x86_64-linux-gnu/libnss_mdns4_minimal.so.2
7fe2d0006000-7fe2d0037000 rw-p 00000000 00:00 0 
7fe2d0037000-7fe2d003b000 r--p 00000000 08:05 656466                     /usr/lib/jvm/java-11-openjdk-amd64/lib/libnet.so
7fe2d003b000-7fe2d004a000 r-xp 00004000 08:05 656466                     /usr/lib/jvm/java-11-openjdk-amd64/lib/libnet.so
7fe2d004a000-7fe2d004e000 r--p 00013000 08:05 656466                     /usr/lib/jvm/java-11-openjdk-amd64/lib/libnet.so
7fe2d004e000-7fe2d004f000 r--p 00016000 08:05 656466                     /usr/lib/jvm/java-11-openjdk-amd64/lib/libnet.so
7fe2d004f000-7fe2d0050000 rw-p 00017000 08:05 656466                     /usr/lib/jvm/java-11-openjdk-amd64/lib/libnet.so
7fe2d0050000-7fe2d0057000 r--p 00000000 08:05 656467                     /usr/lib/jvm/java-11-openjdk-amd64/lib/libnio.so
7fe2d0057000-7fe2d005f000 r-xp 00007000 08:05 656467                     /usr/lib/jvm/java-11-openjdk-amd64/lib/libnio.so
7fe2d005f000-7fe2d0062000 r--p 0000f000 08:05 656467                     /usr/lib/jvm/java-11-openjdk-amd64/lib/libnio.so
7fe2d0062000-7fe2d0063000 r--p 00011000 08:05 656467                     /usr/lib/jvm/java-11-openjdk-amd64/lib/libnio.so
7fe2d0063000-7fe2d0064000 rw-p 00012000 08:05 656467                     /usr/lib/jvm/java-11-openjdk-amd64/lib/libnio.so
7fe2d0064000-7fe2d0068000 ---p 00000000 00:00 0 
7fe2d0068000-7fe2d0165000 rw-p 00000000 00:00 0 
7fe2d0165000-7fe2d0169000 ---p 00000000 00:00 0 
7fe2d0169000-7fe2d0266000 rw-p 00000000 00:00 0 
7fe2d0266000-7fe2d026a000 ---p 00000000 00:00 0 
7fe2d026a000-7fe2d0367000 rw-p 00000000 00:00 0 
7fe2d0367000-7fe2d036b000 ---p 00000000 00:00 0 
7fe2d036b000-7fe2d0468000 rw-p 00000000 00:00 0 
7fe2d0468000-7fe2d046c000 ---p 00000000 00:00 0 
7fe2d046c000-7fe2d0569000 rw-p 00000000 00:00 0 
7fe2d0569000-7fe2d056a000 ---p 00000000 00:00 0 
7fe2d056a000-7fe2d07b1000 rw-p 00000000 00:00 0 
7fe2d07b1000-7fe2d07b2000 ---p 00000000 00:00 0 
7fe2d07b2000-7fe2d08b3000 rw-p 00000000 00:00 0 
7fe2d08b3000-7fe2d08b4000 ---p 00000000 00:00 0 
7fe2d08b4000-7fe2d0bb7000 rw-p 00000000 00:00 0 
7fe2d0bb7000-7fe2d0bb8000 ---p 00000000 00:00 0 
7fe2d0bb8000-7fe2d0cb9000 rw-p 00000000 00:00 0 
7fe2d0cb9000-7fe2d0cba000 ---p 00000000 00:00 0 
7fe2d0cba000-7fe2d1034000 rw-p 00000000 00:00 0 
7fe2d1034000-7fe2d1d14000 ---p 00000000 00:00 0 
7fe2d1d14000-7fe2d1d67000 rw-p 00000000 00:00 0 
7fe2d1d67000-7fe2d1f03000 ---p 00000000 00:00 0 
7fe2d1f03000-7fe2d1f4f000 rw-p 00000000 00:00 0 
7fe2d1f4f000-7fe2d20eb000 ---p 00000000 00:00 0 
7fe2d20eb000-7fe2d2137000 rw-p 00000000 00:00 0 
7fe2d2137000-7fe2d22d3000 ---p 00000000 00:00 0 
7fe2d22d3000-7fe2d24d6000 rw-p 00000000 00:00 0 
7fe2d24d6000-7fe2d24d7000 ---p 00000000 00:00 0 
7fe2d24d7000-7fe2d25dd000 rw-p 00000000 00:00 0 
7fe2d25dd000-7fe2d26c3000 ---p 00000000 00:00 0 
7fe2d26c3000-7fe2d26d9000 rw-p 00000000 00:00 0 
7fe2d26d9000-7fe2d27ae000 ---p 00000000 00:00 0 
7fe2d27ae000-7fe2d27b3000 rw-p 00000000 00:00 0 
7fe2d27b3000-7fe2d27ba000 ---p 00000000 00:00 0 
7fe2d27ba000-7fe2d27bc000 r--p 00000000 08:05 656475                     /usr/lib/jvm/java-11-openjdk-amd64/lib/libzip.so
7fe2d27bc000-7fe2d27c0000 r-xp 00002000 08:05 656475                     /usr/lib/jvm/java-11-openjdk-amd64/lib/libzip.so
7fe2d27c0000-7fe2d27c2000 r--p 00006000 08:05 656475                     /usr/lib/jvm/java-11-openjdk-amd64/lib/libzip.so
7fe2d27c2000-7fe2d27c3000 r--p 00007000 08:05 656475                     /usr/lib/jvm/java-11-openjdk-amd64/lib/libzip.so
7fe2d27c3000-7fe2d27c4000 rw-p 00008000 08:05 656475                     /usr/lib/jvm/java-11-openjdk-amd64/lib/libzip.so
7fe2d27c4000-7fe2d27c7000 r--p 00000000 08:05 533981                     /usr/lib/x86_64-linux-gnu/libnss_files-2.31.so
7fe2d27c7000-7fe2d27ce000 r-xp 00003000 08:05 533981                     /usr/lib/x86_64-linux-gnu/libnss_files-2.31.so
7fe2d27ce000-7fe2d27d0000 r--p 0000a000 08:05 533981                     /usr/lib/x86_64-linux-gnu/libnss_files-2.31.so
7fe2d27d0000-7fe2d27d1000 r--p 0000b000 08:05 533981                     /usr/lib/x86_64-linux-gnu/libnss_files-2.31.so
7fe2d27d1000-7fe2d27d2000 rw-p 0000c000 08:05 533981                     /usr/lib/x86_64-linux-gnu/libnss_files-2.31.so
7fe2d27d2000-7fe2d27d8000 rw-p 00000000 00:00 0 
7fe2d27d9000-7fe2d27dc000 r--p 00000000 08:05 656462                     /usr/lib/jvm/java-11-openjdk-amd64/lib/libmanagement.so
7fe2d27dc000-7fe2d27dd000 r-xp 00003000 08:05 656462                     /usr/lib/jvm/java-11-openjdk-amd64/lib/libmanagement.so
7fe2d27dd000-7fe2d27de000 r--p 00004000 08:05 656462                     /usr/lib/jvm/java-11-openjdk-amd64/lib/libmanagement.so
7fe2d27de000-7fe2d27df000 r--p 00004000 08:05 656462                     /usr/lib/jvm/java-11-openjdk-amd64/lib/libmanagement.so
7fe2d27df000-7fe2d27e0000 rw-p 00005000 08:05 656462                     /usr/lib/jvm/java-11-openjdk-amd64/lib/libmanagement.so
7fe2d27e0000-7fe2d27e8000 rw-s 00000000 08:05 393225                     /tmp/hsperfdata_nets212/9420
7fe2d27e8000-7fe2d27f6000 r--p 00000000 08:05 656455                     /usr/lib/jvm/java-11-openjdk-amd64/lib/libjava.so
7fe2d27f6000-7fe2d280c000 r-xp 0000e000 08:05 656455                     /usr/lib/jvm/java-11-openjdk-amd64/lib/libjava.so
7fe2d280c000-7fe2d2813000 r--p 00024000 08:05 656455                     /usr/lib/jvm/java-11-openjdk-amd64/lib/libjava.so
7fe2d2813000-7fe2d2814000 r--p 0002a000 08:05 656455                     /usr/lib/jvm/java-11-openjdk-amd64/lib/libjava.so
7fe2d2814000-7fe2d2815000 rw-p 0002b000 08:05 656455                     /usr/lib/jvm/java-11-openjdk-amd64/lib/libjava.so
7fe2d2815000-7fe2d2816000 rw-p 00000000 00:00 0 
7fe2d2816000-7fe2d281b000 r--p 00000000 08:05 656474                     /usr/lib/jvm/java-11-openjdk-amd64/lib/libverify.so
7fe2d281b000-7fe2d2822000 r-xp 00005000 08:05 656474                     /usr/lib/jvm/java-11-openjdk-amd64/lib/libverify.so
7fe2d2822000-7fe2d2824000 r--p 0000c000 08:05 656474                     /usr/lib/jvm/java-11-openjdk-amd64/lib/libverify.so
7fe2d2824000-7fe2d2825000 ---p 0000e000 08:05 656474                     /usr/lib/jvm/java-11-openjdk-amd64/lib/libverify.so
7fe2d2825000-7fe2d2827000 r--p 0000e000 08:05 656474                     /usr/lib/jvm/java-11-openjdk-amd64/lib/libverify.so
7fe2d2827000-7fe2d2828000 rw-p 00010000 08:05 656474                     /usr/lib/jvm/java-11-openjdk-amd64/lib/libverify.so
7fe2d2828000-7fe2d282b000 r--p 00000000 08:05 534183                     /usr/lib/x86_64-linux-gnu/librt-2.31.so
7fe2d282b000-7fe2d282f000 r-xp 00003000 08:05 534183                     /usr/lib/x86_64-linux-gnu/librt-2.31.so
7fe2d282f000-7fe2d2830000 r--p 00007000 08:05 534183                     /usr/lib/x86_64-linux-gnu/librt-2.31.so
7fe2d2830000-7fe2d2831000 ---p 00008000 08:05 534183                     /usr/lib/x86_64-linux-gnu/librt-2.31.so
7fe2d2831000-7fe2d2832000 r--p 00008000 08:05 534183                     /usr/lib/x86_64-linux-gnu/librt-2.31.so
7fe2d2832000-7fe2d2833000 rw-p 00009000 08:05 534183                     /usr/lib/x86_64-linux-gnu/librt-2.31.so
7fe2d2833000-7fe2d2837000 ---p 00000000 00:00 0 
7fe2d2837000-7fe2d2934000 rw-p 00000000 00:00 0 
7fe2d2934000-7fe2d2937000 r--p 00000000 08:05 527733                     /usr/lib/x86_64-linux-gnu/libgcc_s.so.1
7fe2d2937000-7fe2d2949000 r-xp 00003000 08:05 527733                     /usr/lib/x86_64-linux-gnu/libgcc_s.so.1
7fe2d2949000-7fe2d294d000 r--p 00015000 08:05 527733                     /usr/lib/x86_64-linux-gnu/libgcc_s.so.1
7fe2d294d000-7fe2d294e000 r--p 00018000 08:05 527733                     /usr/lib/x86_64-linux-gnu/libgcc_s.so.1
7fe2d294e000-7fe2d294f000 rw-p 00019000 08:05 527733                     /usr/lib/x86_64-linux-gnu/libgcc_s.so.1
7fe2d294f000-7fe2d295e000 r--p 00000000 08:05 533860                     /usr/lib/x86_64-linux-gnu/libm-2.31.so
7fe2d295e000-7fe2d2a05000 r-xp 0000f000 08:05 533860                     /usr/lib/x86_64-linux-gnu/libm-2.31.so
7fe2d2a05000-7fe2d2a9c000 r--p 000b6000 08:05 533860                     /usr/lib/x86_64-linux-gnu/libm-2.31.so
7fe2d2a9c000-7fe2d2a9d000 r--p 0014c000 08:05 533860                     /usr/lib/x86_64-linux-gnu/libm-2.31.so
7fe2d2a9d000-7fe2d2a9e000 rw-p 0014d000 08:05 533860                     /usr/lib/x86_64-linux-gnu/libm-2.31.so
7fe2d2a9e000-7fe2d2b34000 r--p 00000000 08:05 527875                     /usr/lib/x86_64-linux-gnu/libstdc++.so.6.0.28
7fe2d2b34000-7fe2d2c25000 r-xp 00096000 08:05 527875                     /usr/lib/x86_64-linux-gnu/libstdc++.so.6.0.28
7fe2d2c25000-7fe2d2c6e000 r--p 00187000 08:05 527875                     /usr/lib/x86_64-linux-gnu/libstdc++.so.6.0.28
7fe2d2c6e000-7fe2d2c6f000 ---p 001d0000 08:05 527875                     /usr/lib/x86_64-linux-gnu/libstdc++.so.6.0.28
7fe2d2c6f000-7fe2d2c7a000 r--p 001d0000 08:05 527875                     /usr/lib/x86_64-linux-gnu/libstdc++.so.6.0.28
7fe2d2c7a000-7fe2d2c7d000 rw-p 001db000 08:05 527875                     /usr/lib/x86_64-linux-gnu/libstdc++.so.6.0.28
7fe2d2c7d000-7fe2d2c80000 rw-p 00000000 00:00 0 
7fe2d2c80000-7fe2d2efa000 r--p 00000000 08:05 800625                     /usr/lib/jvm/java-11-openjdk-amd64/lib/server/libjvm.so
7fe2d2efa000-7fe2d3b7f000 r-xp 0027a000 08:05 800625                     /usr/lib/jvm/java-11-openjdk-amd64/lib/server/libjvm.so
7fe2d3b7f000-7fe2d3dd6000 r--p 00eff000 08:05 800625                     /usr/lib/jvm/java-11-openjdk-amd64/lib/server/libjvm.so
7fe2d3dd6000-7fe2d3e97000 r--p 01155000 08:05 800625                     /usr/lib/jvm/java-11-openjdk-amd64/lib/server/libjvm.so
7fe2d3e97000-7fe2d3ed2000 rw-p 01216000 08:05 800625                     /usr/lib/jvm/java-11-openjdk-amd64/lib/server/libjvm.so
7fe2d3ed2000-7fe2d3f2b000 rw-p 00000000 00:00 0 
7fe2d3f2b000-7fe2d3f32000 r--p 00000000 08:05 534122                     /usr/lib/x86_64-linux-gnu/libpthread-2.31.so
7fe2d3f32000-7fe2d3f43000 r-xp 00007000 08:05 534122                     /usr/lib/x86_64-linux-gnu/libpthread-2.31.so
7fe2d3f43000-7fe2d3f48000 r--p 00018000 08:05 534122                     /usr/lib/x86_64-linux-gnu/libpthread-2.31.so
7fe2d3f48000-7fe2d3f49000 r--p 0001c000 08:05 534122                     /usr/lib/x86_64-linux-gnu/libpthread-2.31.so
7fe2d3f49000-7fe2d3f4a000 rw-p 0001d000 08:05 534122                     /usr/lib/x86_64-linux-gnu/libpthread-2.31.so
7fe2d3f4a000-7fe2d3f4e000 rw-p 00000000 00:00 0 
7fe2d3f4e000-7fe2d3f4f000 r--p 00000000 08:05 533355                     /usr/lib/x86_64-linux-gnu/libdl-2.31.so
7fe2d3f4f000-7fe2d3f51000 r-xp 00001000 08:05 533355                     /usr/lib/x86_64-linux-gnu/libdl-2.31.so
7fe2d3f51000-7fe2d3f52000 r--p 00003000 08:05 533355                     /usr/lib/x86_64-linux-gnu/libdl-2.31.so
7fe2d3f52000-7fe2d3f53000 r--p 00003000 08:05 533355                     /usr/lib/x86_64-linux-gnu/libdl-2.31.so
7fe2d3f53000-7fe2d3f54000 rw-p 00004000 08:05 533355                     /usr/lib/x86_64-linux-gnu/libdl-2.31.so
7fe2d3f54000-7fe2d3f56000 r--p 00000000 08:05 534536                     /usr/lib/x86_64-linux-gnu/libz.so.1.2.11
7fe2d3f56000-7fe2d3f67000 r-xp 00002000 08:05 534536                     /usr/lib/x86_64-linux-gnu/libz.so.1.2.11
7fe2d3f67000-7fe2d3f6d000 r--p 00013000 08:05 534536                     /usr/lib/x86_64-linux-gnu/libz.so.1.2.11
7fe2d3f6d000-7fe2d3f6e000 ---p 00019000 08:05 534536                     /usr/lib/x86_64-linux-gnu/libz.so.1.2.11
7fe2d3f6e000-7fe2d3f6f000 r--p 00019000 08:05 534536                     /usr/lib/x86_64-linux-gnu/libz.so.1.2.11
7fe2d3f6f000-7fe2d3f70000 rw-p 0001a000 08:05 534536                     /usr/lib/x86_64-linux-gnu/libz.so.1.2.11
7fe2d3f70000-7fe2d3f95000 r--p 00000000 08:05 533220                     /usr/lib/x86_64-linux-gnu/libc-2.31.so
7fe2d3f95000-7fe2d410d000 r-xp 00025000 08:05 533220                     /usr/lib/x86_64-linux-gnu/libc-2.31.so
7fe2d410d000-7fe2d4157000 r--p 0019d000 08:05 533220                     /usr/lib/x86_64-linux-gnu/libc-2.31.so
7fe2d4157000-7fe2d4158000 ---p 001e7000 08:05 533220                     /usr/lib/x86_64-linux-gnu/libc-2.31.so
7fe2d4158000-7fe2d415b000 r--p 001e7000 08:05 533220                     /usr/lib/x86_64-linux-gnu/libc-2.31.so
7fe2d415b000-7fe2d415e000 rw-p 001ea000 08:05 533220                     /usr/lib/x86_64-linux-gnu/libc-2.31.so
7fe2d415e000-7fe2d4162000 rw-p 00000000 00:00 0 
7fe2d4162000-7fe2d4163000 r--p 00000000 08:05 656448                     /usr/lib/jvm/java-11-openjdk-amd64/lib/libextnet.so
7fe2d4163000-7fe2d4164000 r-xp 00001000 08:05 656448                     /usr/lib/jvm/java-11-openjdk-amd64/lib/libextnet.so
7fe2d4164000-7fe2d4165000 r--p 00002000 08:05 656448                     /usr/lib/jvm/java-11-openjdk-amd64/lib/libextnet.so
7fe2d4165000-7fe2d4166000 r--p 00002000 08:05 656448                     /usr/lib/jvm/java-11-openjdk-amd64/lib/libextnet.so
7fe2d4166000-7fe2d4167000 rw-p 00003000 08:05 656448                     /usr/lib/jvm/java-11-openjdk-amd64/lib/libextnet.so
7fe2d4167000-7fe2d4168000 ---p 00000000 00:00 0 
7fe2d4168000-7fe2d4169000 r--p 00000000 00:00 0 
7fe2d4169000-7fe2d416b000 r--p 00000000 08:05 656458                     /usr/lib/jvm/java-11-openjdk-amd64/lib/libjimage.so
7fe2d416b000-7fe2d416e000 r-xp 00002000 08:05 656458                     /usr/lib/jvm/java-11-openjdk-amd64/lib/libjimage.so
7fe2d416e000-7fe2d416f000 r--p 00005000 08:05 656458                     /usr/lib/jvm/java-11-openjdk-amd64/lib/libjimage.so
7fe2d416f000-7fe2d4170000 ---p 00006000 08:05 656458                     /usr/lib/jvm/java-11-openjdk-amd64/lib/libjimage.so
7fe2d4170000-7fe2d4171000 r--p 00006000 08:05 656458                     /usr/lib/jvm/java-11-openjdk-amd64/lib/libjimage.so
7fe2d4171000-7fe2d4172000 rw-p 00007000 08:05 656458                     /usr/lib/jvm/java-11-openjdk-amd64/lib/libjimage.so
7fe2d4172000-7fe2d4175000 r--p 00000000 08:05 656440                     /usr/lib/jvm/java-11-openjdk-amd64/lib/jli/libjli.so
7fe2d4175000-7fe2d417f000 r-xp 00003000 08:05 656440                     /usr/lib/jvm/java-11-openjdk-amd64/lib/jli/libjli.so
7fe2d417f000-7fe2d4182000 r--p 0000d000 08:05 656440                     /usr/lib/jvm/java-11-openjdk-amd64/lib/jli/libjli.so
7fe2d4182000-7fe2d4183000 ---p 00010000 08:05 656440                     /usr/lib/jvm/java-11-openjdk-amd64/lib/jli/libjli.so
7fe2d4183000-7fe2d4184000 r--p 00010000 08:05 656440                     /usr/lib/jvm/java-11-openjdk-amd64/lib/jli/libjli.so
7fe2d4184000-7fe2d4185000 rw-p 00011000 08:05 656440                     /usr/lib/jvm/java-11-openjdk-amd64/lib/jli/libjli.so
7fe2d4185000-7fe2d4187000 rw-p 00000000 00:00 0 
7fe2d4187000-7fe2d4188000 r--p 00000000 08:05 533006                     /usr/lib/x86_64-linux-gnu/ld-2.31.so
7fe2d4188000-7fe2d41ab000 r-xp 00001000 08:05 533006                     /usr/lib/x86_64-linux-gnu/ld-2.31.so
7fe2d41ab000-7fe2d41b3000 r--p 00024000 08:05 533006                     /usr/lib/x86_64-linux-gnu/ld-2.31.so
7fe2d41b4000-7fe2d41b5000 r--p 0002c000 08:05 533006                     /usr/lib/x86_64-linux-gnu/ld-2.31.so
7fe2d41b5000-7fe2d41b6000 rw-p 0002d000 08:05 533006                     /usr/lib/x86_64-linux-gnu/ld-2.31.so
7fe2d41b6000-7fe2d41b7000 rw-p 00000000 00:00 0 
7ffd8d6af000-7ffd8d6d0000 rw-p 00000000 00:00 0                          [stack]
7ffd8d709000-7ffd8d70d000 r--p 00000000 00:00 0                          [vvar]
7ffd8d70d000-7ffd8d70f000 r-xp 00000000 00:00 0                          [vdso]
ffffffffff600000-ffffffffff601000 --xp 00000000 00:00 0                  [vsyscall]


VM Arguments:
jvm_args: -Dclassworlds.conf=/usr/share/maven/bin/m2.conf -Dmaven.home=/usr/share/maven -Dlibrary.jansi.path=/usr/share/maven/lib/jansi-native -Dmaven.multiModuleProjectDirectory=/home/nets212/git/G16/news 
java_command: org.codehaus.plexus.classworlds.launcher.Launcher exec:java@livy
java_class_path (initial): /usr/share/maven/boot/plexus-classworlds-2.x.jar
Launcher Type: SUN_STANDARD

[Global flags]
     intx CICompilerCount                          = 2                                         {product} {ergonomic}
     uint ConcGCThreads                            = 1                                         {product} {ergonomic}
     uint G1ConcRefinementThreads                  = 2                                         {product} {ergonomic}
   size_t G1HeapRegionSize                         = 1048576                                   {product} {ergonomic}
    uintx GCDrainStackTargetSize                   = 64                                        {product} {ergonomic}
   size_t InitialHeapSize                          = 65011712                                  {product} {ergonomic}
   size_t MarkStackSize                            = 4194304                                   {product} {ergonomic}
   size_t MaxHeapSize                              = 1023410176                                {product} {ergonomic}
   size_t MaxNewSize                               = 613416960                                 {product} {ergonomic}
   size_t MinHeapDeltaBytes                        = 1048576                                   {product} {ergonomic}
    uintx NonNMethodCodeHeapSize                   = 5825164                                {pd product} {ergonomic}
    uintx NonProfiledCodeHeapSize                  = 122916538                              {pd product} {ergonomic}
    uintx ProfiledCodeHeapSize                     = 122916538                              {pd product} {ergonomic}
    uintx ReservedCodeCacheSize                    = 251658240                              {pd product} {ergonomic}
     bool SegmentedCodeCache                       = true                                      {product} {ergonomic}
     bool UseCompressedClassPointers               = true                                 {lp64_product} {ergonomic}
     bool UseCompressedOops                        = true                                 {lp64_product} {ergonomic}
     bool UseG1GC                                  = true                                      {product} {ergonomic}

Logging:
Log output configuration:
 #0: stdout all=warning uptime,level,tags
 #1: stderr all=off uptime,level,tags

Environment Variables:
PATH=/usr/local/sbin:/usr/local/bin:/usr/sbin:/usr/bin:/sbin:/bin:/usr/games:/usr/local/games:/snap/bin:/opt/spark/bin:/opt/spark/sbin
USERNAME=nets212
SHELL=/bin/bash
DISPLAY=:0
LANG=en_US.UTF-8

Signal Handlers:
SIGSEGV: [libjvm.so+0xe8ba00], sa_mask[0]=11111111011111111101111111111110, sa_flags=SA_RESTART|SA_SIGINFO
SIGBUS: [libjvm.so+0xe8ba00], sa_mask[0]=11111111011111111101111111111110, sa_flags=SA_RESTART|SA_SIGINFO
SIGFPE: [libjvm.so+0xe8ba00], sa_mask[0]=11111111011111111101111111111110, sa_flags=SA_RESTART|SA_SIGINFO
SIGPIPE: [libjvm.so+0xbd10f0], sa_mask[0]=11111111011111111101111111111110, sa_flags=SA_RESTART|SA_SIGINFO
SIGXFSZ: [libjvm.so+0xbd10f0], sa_mask[0]=11111111011111111101111111111110, sa_flags=SA_RESTART|SA_SIGINFO
SIGILL: [libjvm.so+0xe8ba00], sa_mask[0]=11111111011111111101111111111110, sa_flags=SA_RESTART|SA_SIGINFO
SIGUSR2: [libjvm.so+0xbd0f90], sa_mask[0]=00000000000000000000000000000000, sa_flags=SA_RESTART|SA_SIGINFO
SIGHUP: [libjvm.so+0xbd1430], sa_mask[0]=11111111011111111101111111111110, sa_flags=SA_RESTART|SA_SIGINFO
SIGINT: [libjvm.so+0xbd1430], sa_mask[0]=11111111011111111101111111111110, sa_flags=SA_RESTART|SA_SIGINFO
SIGTERM: [libjvm.so+0xbd1430], sa_mask[0]=11111111011111111101111111111110, sa_flags=SA_RESTART|SA_SIGINFO
SIGQUIT: [libjvm.so+0xbd1430], sa_mask[0]=11111111011111111101111111111110, sa_flags=SA_RESTART|SA_SIGINFO


---------------  S Y S T E M  ---------------

OS:DISTRIB_ID=Ubuntu
DISTRIB_RELEASE=20.04
DISTRIB_CODENAME=focal
DISTRIB_DESCRIPTION="Ubuntu 20.04.2 LTS"
uname:Linux 5.11.0-41-generic #45~20.04.1-Ubuntu SMP Wed Nov 10 10:20:10 UTC 2021 x86_64
OS uptime: 0 days 1:55 hours
libc:glibc 2.31 NPTL 2.31 
rlimit (soft/hard): STACK 8192k/infinity , CORE 0k/infinity , NPROC 15330/15330 , NOFILE 1048576/1048576 , AS infinity/infinity , CPU infinity/infinity , DATA infinity/infinity , FSIZE infinity/infinity , MEMLOCK 65536k/65536k
load average:0.66 0.92 1.72

/proc/meminfo:
MemTotal:        3990200 kB
MemFree:          202888 kB
MemAvailable:     246916 kB
Buffers:           12844 kB
Cached:           224536 kB
SwapCached:        61352 kB
Active:           621308 kB
Inactive:        2642092 kB
Active(anon):     476480 kB
Inactive(anon):  2564952 kB
Active(file):     144828 kB
Inactive(file):    77140 kB
Unevictable:          48 kB
Mlocked:              48 kB
SwapTotal:        945416 kB
SwapFree:           4488 kB
Dirty:               144 kB
Writeback:             0 kB
AnonPages:       2965228 kB
Mapped:           180964 kB
Shmem:             15292 kB
KReclaimable:      53364 kB
Slab:             135992 kB
SReclaimable:      53364 kB
SUnreclaim:        82628 kB
KernelStack:       15568 kB
PageTables:        43996 kB
NFS_Unstable:          0 kB
Bounce:                0 kB
WritebackTmp:          0 kB
CommitLimit:     2940516 kB
Committed_AS:    7192524 kB
VmallocTotal:   34359738367 kB
VmallocUsed:       63900 kB
VmallocChunk:          0 kB
Percpu:            88576 kB
HardwareCorrupted:     0 kB
AnonHugePages:         0 kB
ShmemHugePages:        0 kB
ShmemPmdMapped:        0 kB
FileHugePages:         0 kB
FilePmdMapped:         0 kB
HugePages_Total:       0
HugePages_Free:        0
HugePages_Rsvd:        0
HugePages_Surp:        0
Hugepagesize:       2048 kB
Hugetlb:               0 kB
DirectMap4k:      245568 kB
DirectMap2M:     3948544 kB
DirectMap1G:     2097152 kB

/sys/kernel/mm/transparent_hugepage/enabled:
always [madvise] never
/sys/kernel/mm/transparent_hugepage/defrag (defrag/compaction efforts parameter):
always defer defer+madvise [madvise] never

Process Memory:
Virtual Size: 3612512K (peak: 12388040K)
Resident Set Size: 330880K (peak: 335272K) (anon: 306788K, file: 24092K, shmem: 0K)
Swapped out: 0K
C-Heap outstanding allocations: 31930K

/proc/sys/kernel/threads-max (system-wide limit on the number of threads):
30661
/proc/sys/vm/max_map_count (maximum number of memory map areas a process may have):
65530
/proc/sys/kernel/pid_max (system-wide limit on number of process identifiers):
4194304

container (cgroup) information:
container_type: cgroupv1
cpu_cpuset_cpus: 0-1
cpu_memory_nodes: 0
active_processor_count: 2
cpu_quota: -1
cpu_period: 100000
cpu_shares: -1
memory_limit_in_bytes: -1
memory_and_swap_limit_in_bytes: -1
memory_soft_limit_in_bytes: -1
memory_usage_in_bytes: 3354271744
memory_max_usage_in_bytes: 3495419904

VMWare virtualization detected
Steal ticks since vm start: 0
Steal ticks percentage since vm start:  0.000

CPU:total 2 (initial active 2) (1 cores per cpu, 1 threads per core) family 23 model 113 stepping 0 microcode 0x8701021, cmov, cx8, fxsr, mmx, sse, sse2, sse3, ssse3, sse4.1, sse4.2, popcnt, avx, avx2, aes, clmul, mmxext, 3dnowpref, lzcnt, sse4a, tsc, tscinvbit, tscinv, bmi1, bmi2, adx
CPU Model and flags from /proc/cpuinfo:
model name	: AMD Ryzen 9 3900X 12-Core Processor
flags		: fpu vme de pse tsc msr pae mce cx8 apic sep mtrr pge mca cmov pat pse36 clflush mmx fxsr sse sse2 syscall nx mmxext fxsr_opt pdpe1gb rdtscp lm constant_tsc rep_good nopl tsc_reliable nonstop_tsc cpuid extd_apicid pni pclmulqdq ssse3 fma cx16 sse4_1 sse4_2 x2apic movbe popcnt aes xsave avx f16c rdrand hypervisor lahf_lm extapic cr8_legacy abm sse4a misalignsse 3dnowprefetch osvw ssbd ibpb vmmcall fsgsbase bmi1 avx2 smep bmi2 rdseed adx smap clflushopt clwb sha_ni xsaveopt xsavec xsaves clzero arat overflow_recov succor
Online cpus:
0-1
Offline cpus:
2-127
BIOS frequency limitation:
<Not Available>
Frequency switch latency (ns):
<Not Available>
Available cpu frequencies:
<Not Available>
Current governor:
<Not Available>
Core performance/turbo boost:
<Not Available>

Memory: 4k page, physical 3990200k(202888k free), swap 945416k(4488k free)

vm_info: OpenJDK 64-Bit Server VM (11.0.11+9-Ubuntu-0ubuntu2.20.04) for linux-amd64 JRE (11.0.11+9-Ubuntu-0ubuntu2.20.04), built on Apr 21 2021 09:15:32 by "unknown" with gcc 9.3.0

END.
